ARM GAS  /var/folders/6z/bj4rvlwn0mvdnknwnn42jd6r0000gn/T//ccUDM9AY.s 			page 1


   1              		.cpu cortex-m7
   2              		.arch armv7e-m
   3              		.fpu fpv5-d16
   4              		.eabi_attribute 28, 1
   5              		.eabi_attribute 20, 1
   6              		.eabi_attribute 21, 1
   7              		.eabi_attribute 23, 3
   8              		.eabi_attribute 24, 1
   9              		.eabi_attribute 25, 1
  10              		.eabi_attribute 26, 1
  11              		.eabi_attribute 30, 1
  12              		.eabi_attribute 34, 1
  13              		.eabi_attribute 18, 4
  14              		.file	"freertos.c"
  15              		.text
  16              	.Ltext0:
  17              		.cfi_sections	.debug_frame
  18              		.file 1 "Core/Src/freertos.c"
  19              		.section	.text.vApplicationGetIdleTaskMemory,"ax",%progbits
  20              		.align	1
  21              		.global	vApplicationGetIdleTaskMemory
  22              		.syntax unified
  23              		.thumb
  24              		.thumb_func
  26              	vApplicationGetIdleTaskMemory:
  27              	.LVL0:
  28              	.LFB149:
   1:Core/Src/freertos.c **** /* USER CODE BEGIN Header */
   2:Core/Src/freertos.c **** /**
   3:Core/Src/freertos.c ****   ******************************************************************************
   4:Core/Src/freertos.c ****   * File Name          : freertos.c
   5:Core/Src/freertos.c ****   * Description        : Code for freertos applications
   6:Core/Src/freertos.c ****   ******************************************************************************
   7:Core/Src/freertos.c ****   * @attention
   8:Core/Src/freertos.c ****   *
   9:Core/Src/freertos.c ****   * Copyright (c) 2025 STMicroelectronics.
  10:Core/Src/freertos.c ****   * All rights reserved.
  11:Core/Src/freertos.c ****   *
  12:Core/Src/freertos.c ****   * This software is licensed under terms that can be found in the LICENSE file
  13:Core/Src/freertos.c ****   * in the root directory of this software component.
  14:Core/Src/freertos.c ****   * If no LICENSE file comes with this software, it is provided AS-IS.
  15:Core/Src/freertos.c ****   *
  16:Core/Src/freertos.c ****   ******************************************************************************
  17:Core/Src/freertos.c ****   */
  18:Core/Src/freertos.c **** /* USER CODE END Header */
  19:Core/Src/freertos.c **** 
  20:Core/Src/freertos.c **** /* Includes ------------------------------------------------------------------*/
  21:Core/Src/freertos.c **** #include "FreeRTOS.h"
  22:Core/Src/freertos.c **** #include "task.h"
  23:Core/Src/freertos.c **** #include "main.h"
  24:Core/Src/freertos.c **** 
  25:Core/Src/freertos.c **** /* Private includes ----------------------------------------------------------*/
  26:Core/Src/freertos.c **** /* USER CODE BEGIN Includes */
  27:Core/Src/freertos.c **** 
  28:Core/Src/freertos.c **** /* USER CODE END Includes */
  29:Core/Src/freertos.c **** 
  30:Core/Src/freertos.c **** /* Private typedef -----------------------------------------------------------*/
ARM GAS  /var/folders/6z/bj4rvlwn0mvdnknwnn42jd6r0000gn/T//ccUDM9AY.s 			page 2


  31:Core/Src/freertos.c **** /* USER CODE BEGIN PTD */
  32:Core/Src/freertos.c **** 
  33:Core/Src/freertos.c **** /* USER CODE END PTD */
  34:Core/Src/freertos.c **** 
  35:Core/Src/freertos.c **** /* Private define ------------------------------------------------------------*/
  36:Core/Src/freertos.c **** /* USER CODE BEGIN PD */
  37:Core/Src/freertos.c **** 
  38:Core/Src/freertos.c **** /* USER CODE END PD */
  39:Core/Src/freertos.c **** 
  40:Core/Src/freertos.c **** /* Private macro -------------------------------------------------------------*/
  41:Core/Src/freertos.c **** /* USER CODE BEGIN PM */
  42:Core/Src/freertos.c **** 
  43:Core/Src/freertos.c **** /* USER CODE END PM */
  44:Core/Src/freertos.c **** 
  45:Core/Src/freertos.c **** /* Private variables ---------------------------------------------------------*/
  46:Core/Src/freertos.c **** /* USER CODE BEGIN Variables */
  47:Core/Src/freertos.c **** 
  48:Core/Src/freertos.c **** /* USER CODE END Variables */
  49:Core/Src/freertos.c **** 
  50:Core/Src/freertos.c **** /* Private function prototypes -----------------------------------------------*/
  51:Core/Src/freertos.c **** /* USER CODE BEGIN FunctionPrototypes */
  52:Core/Src/freertos.c **** 
  53:Core/Src/freertos.c **** /* USER CODE END FunctionPrototypes */
  54:Core/Src/freertos.c **** 
  55:Core/Src/freertos.c **** /* GetIdleTaskMemory prototype (linked to static allocation support) */
  56:Core/Src/freertos.c **** void vApplicationGetIdleTaskMemory( StaticTask_t **ppxIdleTaskTCBBuffer, StackType_t **ppxIdleTaskS
  57:Core/Src/freertos.c **** 
  58:Core/Src/freertos.c **** /* USER CODE BEGIN GET_IDLE_TASK_MEMORY */
  59:Core/Src/freertos.c **** static StaticTask_t xIdleTaskTCBBuffer;
  60:Core/Src/freertos.c **** static StackType_t xIdleStack[configMINIMAL_STACK_SIZE];
  61:Core/Src/freertos.c **** 
  62:Core/Src/freertos.c **** void vApplicationGetIdleTaskMemory( StaticTask_t **ppxIdleTaskTCBBuffer, StackType_t **ppxIdleTaskS
  63:Core/Src/freertos.c **** {
  29              		.loc 1 63 1 view -0
  30              		.cfi_startproc
  31              		@ args = 0, pretend = 0, frame = 0
  32              		@ frame_needed = 0, uses_anonymous_args = 0
  33              		@ link register save eliminated.
  64:Core/Src/freertos.c ****   *ppxIdleTaskTCBBuffer = &xIdleTaskTCBBuffer;
  34              		.loc 1 64 3 view .LVU1
  35              		.loc 1 64 25 is_stmt 0 view .LVU2
  36 0000 034B     		ldr	r3, .L2
  37 0002 0360     		str	r3, [r0]
  65:Core/Src/freertos.c ****   *ppxIdleTaskStackBuffer = &xIdleStack[0];
  38              		.loc 1 65 3 is_stmt 1 view .LVU3
  39              		.loc 1 65 27 is_stmt 0 view .LVU4
  40 0004 034B     		ldr	r3, .L2+4
  41 0006 0B60     		str	r3, [r1]
  66:Core/Src/freertos.c ****   *pulIdleTaskStackSize = configMINIMAL_STACK_SIZE;
  42              		.loc 1 66 3 is_stmt 1 view .LVU5
  43              		.loc 1 66 25 is_stmt 0 view .LVU6
  44 0008 8023     		movs	r3, #128
  45 000a 1360     		str	r3, [r2]
  67:Core/Src/freertos.c ****   /* place for user code */
  68:Core/Src/freertos.c **** }
  46              		.loc 1 68 1 view .LVU7
  47 000c 7047     		bx	lr
ARM GAS  /var/folders/6z/bj4rvlwn0mvdnknwnn42jd6r0000gn/T//ccUDM9AY.s 			page 3


  48              	.L3:
  49 000e 00BF     		.align	2
  50              	.L2:
  51 0010 00000000 		.word	xIdleTaskTCBBuffer
  52 0014 00000000 		.word	xIdleStack
  53              		.cfi_endproc
  54              	.LFE149:
  56              		.section	.bss.xIdleStack,"aw",%nobits
  57              		.align	2
  60              	xIdleStack:
  61 0000 00000000 		.space	512
  61      00000000 
  61      00000000 
  61      00000000 
  61      00000000 
  62              		.section	.bss.xIdleTaskTCBBuffer,"aw",%nobits
  63              		.align	2
  66              	xIdleTaskTCBBuffer:
  67 0000 00000000 		.space	84
  67      00000000 
  67      00000000 
  67      00000000 
  67      00000000 
  68              		.text
  69              	.Letext0:
  70              		.file 2 "/Applications/ArmGNUToolchain/14.3.rel1/arm-none-eabi/arm-none-eabi/include/machine/_defa
  71              		.file 3 "/Applications/ArmGNUToolchain/14.3.rel1/arm-none-eabi/arm-none-eabi/include/sys/_stdint.h
  72              		.file 4 "Middlewares/Third_Party/FreeRTOS/Source/portable/GCC/ARM_CM4F/portmacro.h"
  73              		.file 5 "Middlewares/Third_Party/FreeRTOS/Source/include/FreeRTOS.h"
ARM GAS  /var/folders/6z/bj4rvlwn0mvdnknwnn42jd6r0000gn/T//ccUDM9AY.s 			page 4


DEFINED SYMBOLS
                            *ABS*:00000000 freertos.c
/var/folders/6z/bj4rvlwn0mvdnknwnn42jd6r0000gn/T//ccUDM9AY.s:20     .text.vApplicationGetIdleTaskMemory:00000000 $t
/var/folders/6z/bj4rvlwn0mvdnknwnn42jd6r0000gn/T//ccUDM9AY.s:26     .text.vApplicationGetIdleTaskMemory:00000000 vApplicationGetIdleTaskMemory
/var/folders/6z/bj4rvlwn0mvdnknwnn42jd6r0000gn/T//ccUDM9AY.s:51     .text.vApplicationGetIdleTaskMemory:00000010 $d
/var/folders/6z/bj4rvlwn0mvdnknwnn42jd6r0000gn/T//ccUDM9AY.s:66     .bss.xIdleTaskTCBBuffer:00000000 xIdleTaskTCBBuffer
/var/folders/6z/bj4rvlwn0mvdnknwnn42jd6r0000gn/T//ccUDM9AY.s:60     .bss.xIdleStack:00000000 xIdleStack
/var/folders/6z/bj4rvlwn0mvdnknwnn42jd6r0000gn/T//ccUDM9AY.s:57     .bss.xIdleStack:00000000 $d
/var/folders/6z/bj4rvlwn0mvdnknwnn42jd6r0000gn/T//ccUDM9AY.s:63     .bss.xIdleTaskTCBBuffer:00000000 $d

NO UNDEFINED SYMBOLS
