ARM GAS  /var/folders/6z/bj4rvlwn0mvdnknwnn42jd6r0000gn/T//ccVb15NC.s 			page 1


   1              		.cpu cortex-m7
   2              		.arch armv7e-m
   3              		.fpu fpv5-d16
   4              		.eabi_attribute 28, 1
   5              		.eabi_attribute 20, 1
   6              		.eabi_attribute 21, 1
   7              		.eabi_attribute 23, 3
   8              		.eabi_attribute 24, 1
   9              		.eabi_attribute 25, 1
  10              		.eabi_attribute 26, 1
  11              		.eabi_attribute 30, 1
  12              		.eabi_attribute 34, 1
  13              		.eabi_attribute 18, 4
  14              		.file	"stm32h7xx_it.c"
  15              		.text
  16              	.Ltext0:
  17              		.cfi_sections	.debug_frame
  18              		.file 1 "Core/Src/stm32h7xx_it.c"
  19              		.section	.text.NMI_Handler,"ax",%progbits
  20              		.align	1
  21              		.global	NMI_Handler
  22              		.syntax unified
  23              		.thumb
  24              		.thumb_func
  26              	NMI_Handler:
  27              	.LFB144:
   1:Core/Src/stm32h7xx_it.c **** /* USER CODE BEGIN Header */
   2:Core/Src/stm32h7xx_it.c **** /**
   3:Core/Src/stm32h7xx_it.c ****  ******************************************************************************
   4:Core/Src/stm32h7xx_it.c ****  * @file    stm32h7xx_it.c
   5:Core/Src/stm32h7xx_it.c ****  * @brief   Interrupt Service Routines.
   6:Core/Src/stm32h7xx_it.c ****  ******************************************************************************
   7:Core/Src/stm32h7xx_it.c ****  * @attention
   8:Core/Src/stm32h7xx_it.c ****  *
   9:Core/Src/stm32h7xx_it.c ****  * Copyright (c) 2025 STMicroelectronics.
  10:Core/Src/stm32h7xx_it.c ****  * All rights reserved.
  11:Core/Src/stm32h7xx_it.c ****  *
  12:Core/Src/stm32h7xx_it.c ****  * This software is licensed under terms that can be found in the LICENSE file
  13:Core/Src/stm32h7xx_it.c ****  * in the root directory of this software component.
  14:Core/Src/stm32h7xx_it.c ****  * If no LICENSE file comes with this software, it is provided AS-IS.
  15:Core/Src/stm32h7xx_it.c ****  *
  16:Core/Src/stm32h7xx_it.c ****  ******************************************************************************
  17:Core/Src/stm32h7xx_it.c ****  */
  18:Core/Src/stm32h7xx_it.c **** /* USER CODE END Header */
  19:Core/Src/stm32h7xx_it.c **** 
  20:Core/Src/stm32h7xx_it.c **** /* Includes ------------------------------------------------------------------*/
  21:Core/Src/stm32h7xx_it.c **** #include "main.h"
  22:Core/Src/stm32h7xx_it.c **** #include "stm32h7xx_it.h"
  23:Core/Src/stm32h7xx_it.c **** /* Private includes ----------------------------------------------------------*/
  24:Core/Src/stm32h7xx_it.c **** /* USER CODE BEGIN Includes */
  25:Core/Src/stm32h7xx_it.c **** /* USER CODE END Includes */
  26:Core/Src/stm32h7xx_it.c **** 
  27:Core/Src/stm32h7xx_it.c **** /* Private typedef -----------------------------------------------------------*/
  28:Core/Src/stm32h7xx_it.c **** /* USER CODE BEGIN TD */
  29:Core/Src/stm32h7xx_it.c **** 
  30:Core/Src/stm32h7xx_it.c **** /* USER CODE END TD */
  31:Core/Src/stm32h7xx_it.c **** 
ARM GAS  /var/folders/6z/bj4rvlwn0mvdnknwnn42jd6r0000gn/T//ccVb15NC.s 			page 2


  32:Core/Src/stm32h7xx_it.c **** /* Private define ------------------------------------------------------------*/
  33:Core/Src/stm32h7xx_it.c **** /* USER CODE BEGIN PD */
  34:Core/Src/stm32h7xx_it.c **** 
  35:Core/Src/stm32h7xx_it.c **** /* USER CODE END PD */
  36:Core/Src/stm32h7xx_it.c **** 
  37:Core/Src/stm32h7xx_it.c **** /* Private macro -------------------------------------------------------------*/
  38:Core/Src/stm32h7xx_it.c **** /* USER CODE BEGIN PM */
  39:Core/Src/stm32h7xx_it.c **** 
  40:Core/Src/stm32h7xx_it.c **** /* USER CODE END PM */
  41:Core/Src/stm32h7xx_it.c **** 
  42:Core/Src/stm32h7xx_it.c **** /* Private variables ---------------------------------------------------------*/
  43:Core/Src/stm32h7xx_it.c **** /* USER CODE BEGIN PV */
  44:Core/Src/stm32h7xx_it.c **** 
  45:Core/Src/stm32h7xx_it.c **** /* USER CODE END PV */
  46:Core/Src/stm32h7xx_it.c **** 
  47:Core/Src/stm32h7xx_it.c **** /* Private function prototypes -----------------------------------------------*/
  48:Core/Src/stm32h7xx_it.c **** /* USER CODE BEGIN PFP */
  49:Core/Src/stm32h7xx_it.c **** 
  50:Core/Src/stm32h7xx_it.c **** /* USER CODE END PFP */
  51:Core/Src/stm32h7xx_it.c **** 
  52:Core/Src/stm32h7xx_it.c **** /* Private user code ---------------------------------------------------------*/
  53:Core/Src/stm32h7xx_it.c **** /* USER CODE BEGIN 0 */
  54:Core/Src/stm32h7xx_it.c **** 
  55:Core/Src/stm32h7xx_it.c **** /* USER CODE END 0 */
  56:Core/Src/stm32h7xx_it.c **** 
  57:Core/Src/stm32h7xx_it.c **** /* External variables --------------------------------------------------------*/
  58:Core/Src/stm32h7xx_it.c **** extern ETH_HandleTypeDef heth;
  59:Core/Src/stm32h7xx_it.c **** extern PCD_HandleTypeDef hpcd_USB_OTG_HS;
  60:Core/Src/stm32h7xx_it.c **** extern TIM_HandleTypeDef htim6;
  61:Core/Src/stm32h7xx_it.c **** 
  62:Core/Src/stm32h7xx_it.c **** /* USER CODE BEGIN EV */
  63:Core/Src/stm32h7xx_it.c **** 
  64:Core/Src/stm32h7xx_it.c **** /* USER CODE END EV */
  65:Core/Src/stm32h7xx_it.c **** 
  66:Core/Src/stm32h7xx_it.c **** /******************************************************************************/
  67:Core/Src/stm32h7xx_it.c **** /*           Cortex Processor Interruption and Exception Handlers          */
  68:Core/Src/stm32h7xx_it.c **** /******************************************************************************/
  69:Core/Src/stm32h7xx_it.c **** /**
  70:Core/Src/stm32h7xx_it.c ****  * @brief This function handles Non maskable interrupt.
  71:Core/Src/stm32h7xx_it.c ****  */
  72:Core/Src/stm32h7xx_it.c **** void NMI_Handler(void)
  73:Core/Src/stm32h7xx_it.c **** {
  28              		.loc 1 73 1 view -0
  29              		.cfi_startproc
  30              		@ Volatile: function does not return.
  31              		@ args = 0, pretend = 0, frame = 0
  32              		@ frame_needed = 0, uses_anonymous_args = 0
  33              		@ link register save eliminated.
  34              	.L2:
  74:Core/Src/stm32h7xx_it.c ****   /* USER CODE BEGIN NonMaskableInt_IRQn 0 */
  75:Core/Src/stm32h7xx_it.c **** 
  76:Core/Src/stm32h7xx_it.c ****   /* USER CODE END NonMaskableInt_IRQn 0 */
  77:Core/Src/stm32h7xx_it.c ****   /* USER CODE BEGIN NonMaskableInt_IRQn 1 */
  78:Core/Src/stm32h7xx_it.c ****   while (1)
  35              		.loc 1 78 3 view .LVU1
  79:Core/Src/stm32h7xx_it.c ****   {
  80:Core/Src/stm32h7xx_it.c ****   }
ARM GAS  /var/folders/6z/bj4rvlwn0mvdnknwnn42jd6r0000gn/T//ccVb15NC.s 			page 3


  36              		.loc 1 80 3 view .LVU2
  78:Core/Src/stm32h7xx_it.c ****   {
  37              		.loc 1 78 9 view .LVU3
  38 0000 FEE7     		b	.L2
  39              		.cfi_endproc
  40              	.LFE144:
  42              		.section	.text.HardFault_Handler,"ax",%progbits
  43              		.align	1
  44              		.global	HardFault_Handler
  45              		.syntax unified
  46              		.thumb
  47              		.thumb_func
  49              	HardFault_Handler:
  50              	.LFB145:
  81:Core/Src/stm32h7xx_it.c ****   /* USER CODE END NonMaskableInt_IRQn 1 */
  82:Core/Src/stm32h7xx_it.c **** }
  83:Core/Src/stm32h7xx_it.c **** 
  84:Core/Src/stm32h7xx_it.c **** /**
  85:Core/Src/stm32h7xx_it.c ****  * @brief This function handles Hard fault interrupt.
  86:Core/Src/stm32h7xx_it.c ****  */
  87:Core/Src/stm32h7xx_it.c **** void HardFault_Handler(void)
  88:Core/Src/stm32h7xx_it.c **** {
  51              		.loc 1 88 1 view -0
  52              		.cfi_startproc
  53              		@ Volatile: function does not return.
  54              		@ args = 0, pretend = 0, frame = 8
  55              		@ frame_needed = 0, uses_anonymous_args = 0
  56 0000 00B5     		push	{lr}
  57              	.LCFI0:
  58              		.cfi_def_cfa_offset 4
  59              		.cfi_offset 14, -4
  60 0002 83B0     		sub	sp, sp, #12
  61              	.LCFI1:
  62              		.cfi_def_cfa_offset 16
  63 0004 19E0     		b	.L8
  64              	.L5:
  65              	.LBB2:
  89:Core/Src/stm32h7xx_it.c ****   /* USER CODE BEGIN HardFault_IRQn 0 */
  90:Core/Src/stm32h7xx_it.c ****   // HardFault 発生時は高速LED点滅でデバッグ可能にする
  91:Core/Src/stm32h7xx_it.c ****   /* USER CODE END HardFault_IRQn 0 */
  92:Core/Src/stm32h7xx_it.c ****   while (1)
  93:Core/Src/stm32h7xx_it.c ****   {
  94:Core/Src/stm32h7xx_it.c ****     /* USER CODE BEGIN W1_HardFault_IRQn 0 */
  95:Core/Src/stm32h7xx_it.c ****     // LED点灯 (PD9/PD10 は Low で点灯)
  96:Core/Src/stm32h7xx_it.c ****     HAL_GPIO_WritePin(GPIOD, GPIO_PIN_9, GPIO_PIN_RESET);
  97:Core/Src/stm32h7xx_it.c ****     HAL_GPIO_WritePin(GPIOD, GPIO_PIN_10, GPIO_PIN_RESET);
  98:Core/Src/stm32h7xx_it.c ****     for (volatile uint32_t i = 0; i < 1000000; i++)
  66              		.loc 1 98 49 discriminator 3 view .LVU5
  67 0006 009B     		ldr	r3, [sp]
  68 0008 0133     		adds	r3, r3, #1
  69 000a 0093     		str	r3, [sp]
  70              	.L4:
  71              		.loc 1 98 37 discriminator 1 view .LVU6
  72 000c 009A     		ldr	r2, [sp]
  73 000e 154B     		ldr	r3, .L10
  74 0010 9A42     		cmp	r2, r3
  75 0012 F8D9     		bls	.L5
ARM GAS  /var/folders/6z/bj4rvlwn0mvdnknwnn42jd6r0000gn/T//ccVb15NC.s 			page 4


  76              	.LBE2:
  99:Core/Src/stm32h7xx_it.c ****       ; // 簡易ディレイ
 100:Core/Src/stm32h7xx_it.c **** 
 101:Core/Src/stm32h7xx_it.c ****     // LED消灯
 102:Core/Src/stm32h7xx_it.c ****     HAL_GPIO_WritePin(GPIOD, GPIO_PIN_9, GPIO_PIN_SET);
  77              		.loc 1 102 5 view .LVU7
  78 0014 144C     		ldr	r4, .L10+4
  79 0016 0122     		movs	r2, #1
  80 0018 4FF40071 		mov	r1, #512
  81 001c 2046     		mov	r0, r4
  82 001e FFF7FEFF 		bl	HAL_GPIO_WritePin
  83              	.LVL0:
 103:Core/Src/stm32h7xx_it.c ****     HAL_GPIO_WritePin(GPIOD, GPIO_PIN_10, GPIO_PIN_SET);
  84              		.loc 1 103 5 view .LVU8
  85 0022 0122     		movs	r2, #1
  86 0024 4FF48061 		mov	r1, #1024
  87 0028 2046     		mov	r0, r4
  88 002a FFF7FEFF 		bl	HAL_GPIO_WritePin
  89              	.LVL1:
 104:Core/Src/stm32h7xx_it.c ****     for (volatile uint32_t i = 0; i < 1000000; i++)
  90              		.loc 1 104 5 view .LVU9
  91              	.LBB3:
  92              		.loc 1 104 10 view .LVU10
  93              		.loc 1 104 28 is_stmt 0 view .LVU11
  94 002e 0023     		movs	r3, #0
  95 0030 0193     		str	r3, [sp, #4]
  96              	.L6:
  97              		.loc 1 104 37 is_stmt 1 discriminator 1 view .LVU12
  98 0032 019A     		ldr	r2, [sp, #4]
  99 0034 0B4B     		ldr	r3, .L10
 100 0036 9A42     		cmp	r2, r3
 101 0038 0FD9     		bls	.L7
 102              	.L8:
 103              	.LBE3:
  92:Core/Src/stm32h7xx_it.c ****   {
 104              		.loc 1 92 3 view .LVU13
  96:Core/Src/stm32h7xx_it.c ****     HAL_GPIO_WritePin(GPIOD, GPIO_PIN_10, GPIO_PIN_RESET);
 105              		.loc 1 96 5 view .LVU14
 106 003a 0B4C     		ldr	r4, .L10+4
 107 003c 0022     		movs	r2, #0
 108 003e 4FF40071 		mov	r1, #512
 109 0042 2046     		mov	r0, r4
 110 0044 FFF7FEFF 		bl	HAL_GPIO_WritePin
 111              	.LVL2:
  97:Core/Src/stm32h7xx_it.c ****     for (volatile uint32_t i = 0; i < 1000000; i++)
 112              		.loc 1 97 5 view .LVU15
 113 0048 0022     		movs	r2, #0
 114 004a 4FF48061 		mov	r1, #1024
 115 004e 2046     		mov	r0, r4
 116 0050 FFF7FEFF 		bl	HAL_GPIO_WritePin
 117              	.LVL3:
  98:Core/Src/stm32h7xx_it.c ****       ; // 簡易ディレイ
 118              		.loc 1 98 5 view .LVU16
 119              	.LBB4:
  98:Core/Src/stm32h7xx_it.c ****       ; // 簡易ディレイ
 120              		.loc 1 98 10 view .LVU17
  98:Core/Src/stm32h7xx_it.c ****       ; // 簡易ディレイ
ARM GAS  /var/folders/6z/bj4rvlwn0mvdnknwnn42jd6r0000gn/T//ccVb15NC.s 			page 5


 121              		.loc 1 98 28 is_stmt 0 view .LVU18
 122 0054 0023     		movs	r3, #0
 123 0056 0093     		str	r3, [sp]
  98:Core/Src/stm32h7xx_it.c ****       ; // 簡易ディレイ
 124              		.loc 1 98 5 view .LVU19
 125 0058 D8E7     		b	.L4
 126              	.L7:
 127              	.LBE4:
 128              	.LBB5:
 129              		.loc 1 104 49 is_stmt 1 discriminator 3 view .LVU20
 130 005a 019B     		ldr	r3, [sp, #4]
 131 005c 0133     		adds	r3, r3, #1
 132 005e 0193     		str	r3, [sp, #4]
 133 0060 E7E7     		b	.L6
 134              	.L11:
 135 0062 00BF     		.align	2
 136              	.L10:
 137 0064 3F420F00 		.word	999999
 138 0068 000C0258 		.word	1476529152
 139              	.LBE5:
 140              		.cfi_endproc
 141              	.LFE145:
 143              		.section	.text.MemManage_Handler,"ax",%progbits
 144              		.align	1
 145              		.global	MemManage_Handler
 146              		.syntax unified
 147              		.thumb
 148              		.thumb_func
 150              	MemManage_Handler:
 151              	.LFB146:
 105:Core/Src/stm32h7xx_it.c ****       ; // 簡易ディレイ
 106:Core/Src/stm32h7xx_it.c ****     /* USER CODE END W1_HardFault_IRQn 0 */
 107:Core/Src/stm32h7xx_it.c ****   }
 108:Core/Src/stm32h7xx_it.c **** }
 109:Core/Src/stm32h7xx_it.c **** 
 110:Core/Src/stm32h7xx_it.c **** /**
 111:Core/Src/stm32h7xx_it.c ****  * @brief This function handles Memory management fault.
 112:Core/Src/stm32h7xx_it.c ****  */
 113:Core/Src/stm32h7xx_it.c **** void MemManage_Handler(void)
 114:Core/Src/stm32h7xx_it.c **** {
 152              		.loc 1 114 1 view -0
 153              		.cfi_startproc
 154              		@ Volatile: function does not return.
 155              		@ args = 0, pretend = 0, frame = 8
 156              		@ frame_needed = 0, uses_anonymous_args = 0
 157 0000 00B5     		push	{lr}
 158              	.LCFI2:
 159              		.cfi_def_cfa_offset 4
 160              		.cfi_offset 14, -4
 161 0002 83B0     		sub	sp, sp, #12
 162              	.LCFI3:
 163              		.cfi_def_cfa_offset 16
 164 0004 12E0     		b	.L17
 165              	.L14:
 166              	.LBB6:
 115:Core/Src/stm32h7xx_it.c ****   /* USER CODE BEGIN MemoryManagement_IRQn 0 */
 116:Core/Src/stm32h7xx_it.c ****   // MemManage Fault 発生時は LED1 のみ点滅
ARM GAS  /var/folders/6z/bj4rvlwn0mvdnknwnn42jd6r0000gn/T//ccVb15NC.s 			page 6


 117:Core/Src/stm32h7xx_it.c ****   /* USER CODE END MemoryManagement_IRQn 0 */
 118:Core/Src/stm32h7xx_it.c ****   while (1)
 119:Core/Src/stm32h7xx_it.c ****   {
 120:Core/Src/stm32h7xx_it.c ****     /* USER CODE BEGIN W1_MemoryManagement_IRQn 0 */
 121:Core/Src/stm32h7xx_it.c ****     HAL_GPIO_WritePin(GPIOD, GPIO_PIN_9, GPIO_PIN_RESET); // LED1 点灯
 122:Core/Src/stm32h7xx_it.c ****     for (volatile uint32_t i = 0; i < 500000; i++)
 167              		.loc 1 122 48 discriminator 3 view .LVU22
 168 0006 009B     		ldr	r3, [sp]
 169 0008 0133     		adds	r3, r3, #1
 170 000a 0093     		str	r3, [sp]
 171              	.L13:
 172              		.loc 1 122 37 discriminator 1 view .LVU23
 173 000c 009A     		ldr	r2, [sp]
 174 000e 0E4B     		ldr	r3, .L19
 175 0010 9A42     		cmp	r2, r3
 176 0012 F8D9     		bls	.L14
 177              	.LBE6:
 123:Core/Src/stm32h7xx_it.c ****       ;
 124:Core/Src/stm32h7xx_it.c ****     HAL_GPIO_WritePin(GPIOD, GPIO_PIN_9, GPIO_PIN_SET); // LED1 消灯
 178              		.loc 1 124 5 view .LVU24
 179 0014 0122     		movs	r2, #1
 180 0016 4FF40071 		mov	r1, #512
 181 001a 0C48     		ldr	r0, .L19+4
 182 001c FFF7FEFF 		bl	HAL_GPIO_WritePin
 183              	.LVL4:
 125:Core/Src/stm32h7xx_it.c ****     for (volatile uint32_t i = 0; i < 500000; i++)
 184              		.loc 1 125 5 view .LVU25
 185              	.LBB7:
 186              		.loc 1 125 10 view .LVU26
 187              		.loc 1 125 28 is_stmt 0 view .LVU27
 188 0020 0023     		movs	r3, #0
 189 0022 0193     		str	r3, [sp, #4]
 190              	.L15:
 191              		.loc 1 125 37 is_stmt 1 discriminator 1 view .LVU28
 192 0024 019A     		ldr	r2, [sp, #4]
 193 0026 084B     		ldr	r3, .L19
 194 0028 9A42     		cmp	r2, r3
 195 002a 08D9     		bls	.L16
 196              	.L17:
 197              	.LBE7:
 118:Core/Src/stm32h7xx_it.c ****   {
 198              		.loc 1 118 3 view .LVU29
 121:Core/Src/stm32h7xx_it.c ****     for (volatile uint32_t i = 0; i < 500000; i++)
 199              		.loc 1 121 5 view .LVU30
 200 002c 0022     		movs	r2, #0
 201 002e 4FF40071 		mov	r1, #512
 202 0032 0648     		ldr	r0, .L19+4
 203 0034 FFF7FEFF 		bl	HAL_GPIO_WritePin
 204              	.LVL5:
 122:Core/Src/stm32h7xx_it.c ****       ;
 205              		.loc 1 122 5 view .LVU31
 206              	.LBB8:
 122:Core/Src/stm32h7xx_it.c ****       ;
 207              		.loc 1 122 10 view .LVU32
 122:Core/Src/stm32h7xx_it.c ****       ;
 208              		.loc 1 122 28 is_stmt 0 view .LVU33
 209 0038 0023     		movs	r3, #0
ARM GAS  /var/folders/6z/bj4rvlwn0mvdnknwnn42jd6r0000gn/T//ccVb15NC.s 			page 7


 210 003a 0093     		str	r3, [sp]
 122:Core/Src/stm32h7xx_it.c ****       ;
 211              		.loc 1 122 5 view .LVU34
 212 003c E6E7     		b	.L13
 213              	.L16:
 214              	.LBE8:
 215              	.LBB9:
 216              		.loc 1 125 48 is_stmt 1 discriminator 3 view .LVU35
 217 003e 019B     		ldr	r3, [sp, #4]
 218 0040 0133     		adds	r3, r3, #1
 219 0042 0193     		str	r3, [sp, #4]
 220 0044 EEE7     		b	.L15
 221              	.L20:
 222 0046 00BF     		.align	2
 223              	.L19:
 224 0048 1FA10700 		.word	499999
 225 004c 000C0258 		.word	1476529152
 226              	.LBE9:
 227              		.cfi_endproc
 228              	.LFE146:
 230              		.section	.text.BusFault_Handler,"ax",%progbits
 231              		.align	1
 232              		.global	BusFault_Handler
 233              		.syntax unified
 234              		.thumb
 235              		.thumb_func
 237              	BusFault_Handler:
 238              	.LFB147:
 126:Core/Src/stm32h7xx_it.c ****       ;
 127:Core/Src/stm32h7xx_it.c ****     /* USER CODE END W1_MemoryManagement_IRQn 0 */
 128:Core/Src/stm32h7xx_it.c ****   }
 129:Core/Src/stm32h7xx_it.c **** }
 130:Core/Src/stm32h7xx_it.c **** 
 131:Core/Src/stm32h7xx_it.c **** /**
 132:Core/Src/stm32h7xx_it.c ****  * @brief This function handles Pre-fetch fault, memory access fault.
 133:Core/Src/stm32h7xx_it.c ****  */
 134:Core/Src/stm32h7xx_it.c **** void BusFault_Handler(void)
 135:Core/Src/stm32h7xx_it.c **** {
 239              		.loc 1 135 1 view -0
 240              		.cfi_startproc
 241              		@ Volatile: function does not return.
 242              		@ args = 0, pretend = 0, frame = 8
 243              		@ frame_needed = 0, uses_anonymous_args = 0
 244 0000 00B5     		push	{lr}
 245              	.LCFI4:
 246              		.cfi_def_cfa_offset 4
 247              		.cfi_offset 14, -4
 248 0002 83B0     		sub	sp, sp, #12
 249              	.LCFI5:
 250              		.cfi_def_cfa_offset 16
 251 0004 12E0     		b	.L26
 252              	.L23:
 253              	.LBB10:
 136:Core/Src/stm32h7xx_it.c ****   /* USER CODE BEGIN BusFault_IRQn 0 */
 137:Core/Src/stm32h7xx_it.c ****   // BusFault 発生時は LED2 のみ点滅
 138:Core/Src/stm32h7xx_it.c ****   /* USER CODE END BusFault_IRQn 0 */
 139:Core/Src/stm32h7xx_it.c ****   while (1)
ARM GAS  /var/folders/6z/bj4rvlwn0mvdnknwnn42jd6r0000gn/T//ccVb15NC.s 			page 8


 140:Core/Src/stm32h7xx_it.c ****   {
 141:Core/Src/stm32h7xx_it.c ****     /* USER CODE BEGIN W1_BusFault_IRQn 0 */
 142:Core/Src/stm32h7xx_it.c ****     HAL_GPIO_WritePin(GPIOD, GPIO_PIN_10, GPIO_PIN_RESET); // LED2 点灯
 143:Core/Src/stm32h7xx_it.c ****     for (volatile uint32_t i = 0; i < 500000; i++)
 254              		.loc 1 143 48 discriminator 3 view .LVU37
 255 0006 009B     		ldr	r3, [sp]
 256 0008 0133     		adds	r3, r3, #1
 257 000a 0093     		str	r3, [sp]
 258              	.L22:
 259              		.loc 1 143 37 discriminator 1 view .LVU38
 260 000c 009A     		ldr	r2, [sp]
 261 000e 0E4B     		ldr	r3, .L28
 262 0010 9A42     		cmp	r2, r3
 263 0012 F8D9     		bls	.L23
 264              	.LBE10:
 144:Core/Src/stm32h7xx_it.c ****       ;
 145:Core/Src/stm32h7xx_it.c ****     HAL_GPIO_WritePin(GPIOD, GPIO_PIN_10, GPIO_PIN_SET); // LED2 消灯
 265              		.loc 1 145 5 view .LVU39
 266 0014 0122     		movs	r2, #1
 267 0016 4FF48061 		mov	r1, #1024
 268 001a 0C48     		ldr	r0, .L28+4
 269 001c FFF7FEFF 		bl	HAL_GPIO_WritePin
 270              	.LVL6:
 146:Core/Src/stm32h7xx_it.c ****     for (volatile uint32_t i = 0; i < 500000; i++)
 271              		.loc 1 146 5 view .LVU40
 272              	.LBB11:
 273              		.loc 1 146 10 view .LVU41
 274              		.loc 1 146 28 is_stmt 0 view .LVU42
 275 0020 0023     		movs	r3, #0
 276 0022 0193     		str	r3, [sp, #4]
 277              	.L24:
 278              		.loc 1 146 37 is_stmt 1 discriminator 1 view .LVU43
 279 0024 019A     		ldr	r2, [sp, #4]
 280 0026 084B     		ldr	r3, .L28
 281 0028 9A42     		cmp	r2, r3
 282 002a 08D9     		bls	.L25
 283              	.L26:
 284              	.LBE11:
 139:Core/Src/stm32h7xx_it.c ****   {
 285              		.loc 1 139 3 view .LVU44
 142:Core/Src/stm32h7xx_it.c ****     for (volatile uint32_t i = 0; i < 500000; i++)
 286              		.loc 1 142 5 view .LVU45
 287 002c 0022     		movs	r2, #0
 288 002e 4FF48061 		mov	r1, #1024
 289 0032 0648     		ldr	r0, .L28+4
 290 0034 FFF7FEFF 		bl	HAL_GPIO_WritePin
 291              	.LVL7:
 143:Core/Src/stm32h7xx_it.c ****       ;
 292              		.loc 1 143 5 view .LVU46
 293              	.LBB12:
 143:Core/Src/stm32h7xx_it.c ****       ;
 294              		.loc 1 143 10 view .LVU47
 143:Core/Src/stm32h7xx_it.c ****       ;
 295              		.loc 1 143 28 is_stmt 0 view .LVU48
 296 0038 0023     		movs	r3, #0
 297 003a 0093     		str	r3, [sp]
 143:Core/Src/stm32h7xx_it.c ****       ;
ARM GAS  /var/folders/6z/bj4rvlwn0mvdnknwnn42jd6r0000gn/T//ccVb15NC.s 			page 9


 298              		.loc 1 143 5 view .LVU49
 299 003c E6E7     		b	.L22
 300              	.L25:
 301              	.LBE12:
 302              	.LBB13:
 303              		.loc 1 146 48 is_stmt 1 discriminator 3 view .LVU50
 304 003e 019B     		ldr	r3, [sp, #4]
 305 0040 0133     		adds	r3, r3, #1
 306 0042 0193     		str	r3, [sp, #4]
 307 0044 EEE7     		b	.L24
 308              	.L29:
 309 0046 00BF     		.align	2
 310              	.L28:
 311 0048 1FA10700 		.word	499999
 312 004c 000C0258 		.word	1476529152
 313              	.LBE13:
 314              		.cfi_endproc
 315              	.LFE147:
 317              		.section	.text.UsageFault_Handler,"ax",%progbits
 318              		.align	1
 319              		.global	UsageFault_Handler
 320              		.syntax unified
 321              		.thumb
 322              		.thumb_func
 324              	UsageFault_Handler:
 325              	.LFB148:
 147:Core/Src/stm32h7xx_it.c ****       ;
 148:Core/Src/stm32h7xx_it.c ****     /* USER CODE END W1_BusFault_IRQn 0 */
 149:Core/Src/stm32h7xx_it.c ****   }
 150:Core/Src/stm32h7xx_it.c **** }
 151:Core/Src/stm32h7xx_it.c **** 
 152:Core/Src/stm32h7xx_it.c **** /**
 153:Core/Src/stm32h7xx_it.c ****  * @brief This function handles Undefined instruction or illegal state.
 154:Core/Src/stm32h7xx_it.c ****  */
 155:Core/Src/stm32h7xx_it.c **** void UsageFault_Handler(void)
 156:Core/Src/stm32h7xx_it.c **** {
 326              		.loc 1 156 1 view -0
 327              		.cfi_startproc
 328              		@ Volatile: function does not return.
 329              		@ args = 0, pretend = 0, frame = 8
 330              		@ frame_needed = 0, uses_anonymous_args = 0
 331 0000 00B5     		push	{lr}
 332              	.LCFI6:
 333              		.cfi_def_cfa_offset 4
 334              		.cfi_offset 14, -4
 335 0002 83B0     		sub	sp, sp, #12
 336              	.LCFI7:
 337              		.cfi_def_cfa_offset 16
 338 0004 19E0     		b	.L35
 339              	.L32:
 340              	.LBB14:
 157:Core/Src/stm32h7xx_it.c ****   /* USER CODE BEGIN UsageFault_IRQn 0 */
 158:Core/Src/stm32h7xx_it.c ****   // UsageFault 発生時は交互点滅
 159:Core/Src/stm32h7xx_it.c ****   /* USER CODE END UsageFault_IRQn 0 */
 160:Core/Src/stm32h7xx_it.c ****   while (1)
 161:Core/Src/stm32h7xx_it.c ****   {
 162:Core/Src/stm32h7xx_it.c ****     /* USER CODE BEGIN W1_UsageFault_IRQn 0 */
ARM GAS  /var/folders/6z/bj4rvlwn0mvdnknwnn42jd6r0000gn/T//ccVb15NC.s 			page 10


 163:Core/Src/stm32h7xx_it.c ****     HAL_GPIO_WritePin(GPIOD, GPIO_PIN_9, GPIO_PIN_RESET); // LED1 点灯
 164:Core/Src/stm32h7xx_it.c ****     HAL_GPIO_WritePin(GPIOD, GPIO_PIN_10, GPIO_PIN_SET);  // LED2 消灯
 165:Core/Src/stm32h7xx_it.c ****     for (volatile uint32_t i = 0; i < 500000; i++)
 341              		.loc 1 165 48 discriminator 3 view .LVU52
 342 0006 009B     		ldr	r3, [sp]
 343 0008 0133     		adds	r3, r3, #1
 344 000a 0093     		str	r3, [sp]
 345              	.L31:
 346              		.loc 1 165 37 discriminator 1 view .LVU53
 347 000c 009A     		ldr	r2, [sp]
 348 000e 154B     		ldr	r3, .L37
 349 0010 9A42     		cmp	r2, r3
 350 0012 F8D9     		bls	.L32
 351              	.LBE14:
 166:Core/Src/stm32h7xx_it.c ****       ;
 167:Core/Src/stm32h7xx_it.c ****     HAL_GPIO_WritePin(GPIOD, GPIO_PIN_9, GPIO_PIN_SET);    // LED1 消灯
 352              		.loc 1 167 5 view .LVU54
 353 0014 144C     		ldr	r4, .L37+4
 354 0016 0122     		movs	r2, #1
 355 0018 4FF40071 		mov	r1, #512
 356 001c 2046     		mov	r0, r4
 357 001e FFF7FEFF 		bl	HAL_GPIO_WritePin
 358              	.LVL8:
 168:Core/Src/stm32h7xx_it.c ****     HAL_GPIO_WritePin(GPIOD, GPIO_PIN_10, GPIO_PIN_RESET); // LED2 点灯
 359              		.loc 1 168 5 view .LVU55
 360 0022 0022     		movs	r2, #0
 361 0024 4FF48061 		mov	r1, #1024
 362 0028 2046     		mov	r0, r4
 363 002a FFF7FEFF 		bl	HAL_GPIO_WritePin
 364              	.LVL9:
 169:Core/Src/stm32h7xx_it.c ****     for (volatile uint32_t i = 0; i < 500000; i++)
 365              		.loc 1 169 5 view .LVU56
 366              	.LBB15:
 367              		.loc 1 169 10 view .LVU57
 368              		.loc 1 169 28 is_stmt 0 view .LVU58
 369 002e 0023     		movs	r3, #0
 370 0030 0193     		str	r3, [sp, #4]
 371              	.L33:
 372              		.loc 1 169 37 is_stmt 1 discriminator 1 view .LVU59
 373 0032 019A     		ldr	r2, [sp, #4]
 374 0034 0B4B     		ldr	r3, .L37
 375 0036 9A42     		cmp	r2, r3
 376 0038 0FD9     		bls	.L34
 377              	.L35:
 378              	.LBE15:
 160:Core/Src/stm32h7xx_it.c ****   {
 379              		.loc 1 160 3 view .LVU60
 163:Core/Src/stm32h7xx_it.c ****     HAL_GPIO_WritePin(GPIOD, GPIO_PIN_10, GPIO_PIN_SET);  // LED2 消灯
 380              		.loc 1 163 5 view .LVU61
 381 003a 0B4C     		ldr	r4, .L37+4
 382 003c 0022     		movs	r2, #0
 383 003e 4FF40071 		mov	r1, #512
 384 0042 2046     		mov	r0, r4
 385 0044 FFF7FEFF 		bl	HAL_GPIO_WritePin
 386              	.LVL10:
 164:Core/Src/stm32h7xx_it.c ****     for (volatile uint32_t i = 0; i < 500000; i++)
 387              		.loc 1 164 5 view .LVU62
ARM GAS  /var/folders/6z/bj4rvlwn0mvdnknwnn42jd6r0000gn/T//ccVb15NC.s 			page 11


 388 0048 0122     		movs	r2, #1
 389 004a 4FF48061 		mov	r1, #1024
 390 004e 2046     		mov	r0, r4
 391 0050 FFF7FEFF 		bl	HAL_GPIO_WritePin
 392              	.LVL11:
 165:Core/Src/stm32h7xx_it.c ****       ;
 393              		.loc 1 165 5 view .LVU63
 394              	.LBB16:
 165:Core/Src/stm32h7xx_it.c ****       ;
 395              		.loc 1 165 10 view .LVU64
 165:Core/Src/stm32h7xx_it.c ****       ;
 396              		.loc 1 165 28 is_stmt 0 view .LVU65
 397 0054 0023     		movs	r3, #0
 398 0056 0093     		str	r3, [sp]
 165:Core/Src/stm32h7xx_it.c ****       ;
 399              		.loc 1 165 5 view .LVU66
 400 0058 D8E7     		b	.L31
 401              	.L34:
 402              	.LBE16:
 403              	.LBB17:
 404              		.loc 1 169 48 is_stmt 1 discriminator 3 view .LVU67
 405 005a 019B     		ldr	r3, [sp, #4]
 406 005c 0133     		adds	r3, r3, #1
 407 005e 0193     		str	r3, [sp, #4]
 408 0060 E7E7     		b	.L33
 409              	.L38:
 410 0062 00BF     		.align	2
 411              	.L37:
 412 0064 1FA10700 		.word	499999
 413 0068 000C0258 		.word	1476529152
 414              	.LBE17:
 415              		.cfi_endproc
 416              	.LFE148:
 418              		.section	.text.DebugMon_Handler,"ax",%progbits
 419              		.align	1
 420              		.global	DebugMon_Handler
 421              		.syntax unified
 422              		.thumb
 423              		.thumb_func
 425              	DebugMon_Handler:
 426              	.LFB149:
 170:Core/Src/stm32h7xx_it.c ****       ;
 171:Core/Src/stm32h7xx_it.c ****     /* USER CODE END W1_UsageFault_IRQn 0 */
 172:Core/Src/stm32h7xx_it.c ****   }
 173:Core/Src/stm32h7xx_it.c **** }
 174:Core/Src/stm32h7xx_it.c **** 
 175:Core/Src/stm32h7xx_it.c **** /**
 176:Core/Src/stm32h7xx_it.c ****  * @brief This function handles Debug monitor.
 177:Core/Src/stm32h7xx_it.c ****  */
 178:Core/Src/stm32h7xx_it.c **** void DebugMon_Handler(void)
 179:Core/Src/stm32h7xx_it.c **** {
 427              		.loc 1 179 1 view -0
 428              		.cfi_startproc
 429              		@ args = 0, pretend = 0, frame = 0
 430              		@ frame_needed = 0, uses_anonymous_args = 0
 431              		@ link register save eliminated.
 180:Core/Src/stm32h7xx_it.c ****   /* USER CODE BEGIN DebugMonitor_IRQn 0 */
ARM GAS  /var/folders/6z/bj4rvlwn0mvdnknwnn42jd6r0000gn/T//ccVb15NC.s 			page 12


 181:Core/Src/stm32h7xx_it.c **** 
 182:Core/Src/stm32h7xx_it.c ****   /* USER CODE END DebugMonitor_IRQn 0 */
 183:Core/Src/stm32h7xx_it.c ****   /* USER CODE BEGIN DebugMonitor_IRQn 1 */
 184:Core/Src/stm32h7xx_it.c **** 
 185:Core/Src/stm32h7xx_it.c ****   /* USER CODE END DebugMonitor_IRQn 1 */
 186:Core/Src/stm32h7xx_it.c **** }
 432              		.loc 1 186 1 view .LVU69
 433 0000 7047     		bx	lr
 434              		.cfi_endproc
 435              	.LFE149:
 437              		.section	.text.TIM6_DAC_IRQHandler,"ax",%progbits
 438              		.align	1
 439              		.global	TIM6_DAC_IRQHandler
 440              		.syntax unified
 441              		.thumb
 442              		.thumb_func
 444              	TIM6_DAC_IRQHandler:
 445              	.LFB150:
 187:Core/Src/stm32h7xx_it.c **** 
 188:Core/Src/stm32h7xx_it.c **** /******************************************************************************/
 189:Core/Src/stm32h7xx_it.c **** /* STM32H7xx Peripheral Interrupt Handlers                                    */
 190:Core/Src/stm32h7xx_it.c **** /* Add here the Interrupt Handlers for the used peripherals.                  */
 191:Core/Src/stm32h7xx_it.c **** /* For the available peripheral interrupt handler names,                      */
 192:Core/Src/stm32h7xx_it.c **** /* please refer to the startup file (startup_stm32h7xx.s).                    */
 193:Core/Src/stm32h7xx_it.c **** /******************************************************************************/
 194:Core/Src/stm32h7xx_it.c **** 
 195:Core/Src/stm32h7xx_it.c **** /**
 196:Core/Src/stm32h7xx_it.c ****  * @brief This function handles TIM6 global interrupt, DAC1_CH1 and DAC1_CH2 underrun error interru
 197:Core/Src/stm32h7xx_it.c ****  */
 198:Core/Src/stm32h7xx_it.c **** void TIM6_DAC_IRQHandler(void)
 199:Core/Src/stm32h7xx_it.c **** {
 446              		.loc 1 199 1 view -0
 447              		.cfi_startproc
 448              		@ args = 0, pretend = 0, frame = 0
 449              		@ frame_needed = 0, uses_anonymous_args = 0
 450 0000 08B5     		push	{r3, lr}
 451              	.LCFI8:
 452              		.cfi_def_cfa_offset 8
 453              		.cfi_offset 3, -8
 454              		.cfi_offset 14, -4
 200:Core/Src/stm32h7xx_it.c ****   /* USER CODE BEGIN TIM6_DAC_IRQn 0 */
 201:Core/Src/stm32h7xx_it.c **** 
 202:Core/Src/stm32h7xx_it.c ****   /* USER CODE END TIM6_DAC_IRQn 0 */
 203:Core/Src/stm32h7xx_it.c ****   HAL_TIM_IRQHandler(&htim6);
 455              		.loc 1 203 3 view .LVU71
 456 0002 0248     		ldr	r0, .L42
 457 0004 FFF7FEFF 		bl	HAL_TIM_IRQHandler
 458              	.LVL12:
 204:Core/Src/stm32h7xx_it.c ****   /* USER CODE BEGIN TIM6_DAC_IRQn 1 */
 205:Core/Src/stm32h7xx_it.c **** 
 206:Core/Src/stm32h7xx_it.c ****   /* USER CODE END TIM6_DAC_IRQn 1 */
 207:Core/Src/stm32h7xx_it.c **** }
 459              		.loc 1 207 1 is_stmt 0 view .LVU72
 460 0008 08BD     		pop	{r3, pc}
 461              	.L43:
 462 000a 00BF     		.align	2
 463              	.L42:
ARM GAS  /var/folders/6z/bj4rvlwn0mvdnknwnn42jd6r0000gn/T//ccVb15NC.s 			page 13


 464 000c 00000000 		.word	htim6
 465              		.cfi_endproc
 466              	.LFE150:
 468              		.section	.text.ETH_IRQHandler,"ax",%progbits
 469              		.align	1
 470              		.global	ETH_IRQHandler
 471              		.syntax unified
 472              		.thumb
 473              		.thumb_func
 475              	ETH_IRQHandler:
 476              	.LFB151:
 208:Core/Src/stm32h7xx_it.c **** 
 209:Core/Src/stm32h7xx_it.c **** /* USER CODE BEGIN ETH_IRQ_COUNT */
 210:Core/Src/stm32h7xx_it.c **** volatile uint32_t eth_irq_count = 0; // ETH割り込みカウンタ（デバッグ用）
 211:Core/Src/stm32h7xx_it.c **** volatile uint32_t eth_dmasr = 0;     // DMA Status Register（デバッグ用）
 212:Core/Src/stm32h7xx_it.c **** /* USER CODE END ETH_IRQ_COUNT */
 213:Core/Src/stm32h7xx_it.c **** 
 214:Core/Src/stm32h7xx_it.c **** /**
 215:Core/Src/stm32h7xx_it.c ****  * @brief This function handles Ethernet global interrupt.
 216:Core/Src/stm32h7xx_it.c ****  */
 217:Core/Src/stm32h7xx_it.c **** void ETH_IRQHandler(void)
 218:Core/Src/stm32h7xx_it.c **** {
 477              		.loc 1 218 1 is_stmt 1 view -0
 478              		.cfi_startproc
 479              		@ args = 0, pretend = 0, frame = 0
 480              		@ frame_needed = 0, uses_anonymous_args = 0
 481 0000 08B5     		push	{r3, lr}
 482              	.LCFI9:
 483              		.cfi_def_cfa_offset 8
 484              		.cfi_offset 3, -8
 485              		.cfi_offset 14, -4
 219:Core/Src/stm32h7xx_it.c ****   /* USER CODE BEGIN ETH_IRQn 0 */
 220:Core/Src/stm32h7xx_it.c ****   eth_irq_count++;
 486              		.loc 1 220 3 view .LVU74
 487              		.loc 1 220 16 is_stmt 0 view .LVU75
 488 0002 074A     		ldr	r2, .L46
 489 0004 1368     		ldr	r3, [r2]
 490 0006 0133     		adds	r3, r3, #1
 491 0008 1360     		str	r3, [r2]
 221:Core/Src/stm32h7xx_it.c ****   // DMA Status Registerを保存（どの割り込みフラグが立っているか確認）
 222:Core/Src/stm32h7xx_it.c ****   eth_dmasr = heth.Instance->DMACSR;
 492              		.loc 1 222 3 is_stmt 1 view .LVU76
 493              		.loc 1 222 19 is_stmt 0 view .LVU77
 494 000a 0648     		ldr	r0, .L46+4
 495 000c 0368     		ldr	r3, [r0]
 496              		.loc 1 222 28 view .LVU78
 497 000e 03F58053 		add	r3, r3, #4096
 498 0012 D3F86021 		ldr	r2, [r3, #352]
 499              		.loc 1 222 13 view .LVU79
 500 0016 044B     		ldr	r3, .L46+8
 501 0018 1A60     		str	r2, [r3]
 223:Core/Src/stm32h7xx_it.c ****   /* USER CODE END ETH_IRQn 0 */
 224:Core/Src/stm32h7xx_it.c ****   HAL_ETH_IRQHandler(&heth);
 502              		.loc 1 224 3 is_stmt 1 view .LVU80
 503 001a FFF7FEFF 		bl	HAL_ETH_IRQHandler
 504              	.LVL13:
 225:Core/Src/stm32h7xx_it.c ****   /* USER CODE BEGIN ETH_IRQn 1 */
ARM GAS  /var/folders/6z/bj4rvlwn0mvdnknwnn42jd6r0000gn/T//ccVb15NC.s 			page 14


 226:Core/Src/stm32h7xx_it.c **** 
 227:Core/Src/stm32h7xx_it.c ****   /* USER CODE END ETH_IRQn 1 */
 228:Core/Src/stm32h7xx_it.c **** }
 505              		.loc 1 228 1 is_stmt 0 view .LVU81
 506 001e 08BD     		pop	{r3, pc}
 507              	.L47:
 508              		.align	2
 509              	.L46:
 510 0020 00000000 		.word	eth_irq_count
 511 0024 00000000 		.word	heth
 512 0028 00000000 		.word	eth_dmasr
 513              		.cfi_endproc
 514              	.LFE151:
 516              		.section	.text.OTG_HS_IRQHandler,"ax",%progbits
 517              		.align	1
 518              		.global	OTG_HS_IRQHandler
 519              		.syntax unified
 520              		.thumb
 521              		.thumb_func
 523              	OTG_HS_IRQHandler:
 524              	.LFB152:
 229:Core/Src/stm32h7xx_it.c **** 
 230:Core/Src/stm32h7xx_it.c **** /**
 231:Core/Src/stm32h7xx_it.c ****  * @brief This function handles USB On The Go HS global interrupt.
 232:Core/Src/stm32h7xx_it.c ****  */
 233:Core/Src/stm32h7xx_it.c **** void OTG_HS_IRQHandler(void)
 234:Core/Src/stm32h7xx_it.c **** {
 525              		.loc 1 234 1 is_stmt 1 view -0
 526              		.cfi_startproc
 527              		@ args = 0, pretend = 0, frame = 0
 528              		@ frame_needed = 0, uses_anonymous_args = 0
 529 0000 08B5     		push	{r3, lr}
 530              	.LCFI10:
 531              		.cfi_def_cfa_offset 8
 532              		.cfi_offset 3, -8
 533              		.cfi_offset 14, -4
 235:Core/Src/stm32h7xx_it.c ****   /* USER CODE BEGIN OTG_HS_IRQn 0 */
 236:Core/Src/stm32h7xx_it.c **** 
 237:Core/Src/stm32h7xx_it.c ****   /* USER CODE END OTG_HS_IRQn 0 */
 238:Core/Src/stm32h7xx_it.c ****   HAL_PCD_IRQHandler(&hpcd_USB_OTG_HS);
 534              		.loc 1 238 3 view .LVU83
 535 0002 0248     		ldr	r0, .L50
 536 0004 FFF7FEFF 		bl	HAL_PCD_IRQHandler
 537              	.LVL14:
 239:Core/Src/stm32h7xx_it.c ****   /* USER CODE BEGIN OTG_HS_IRQn 1 */
 240:Core/Src/stm32h7xx_it.c **** 
 241:Core/Src/stm32h7xx_it.c ****   /* USER CODE END OTG_HS_IRQn 1 */
 242:Core/Src/stm32h7xx_it.c **** }
 538              		.loc 1 242 1 is_stmt 0 view .LVU84
 539 0008 08BD     		pop	{r3, pc}
 540              	.L51:
 541 000a 00BF     		.align	2
 542              	.L50:
 543 000c 00000000 		.word	hpcd_USB_OTG_HS
 544              		.cfi_endproc
 545              	.LFE152:
 547              		.global	eth_dmasr
ARM GAS  /var/folders/6z/bj4rvlwn0mvdnknwnn42jd6r0000gn/T//ccVb15NC.s 			page 15


 548              		.section	.bss.eth_dmasr,"aw",%nobits
 549              		.align	2
 552              	eth_dmasr:
 553 0000 00000000 		.space	4
 554              		.global	eth_irq_count
 555              		.section	.bss.eth_irq_count,"aw",%nobits
 556              		.align	2
 559              	eth_irq_count:
 560 0000 00000000 		.space	4
 561              		.text
 562              	.Letext0:
 563              		.file 2 "/Applications/ArmGNUToolchain/14.3.rel1/arm-none-eabi/arm-none-eabi/include/machine/_defa
 564              		.file 3 "/Applications/ArmGNUToolchain/14.3.rel1/arm-none-eabi/arm-none-eabi/include/sys/_stdint.h
 565              		.file 4 "Drivers/CMSIS/Device/ST/STM32H7xx/Include/stm32h723xx.h"
 566              		.file 5 "Drivers/STM32H7xx_HAL_Driver/Inc/stm32h7xx_hal_def.h"
 567              		.file 6 "Drivers/STM32H7xx_HAL_Driver/Inc/stm32h7xx_hal_gpio.h"
 568              		.file 7 "Drivers/STM32H7xx_HAL_Driver/Inc/stm32h7xx_hal_dma.h"
 569              		.file 8 "Drivers/STM32H7xx_HAL_Driver/Inc/stm32h7xx_hal_eth.h"
 570              		.file 9 "Drivers/STM32H7xx_HAL_Driver/Inc/stm32h7xx_hal_tim.h"
 571              		.file 10 "Drivers/STM32H7xx_HAL_Driver/Inc/stm32h7xx_ll_usb.h"
 572              		.file 11 "Drivers/STM32H7xx_HAL_Driver/Inc/stm32h7xx_hal_pcd.h"
ARM GAS  /var/folders/6z/bj4rvlwn0mvdnknwnn42jd6r0000gn/T//ccVb15NC.s 			page 16


DEFINED SYMBOLS
                            *ABS*:00000000 stm32h7xx_it.c
/var/folders/6z/bj4rvlwn0mvdnknwnn42jd6r0000gn/T//ccVb15NC.s:20     .text.NMI_Handler:00000000 $t
/var/folders/6z/bj4rvlwn0mvdnknwnn42jd6r0000gn/T//ccVb15NC.s:26     .text.NMI_Handler:00000000 NMI_Handler
/var/folders/6z/bj4rvlwn0mvdnknwnn42jd6r0000gn/T//ccVb15NC.s:43     .text.HardFault_Handler:00000000 $t
/var/folders/6z/bj4rvlwn0mvdnknwnn42jd6r0000gn/T//ccVb15NC.s:49     .text.HardFault_Handler:00000000 HardFault_Handler
/var/folders/6z/bj4rvlwn0mvdnknwnn42jd6r0000gn/T//ccVb15NC.s:137    .text.HardFault_Handler:00000064 $d
/var/folders/6z/bj4rvlwn0mvdnknwnn42jd6r0000gn/T//ccVb15NC.s:144    .text.MemManage_Handler:00000000 $t
/var/folders/6z/bj4rvlwn0mvdnknwnn42jd6r0000gn/T//ccVb15NC.s:150    .text.MemManage_Handler:00000000 MemManage_Handler
/var/folders/6z/bj4rvlwn0mvdnknwnn42jd6r0000gn/T//ccVb15NC.s:224    .text.MemManage_Handler:00000048 $d
/var/folders/6z/bj4rvlwn0mvdnknwnn42jd6r0000gn/T//ccVb15NC.s:231    .text.BusFault_Handler:00000000 $t
/var/folders/6z/bj4rvlwn0mvdnknwnn42jd6r0000gn/T//ccVb15NC.s:237    .text.BusFault_Handler:00000000 BusFault_Handler
/var/folders/6z/bj4rvlwn0mvdnknwnn42jd6r0000gn/T//ccVb15NC.s:311    .text.BusFault_Handler:00000048 $d
/var/folders/6z/bj4rvlwn0mvdnknwnn42jd6r0000gn/T//ccVb15NC.s:318    .text.UsageFault_Handler:00000000 $t
/var/folders/6z/bj4rvlwn0mvdnknwnn42jd6r0000gn/T//ccVb15NC.s:324    .text.UsageFault_Handler:00000000 UsageFault_Handler
/var/folders/6z/bj4rvlwn0mvdnknwnn42jd6r0000gn/T//ccVb15NC.s:412    .text.UsageFault_Handler:00000064 $d
/var/folders/6z/bj4rvlwn0mvdnknwnn42jd6r0000gn/T//ccVb15NC.s:419    .text.DebugMon_Handler:00000000 $t
/var/folders/6z/bj4rvlwn0mvdnknwnn42jd6r0000gn/T//ccVb15NC.s:425    .text.DebugMon_Handler:00000000 DebugMon_Handler
/var/folders/6z/bj4rvlwn0mvdnknwnn42jd6r0000gn/T//ccVb15NC.s:438    .text.TIM6_DAC_IRQHandler:00000000 $t
/var/folders/6z/bj4rvlwn0mvdnknwnn42jd6r0000gn/T//ccVb15NC.s:444    .text.TIM6_DAC_IRQHandler:00000000 TIM6_DAC_IRQHandler
/var/folders/6z/bj4rvlwn0mvdnknwnn42jd6r0000gn/T//ccVb15NC.s:464    .text.TIM6_DAC_IRQHandler:0000000c $d
/var/folders/6z/bj4rvlwn0mvdnknwnn42jd6r0000gn/T//ccVb15NC.s:469    .text.ETH_IRQHandler:00000000 $t
/var/folders/6z/bj4rvlwn0mvdnknwnn42jd6r0000gn/T//ccVb15NC.s:475    .text.ETH_IRQHandler:00000000 ETH_IRQHandler
/var/folders/6z/bj4rvlwn0mvdnknwnn42jd6r0000gn/T//ccVb15NC.s:510    .text.ETH_IRQHandler:00000020 $d
/var/folders/6z/bj4rvlwn0mvdnknwnn42jd6r0000gn/T//ccVb15NC.s:559    .bss.eth_irq_count:00000000 eth_irq_count
/var/folders/6z/bj4rvlwn0mvdnknwnn42jd6r0000gn/T//ccVb15NC.s:552    .bss.eth_dmasr:00000000 eth_dmasr
/var/folders/6z/bj4rvlwn0mvdnknwnn42jd6r0000gn/T//ccVb15NC.s:517    .text.OTG_HS_IRQHandler:00000000 $t
/var/folders/6z/bj4rvlwn0mvdnknwnn42jd6r0000gn/T//ccVb15NC.s:523    .text.OTG_HS_IRQHandler:00000000 OTG_HS_IRQHandler
/var/folders/6z/bj4rvlwn0mvdnknwnn42jd6r0000gn/T//ccVb15NC.s:543    .text.OTG_HS_IRQHandler:0000000c $d
/var/folders/6z/bj4rvlwn0mvdnknwnn42jd6r0000gn/T//ccVb15NC.s:549    .bss.eth_dmasr:00000000 $d
/var/folders/6z/bj4rvlwn0mvdnknwnn42jd6r0000gn/T//ccVb15NC.s:556    .bss.eth_irq_count:00000000 $d

UNDEFINED SYMBOLS
HAL_GPIO_WritePin
HAL_TIM_IRQHandler
htim6
HAL_ETH_IRQHandler
heth
HAL_PCD_IRQHandler
hpcd_USB_OTG_HS
