ARM GAS  /var/folders/6z/bj4rvlwn0mvdnknwnn42jd6r0000gn/T//ccDjyT1r.s 			page 1


   1              		.cpu cortex-m7
   2              		.arch armv7e-m
   3              		.fpu fpv5-d16
   4              		.eabi_attribute 28, 1
   5              		.eabi_attribute 20, 1
   6              		.eabi_attribute 21, 1
   7              		.eabi_attribute 23, 3
   8              		.eabi_attribute 24, 1
   9              		.eabi_attribute 25, 1
  10              		.eabi_attribute 26, 1
  11              		.eabi_attribute 30, 1
  12              		.eabi_attribute 34, 1
  13              		.eabi_attribute 18, 4
  14              		.file	"sys_arch.c"
  15              		.text
  16              	.Ltext0:
  17              		.cfi_sections	.debug_frame
  18              		.file 1 "Middlewares/Third_Party/LwIP/system/OS/sys_arch.c"
  19              		.section	.text.sys_mbox_new,"ax",%progbits
  20              		.align	1
  21              		.global	sys_mbox_new
  22              		.syntax unified
  23              		.thumb
  24              		.thumb_func
  26              	sys_mbox_new:
  27              	.LVL0:
  28              	.LFB175:
   1:Middlewares/Third_Party/LwIP/system/OS/sys_arch.c **** /*
   2:Middlewares/Third_Party/LwIP/system/OS/sys_arch.c ****  * Copyright (c) 2001-2003 Swedish Institute of Computer Science.
   3:Middlewares/Third_Party/LwIP/system/OS/sys_arch.c ****  * All rights reserved.
   4:Middlewares/Third_Party/LwIP/system/OS/sys_arch.c ****  *
   5:Middlewares/Third_Party/LwIP/system/OS/sys_arch.c ****  * Redistribution and use in source and binary forms, with or without modification,
   6:Middlewares/Third_Party/LwIP/system/OS/sys_arch.c ****  * are permitted provided that the following conditions are met:
   7:Middlewares/Third_Party/LwIP/system/OS/sys_arch.c ****  *
   8:Middlewares/Third_Party/LwIP/system/OS/sys_arch.c ****  * 1. Redistributions of source code must retain the above copyright notice,
   9:Middlewares/Third_Party/LwIP/system/OS/sys_arch.c ****  *    this list of conditions and the following disclaimer.
  10:Middlewares/Third_Party/LwIP/system/OS/sys_arch.c ****  * 2. Redistributions in binary form must reproduce the above copyright notice,
  11:Middlewares/Third_Party/LwIP/system/OS/sys_arch.c ****  *    this list of conditions and the following disclaimer in the documentation
  12:Middlewares/Third_Party/LwIP/system/OS/sys_arch.c ****  *    and/or other materials provided with the distribution.
  13:Middlewares/Third_Party/LwIP/system/OS/sys_arch.c ****  * 3. The name of the author may not be used to endorse or promote products
  14:Middlewares/Third_Party/LwIP/system/OS/sys_arch.c ****  *    derived from this software without specific prior written permission.
  15:Middlewares/Third_Party/LwIP/system/OS/sys_arch.c ****  *
  16:Middlewares/Third_Party/LwIP/system/OS/sys_arch.c ****  * THIS SOFTWARE IS PROVIDED BY THE AUTHOR ``AS IS'' AND ANY EXPRESS OR IMPLIED
  17:Middlewares/Third_Party/LwIP/system/OS/sys_arch.c ****  * WARRANTIES, INCLUDING, BUT NOT LIMITED TO, THE IMPLIED WARRANTIES OF
  18:Middlewares/Third_Party/LwIP/system/OS/sys_arch.c ****  * MERCHANTABILITY AND FITNESS FOR A PARTICULAR PURPOSE ARE DISCLAIMED. IN NO EVENT
  19:Middlewares/Third_Party/LwIP/system/OS/sys_arch.c ****  * SHALL THE AUTHOR BE LIABLE FOR ANY DIRECT, INDIRECT, INCIDENTAL, SPECIAL,
  20:Middlewares/Third_Party/LwIP/system/OS/sys_arch.c ****  * EXEMPLARY, OR CONSEQUENTIAL DAMAGES (INCLUDING, BUT NOT LIMITED TO, PROCUREMENT
  21:Middlewares/Third_Party/LwIP/system/OS/sys_arch.c ****  * OF SUBSTITUTE GOODS OR SERVICES; LOSS OF USE, DATA, OR PROFITS; OR BUSINESS
  22:Middlewares/Third_Party/LwIP/system/OS/sys_arch.c ****  * INTERRUPTION) HOWEVER CAUSED AND ON ANY THEORY OF LIABILITY, WHETHER IN
  23:Middlewares/Third_Party/LwIP/system/OS/sys_arch.c ****  * CONTRACT, STRICT LIABILITY, OR TORT (INCLUDING NEGLIGENCE OR OTHERWISE) ARISING
  24:Middlewares/Third_Party/LwIP/system/OS/sys_arch.c ****  * IN ANY WAY OUT OF THE USE OF THIS SOFTWARE, EVEN IF ADVISED OF THE POSSIBILITY
  25:Middlewares/Third_Party/LwIP/system/OS/sys_arch.c ****  * OF SUCH DAMAGE.
  26:Middlewares/Third_Party/LwIP/system/OS/sys_arch.c ****  *
  27:Middlewares/Third_Party/LwIP/system/OS/sys_arch.c ****  * This file is part of the lwIP TCP/IP stack.
  28:Middlewares/Third_Party/LwIP/system/OS/sys_arch.c ****  *
  29:Middlewares/Third_Party/LwIP/system/OS/sys_arch.c ****  * Author: Adam Dunkels <adam@sics.se>
  30:Middlewares/Third_Party/LwIP/system/OS/sys_arch.c ****  *
ARM GAS  /var/folders/6z/bj4rvlwn0mvdnknwnn42jd6r0000gn/T//ccDjyT1r.s 			page 2


  31:Middlewares/Third_Party/LwIP/system/OS/sys_arch.c ****  */
  32:Middlewares/Third_Party/LwIP/system/OS/sys_arch.c **** 
  33:Middlewares/Third_Party/LwIP/system/OS/sys_arch.c **** /* lwIP includes. */
  34:Middlewares/Third_Party/LwIP/system/OS/sys_arch.c **** #include "lwip/debug.h"
  35:Middlewares/Third_Party/LwIP/system/OS/sys_arch.c **** #include "lwip/def.h"
  36:Middlewares/Third_Party/LwIP/system/OS/sys_arch.c **** #include "lwip/sys.h"
  37:Middlewares/Third_Party/LwIP/system/OS/sys_arch.c **** #include "lwip/mem.h"
  38:Middlewares/Third_Party/LwIP/system/OS/sys_arch.c **** #include "lwip/stats.h"
  39:Middlewares/Third_Party/LwIP/system/OS/sys_arch.c **** 
  40:Middlewares/Third_Party/LwIP/system/OS/sys_arch.c **** #if !NO_SYS
  41:Middlewares/Third_Party/LwIP/system/OS/sys_arch.c **** 
  42:Middlewares/Third_Party/LwIP/system/OS/sys_arch.c **** #include "cmsis_os.h"
  43:Middlewares/Third_Party/LwIP/system/OS/sys_arch.c **** 
  44:Middlewares/Third_Party/LwIP/system/OS/sys_arch.c **** #if defined(LWIP_PROVIDE_ERRNO)
  45:Middlewares/Third_Party/LwIP/system/OS/sys_arch.c **** int errno;
  46:Middlewares/Third_Party/LwIP/system/OS/sys_arch.c **** #endif
  47:Middlewares/Third_Party/LwIP/system/OS/sys_arch.c **** 
  48:Middlewares/Third_Party/LwIP/system/OS/sys_arch.c **** /*-----------------------------------------------------------------------------------*/
  49:Middlewares/Third_Party/LwIP/system/OS/sys_arch.c **** //  Creates an empty mailbox.
  50:Middlewares/Third_Party/LwIP/system/OS/sys_arch.c **** err_t sys_mbox_new(sys_mbox_t *mbox, int size)
  51:Middlewares/Third_Party/LwIP/system/OS/sys_arch.c **** {
  29              		.loc 1 51 1 view -0
  30              		.cfi_startproc
  31              		@ args = 0, pretend = 0, frame = 16
  32              		@ frame_needed = 0, uses_anonymous_args = 0
  33              		.loc 1 51 1 is_stmt 0 view .LVU1
  34 0000 10B5     		push	{r4, lr}
  35              	.LCFI0:
  36              		.cfi_def_cfa_offset 8
  37              		.cfi_offset 4, -8
  38              		.cfi_offset 14, -4
  39 0002 84B0     		sub	sp, sp, #16
  40              	.LCFI1:
  41              		.cfi_def_cfa_offset 24
  42 0004 0446     		mov	r4, r0
  52:Middlewares/Third_Party/LwIP/system/OS/sys_arch.c **** #if (osCMSIS < 0x20000U)
  53:Middlewares/Third_Party/LwIP/system/OS/sys_arch.c ****   osMessageQDef(QUEUE, size, void *);
  43              		.loc 1 53 3 is_stmt 1 view .LVU2
  44 0006 0091     		str	r1, [sp]
  45 0008 0423     		movs	r3, #4
  46 000a 0193     		str	r3, [sp, #4]
  47 000c 0021     		movs	r1, #0
  48              	.LVL1:
  49              		.loc 1 53 3 is_stmt 0 view .LVU3
  50 000e 0291     		str	r1, [sp, #8]
  51 0010 0391     		str	r1, [sp, #12]
  54:Middlewares/Third_Party/LwIP/system/OS/sys_arch.c ****   *mbox = osMessageCreate(osMessageQ(QUEUE), NULL);
  52              		.loc 1 54 3 is_stmt 1 view .LVU4
  53              		.loc 1 54 11 is_stmt 0 view .LVU5
  54 0012 6846     		mov	r0, sp
  55              	.LVL2:
  56              		.loc 1 54 11 view .LVU6
  57 0014 FFF7FEFF 		bl	osMessageCreate
  58              	.LVL3:
  59              		.loc 1 54 9 discriminator 1 view .LVU7
  60 0018 2060     		str	r0, [r4]
  55:Middlewares/Third_Party/LwIP/system/OS/sys_arch.c **** #else
ARM GAS  /var/folders/6z/bj4rvlwn0mvdnknwnn42jd6r0000gn/T//ccDjyT1r.s 			page 3


  56:Middlewares/Third_Party/LwIP/system/OS/sys_arch.c ****   *mbox = osMessageQueueNew(size, sizeof(void *), NULL);
  57:Middlewares/Third_Party/LwIP/system/OS/sys_arch.c **** #endif
  58:Middlewares/Third_Party/LwIP/system/OS/sys_arch.c **** #if SYS_STATS
  59:Middlewares/Third_Party/LwIP/system/OS/sys_arch.c ****   ++lwip_stats.sys.mbox.used;
  60:Middlewares/Third_Party/LwIP/system/OS/sys_arch.c ****   if(lwip_stats.sys.mbox.max < lwip_stats.sys.mbox.used)
  61:Middlewares/Third_Party/LwIP/system/OS/sys_arch.c ****   {
  62:Middlewares/Third_Party/LwIP/system/OS/sys_arch.c ****     lwip_stats.sys.mbox.max = lwip_stats.sys.mbox.used;
  63:Middlewares/Third_Party/LwIP/system/OS/sys_arch.c ****   }
  64:Middlewares/Third_Party/LwIP/system/OS/sys_arch.c **** #endif /* SYS_STATS */
  65:Middlewares/Third_Party/LwIP/system/OS/sys_arch.c ****   if(*mbox == NULL)
  61              		.loc 1 65 3 is_stmt 1 view .LVU8
  62              		.loc 1 65 5 is_stmt 0 view .LVU9
  63 001a 10B1     		cbz	r0, .L3
  66:Middlewares/Third_Party/LwIP/system/OS/sys_arch.c ****     return ERR_MEM;
  67:Middlewares/Third_Party/LwIP/system/OS/sys_arch.c **** 
  68:Middlewares/Third_Party/LwIP/system/OS/sys_arch.c ****   return ERR_OK;
  64              		.loc 1 68 10 view .LVU10
  65 001c 0020     		movs	r0, #0
  66              	.L2:
  69:Middlewares/Third_Party/LwIP/system/OS/sys_arch.c **** }
  67              		.loc 1 69 1 view .LVU11
  68 001e 04B0     		add	sp, sp, #16
  69              	.LCFI2:
  70              		.cfi_remember_state
  71              		.cfi_def_cfa_offset 8
  72              		@ sp needed
  73 0020 10BD     		pop	{r4, pc}
  74              	.LVL4:
  75              	.L3:
  76              	.LCFI3:
  77              		.cfi_restore_state
  66:Middlewares/Third_Party/LwIP/system/OS/sys_arch.c ****     return ERR_MEM;
  78              		.loc 1 66 12 view .LVU12
  79 0022 4FF0FF30 		mov	r0, #-1
  80 0026 FAE7     		b	.L2
  81              		.cfi_endproc
  82              	.LFE175:
  84              		.section	.text.sys_mbox_free,"ax",%progbits
  85              		.align	1
  86              		.global	sys_mbox_free
  87              		.syntax unified
  88              		.thumb
  89              		.thumb_func
  91              	sys_mbox_free:
  92              	.LVL5:
  93              	.LFB176:
  70:Middlewares/Third_Party/LwIP/system/OS/sys_arch.c **** 
  71:Middlewares/Third_Party/LwIP/system/OS/sys_arch.c **** /*-----------------------------------------------------------------------------------*/
  72:Middlewares/Third_Party/LwIP/system/OS/sys_arch.c **** /*
  73:Middlewares/Third_Party/LwIP/system/OS/sys_arch.c ****   Deallocates a mailbox. If there are messages still present in the
  74:Middlewares/Third_Party/LwIP/system/OS/sys_arch.c ****   mailbox when the mailbox is deallocated, it is an indication of a
  75:Middlewares/Third_Party/LwIP/system/OS/sys_arch.c ****   programming error in lwIP and the developer should be notified.
  76:Middlewares/Third_Party/LwIP/system/OS/sys_arch.c **** */
  77:Middlewares/Third_Party/LwIP/system/OS/sys_arch.c **** void sys_mbox_free(sys_mbox_t *mbox)
  78:Middlewares/Third_Party/LwIP/system/OS/sys_arch.c **** {
  94              		.loc 1 78 1 is_stmt 1 view -0
  95              		.cfi_startproc
ARM GAS  /var/folders/6z/bj4rvlwn0mvdnknwnn42jd6r0000gn/T//ccDjyT1r.s 			page 4


  96              		@ args = 0, pretend = 0, frame = 0
  97              		@ frame_needed = 0, uses_anonymous_args = 0
  98              		.loc 1 78 1 is_stmt 0 view .LVU14
  99 0000 10B5     		push	{r4, lr}
 100              	.LCFI4:
 101              		.cfi_def_cfa_offset 8
 102              		.cfi_offset 4, -8
 103              		.cfi_offset 14, -4
 104 0002 0446     		mov	r4, r0
  79:Middlewares/Third_Party/LwIP/system/OS/sys_arch.c **** #if (osCMSIS < 0x20000U)
  80:Middlewares/Third_Party/LwIP/system/OS/sys_arch.c ****   if(osMessageWaiting(*mbox))
 105              		.loc 1 80 3 is_stmt 1 view .LVU15
 106              		.loc 1 80 6 is_stmt 0 view .LVU16
 107 0004 0068     		ldr	r0, [r0]
 108              	.LVL6:
 109              		.loc 1 80 6 view .LVU17
 110 0006 FFF7FEFF 		bl	osMessageWaiting
 111              	.LVL7:
  81:Middlewares/Third_Party/LwIP/system/OS/sys_arch.c **** #else
  82:Middlewares/Third_Party/LwIP/system/OS/sys_arch.c ****   if(osMessageQueueGetCount(*mbox))
  83:Middlewares/Third_Party/LwIP/system/OS/sys_arch.c **** #endif
  84:Middlewares/Third_Party/LwIP/system/OS/sys_arch.c ****   {
  85:Middlewares/Third_Party/LwIP/system/OS/sys_arch.c ****     /* Line for breakpoint.  Should never break here! */
  86:Middlewares/Third_Party/LwIP/system/OS/sys_arch.c ****     portNOP();
 112              		.loc 1 86 14 is_stmt 1 view .LVU18
  87:Middlewares/Third_Party/LwIP/system/OS/sys_arch.c **** #if SYS_STATS
  88:Middlewares/Third_Party/LwIP/system/OS/sys_arch.c ****     lwip_stats.sys.mbox.err++;
  89:Middlewares/Third_Party/LwIP/system/OS/sys_arch.c **** #endif /* SYS_STATS */
  90:Middlewares/Third_Party/LwIP/system/OS/sys_arch.c **** 
  91:Middlewares/Third_Party/LwIP/system/OS/sys_arch.c ****   }
  92:Middlewares/Third_Party/LwIP/system/OS/sys_arch.c **** #if (osCMSIS < 0x20000U)
  93:Middlewares/Third_Party/LwIP/system/OS/sys_arch.c ****   osMessageDelete(*mbox);
 113              		.loc 1 93 3 view .LVU19
 114 000a 2068     		ldr	r0, [r4]
 115 000c FFF7FEFF 		bl	osMessageDelete
 116              	.LVL8:
  94:Middlewares/Third_Party/LwIP/system/OS/sys_arch.c **** #else
  95:Middlewares/Third_Party/LwIP/system/OS/sys_arch.c ****   osMessageQueueDelete(*mbox);
  96:Middlewares/Third_Party/LwIP/system/OS/sys_arch.c **** #endif
  97:Middlewares/Third_Party/LwIP/system/OS/sys_arch.c **** #if SYS_STATS
  98:Middlewares/Third_Party/LwIP/system/OS/sys_arch.c ****   --lwip_stats.sys.mbox.used;
  99:Middlewares/Third_Party/LwIP/system/OS/sys_arch.c **** #endif /* SYS_STATS */
 100:Middlewares/Third_Party/LwIP/system/OS/sys_arch.c **** }
 117              		.loc 1 100 1 is_stmt 0 view .LVU20
 118 0010 10BD     		pop	{r4, pc}
 119              		.loc 1 100 1 view .LVU21
 120              		.cfi_endproc
 121              	.LFE176:
 123              		.section	.text.sys_mbox_post,"ax",%progbits
 124              		.align	1
 125              		.global	sys_mbox_post
 126              		.syntax unified
 127              		.thumb
 128              		.thumb_func
 130              	sys_mbox_post:
 131              	.LVL9:
 132              	.LFB177:
ARM GAS  /var/folders/6z/bj4rvlwn0mvdnknwnn42jd6r0000gn/T//ccDjyT1r.s 			page 5


 101:Middlewares/Third_Party/LwIP/system/OS/sys_arch.c **** 
 102:Middlewares/Third_Party/LwIP/system/OS/sys_arch.c **** /*-----------------------------------------------------------------------------------*/
 103:Middlewares/Third_Party/LwIP/system/OS/sys_arch.c **** //   Posts the "msg" to the mailbox.
 104:Middlewares/Third_Party/LwIP/system/OS/sys_arch.c **** void sys_mbox_post(sys_mbox_t *mbox, void *data)
 105:Middlewares/Third_Party/LwIP/system/OS/sys_arch.c **** {
 133              		.loc 1 105 1 is_stmt 1 view -0
 134              		.cfi_startproc
 135              		@ args = 0, pretend = 0, frame = 0
 136              		@ frame_needed = 0, uses_anonymous_args = 0
 137              		.loc 1 105 1 is_stmt 0 view .LVU23
 138 0000 38B5     		push	{r3, r4, r5, lr}
 139              	.LCFI5:
 140              		.cfi_def_cfa_offset 16
 141              		.cfi_offset 3, -16
 142              		.cfi_offset 4, -12
 143              		.cfi_offset 5, -8
 144              		.cfi_offset 14, -4
 145 0002 0546     		mov	r5, r0
 146 0004 0C46     		mov	r4, r1
 106:Middlewares/Third_Party/LwIP/system/OS/sys_arch.c **** #if (osCMSIS < 0x20000U)
 107:Middlewares/Third_Party/LwIP/system/OS/sys_arch.c ****   while(osMessagePut(*mbox, (uint32_t)data, osWaitForever) != osOK);
 147              		.loc 1 107 3 is_stmt 1 view .LVU24
 148              	.LVL10:
 149              	.L8:
 150              		.loc 1 107 60 discriminator 1 view .LVU25
 151              		.loc 1 107 9 is_stmt 0 discriminator 1 view .LVU26
 152 0006 4FF0FF32 		mov	r2, #-1
 153 000a 2146     		mov	r1, r4
 154 000c 2868     		ldr	r0, [r5]
 155 000e FFF7FEFF 		bl	osMessagePut
 156              	.LVL11:
 157              		.loc 1 107 60 discriminator 1 view .LVU27
 158 0012 0028     		cmp	r0, #0
 159 0014 F7D1     		bne	.L8
 108:Middlewares/Third_Party/LwIP/system/OS/sys_arch.c **** #else
 109:Middlewares/Third_Party/LwIP/system/OS/sys_arch.c ****   while(osMessageQueuePut(*mbox, &data, 0, osWaitForever) != osOK);
 110:Middlewares/Third_Party/LwIP/system/OS/sys_arch.c **** #endif
 111:Middlewares/Third_Party/LwIP/system/OS/sys_arch.c **** }
 160              		.loc 1 111 1 view .LVU28
 161 0016 38BD     		pop	{r3, r4, r5, pc}
 162              		.loc 1 111 1 view .LVU29
 163              		.cfi_endproc
 164              	.LFE177:
 166              		.section	.text.sys_mbox_trypost,"ax",%progbits
 167              		.align	1
 168              		.global	sys_mbox_trypost
 169              		.syntax unified
 170              		.thumb
 171              		.thumb_func
 173              	sys_mbox_trypost:
 174              	.LVL12:
 175              	.LFB178:
 112:Middlewares/Third_Party/LwIP/system/OS/sys_arch.c **** 
 113:Middlewares/Third_Party/LwIP/system/OS/sys_arch.c **** 
 114:Middlewares/Third_Party/LwIP/system/OS/sys_arch.c **** /*-----------------------------------------------------------------------------------*/
 115:Middlewares/Third_Party/LwIP/system/OS/sys_arch.c **** //   Try to post the "msg" to the mailbox.
 116:Middlewares/Third_Party/LwIP/system/OS/sys_arch.c **** err_t sys_mbox_trypost(sys_mbox_t *mbox, void *msg)
ARM GAS  /var/folders/6z/bj4rvlwn0mvdnknwnn42jd6r0000gn/T//ccDjyT1r.s 			page 6


 117:Middlewares/Third_Party/LwIP/system/OS/sys_arch.c **** {
 176              		.loc 1 117 1 is_stmt 1 view -0
 177              		.cfi_startproc
 178              		@ args = 0, pretend = 0, frame = 0
 179              		@ frame_needed = 0, uses_anonymous_args = 0
 180              		.loc 1 117 1 is_stmt 0 view .LVU31
 181 0000 08B5     		push	{r3, lr}
 182              	.LCFI6:
 183              		.cfi_def_cfa_offset 8
 184              		.cfi_offset 3, -8
 185              		.cfi_offset 14, -4
 118:Middlewares/Third_Party/LwIP/system/OS/sys_arch.c ****   err_t result;
 186              		.loc 1 118 3 is_stmt 1 view .LVU32
 119:Middlewares/Third_Party/LwIP/system/OS/sys_arch.c **** #if (osCMSIS < 0x20000U)
 120:Middlewares/Third_Party/LwIP/system/OS/sys_arch.c ****   if(osMessagePut(*mbox, (uint32_t)msg, 0) == osOK)
 187              		.loc 1 120 3 view .LVU33
 188              		.loc 1 120 6 is_stmt 0 view .LVU34
 189 0002 0022     		movs	r2, #0
 190 0004 0068     		ldr	r0, [r0]
 191              	.LVL13:
 192              		.loc 1 120 6 view .LVU35
 193 0006 FFF7FEFF 		bl	osMessagePut
 194              	.LVL14:
 195              		.loc 1 120 5 discriminator 1 view .LVU36
 196 000a 00B9     		cbnz	r0, .L14
 197              	.L11:
 198              	.LVL15:
 121:Middlewares/Third_Party/LwIP/system/OS/sys_arch.c **** #else
 122:Middlewares/Third_Party/LwIP/system/OS/sys_arch.c ****   if(osMessageQueuePut(*mbox, &msg, 0, 0) == osOK)
 123:Middlewares/Third_Party/LwIP/system/OS/sys_arch.c **** #endif
 124:Middlewares/Third_Party/LwIP/system/OS/sys_arch.c ****   {
 125:Middlewares/Third_Party/LwIP/system/OS/sys_arch.c ****     result = ERR_OK;
 126:Middlewares/Third_Party/LwIP/system/OS/sys_arch.c ****   }
 127:Middlewares/Third_Party/LwIP/system/OS/sys_arch.c ****   else
 128:Middlewares/Third_Party/LwIP/system/OS/sys_arch.c ****   {
 129:Middlewares/Third_Party/LwIP/system/OS/sys_arch.c ****     // could not post, queue must be full
 130:Middlewares/Third_Party/LwIP/system/OS/sys_arch.c ****     result = ERR_MEM;
 131:Middlewares/Third_Party/LwIP/system/OS/sys_arch.c **** 
 132:Middlewares/Third_Party/LwIP/system/OS/sys_arch.c **** #if SYS_STATS
 133:Middlewares/Third_Party/LwIP/system/OS/sys_arch.c ****     lwip_stats.sys.mbox.err++;
 134:Middlewares/Third_Party/LwIP/system/OS/sys_arch.c **** #endif /* SYS_STATS */
 135:Middlewares/Third_Party/LwIP/system/OS/sys_arch.c ****   }
 136:Middlewares/Third_Party/LwIP/system/OS/sys_arch.c **** 
 137:Middlewares/Third_Party/LwIP/system/OS/sys_arch.c ****   return result;
 199              		.loc 1 137 3 is_stmt 1 view .LVU37
 138:Middlewares/Third_Party/LwIP/system/OS/sys_arch.c **** }
 200              		.loc 1 138 1 is_stmt 0 view .LVU38
 201 000c 08BD     		pop	{r3, pc}
 202              	.LVL16:
 203              	.L14:
 130:Middlewares/Third_Party/LwIP/system/OS/sys_arch.c **** 
 204              		.loc 1 130 12 view .LVU39
 205 000e 4FF0FF30 		mov	r0, #-1
 206 0012 FBE7     		b	.L11
 207              		.cfi_endproc
 208              	.LFE178:
 210              		.section	.text.sys_mbox_trypost_fromisr,"ax",%progbits
ARM GAS  /var/folders/6z/bj4rvlwn0mvdnknwnn42jd6r0000gn/T//ccDjyT1r.s 			page 7


 211              		.align	1
 212              		.global	sys_mbox_trypost_fromisr
 213              		.syntax unified
 214              		.thumb
 215              		.thumb_func
 217              	sys_mbox_trypost_fromisr:
 218              	.LVL17:
 219              	.LFB179:
 139:Middlewares/Third_Party/LwIP/system/OS/sys_arch.c **** 
 140:Middlewares/Third_Party/LwIP/system/OS/sys_arch.c **** 
 141:Middlewares/Third_Party/LwIP/system/OS/sys_arch.c **** /*-----------------------------------------------------------------------------------*/
 142:Middlewares/Third_Party/LwIP/system/OS/sys_arch.c **** //   Try to post the "msg" to the mailbox.
 143:Middlewares/Third_Party/LwIP/system/OS/sys_arch.c **** err_t sys_mbox_trypost_fromisr(sys_mbox_t *mbox, void *msg)
 144:Middlewares/Third_Party/LwIP/system/OS/sys_arch.c **** {
 220              		.loc 1 144 1 is_stmt 1 view -0
 221              		.cfi_startproc
 222              		@ args = 0, pretend = 0, frame = 0
 223              		@ frame_needed = 0, uses_anonymous_args = 0
 224              		.loc 1 144 1 is_stmt 0 view .LVU41
 225 0000 08B5     		push	{r3, lr}
 226              	.LCFI7:
 227              		.cfi_def_cfa_offset 8
 228              		.cfi_offset 3, -8
 229              		.cfi_offset 14, -4
 145:Middlewares/Third_Party/LwIP/system/OS/sys_arch.c ****   return sys_mbox_trypost(mbox, msg);
 230              		.loc 1 145 3 is_stmt 1 view .LVU42
 231              		.loc 1 145 10 is_stmt 0 view .LVU43
 232 0002 FFF7FEFF 		bl	sys_mbox_trypost
 233              	.LVL18:
 146:Middlewares/Third_Party/LwIP/system/OS/sys_arch.c **** }
 234              		.loc 1 146 1 view .LVU44
 235 0006 08BD     		pop	{r3, pc}
 236              		.cfi_endproc
 237              	.LFE179:
 239              		.section	.text.sys_arch_mbox_fetch,"ax",%progbits
 240              		.align	1
 241              		.global	sys_arch_mbox_fetch
 242              		.syntax unified
 243              		.thumb
 244              		.thumb_func
 246              	sys_arch_mbox_fetch:
 247              	.LVL19:
 248              	.LFB180:
 147:Middlewares/Third_Party/LwIP/system/OS/sys_arch.c **** 
 148:Middlewares/Third_Party/LwIP/system/OS/sys_arch.c **** /*-----------------------------------------------------------------------------------*/
 149:Middlewares/Third_Party/LwIP/system/OS/sys_arch.c **** /*
 150:Middlewares/Third_Party/LwIP/system/OS/sys_arch.c ****   Blocks the thread until a message arrives in the mailbox, but does
 151:Middlewares/Third_Party/LwIP/system/OS/sys_arch.c ****   not block the thread longer than "timeout" milliseconds (similar to
 152:Middlewares/Third_Party/LwIP/system/OS/sys_arch.c ****   the sys_arch_sem_wait() function). The "msg" argument is a result
 153:Middlewares/Third_Party/LwIP/system/OS/sys_arch.c ****   parameter that is set by the function (i.e., by doing "*msg =
 154:Middlewares/Third_Party/LwIP/system/OS/sys_arch.c ****   ptr"). The "msg" parameter maybe NULL to indicate that the message
 155:Middlewares/Third_Party/LwIP/system/OS/sys_arch.c ****   should be dropped.
 156:Middlewares/Third_Party/LwIP/system/OS/sys_arch.c **** 
 157:Middlewares/Third_Party/LwIP/system/OS/sys_arch.c ****   The return values are the same as for the sys_arch_sem_wait() function:
 158:Middlewares/Third_Party/LwIP/system/OS/sys_arch.c ****   Number of milliseconds spent waiting or SYS_ARCH_TIMEOUT if there was a
 159:Middlewares/Third_Party/LwIP/system/OS/sys_arch.c ****   timeout.
 160:Middlewares/Third_Party/LwIP/system/OS/sys_arch.c **** 
ARM GAS  /var/folders/6z/bj4rvlwn0mvdnknwnn42jd6r0000gn/T//ccDjyT1r.s 			page 8


 161:Middlewares/Third_Party/LwIP/system/OS/sys_arch.c ****   Note that a function with a similar name, sys_mbox_fetch(), is
 162:Middlewares/Third_Party/LwIP/system/OS/sys_arch.c ****   implemented by lwIP.
 163:Middlewares/Third_Party/LwIP/system/OS/sys_arch.c **** */
 164:Middlewares/Third_Party/LwIP/system/OS/sys_arch.c **** u32_t sys_arch_mbox_fetch(sys_mbox_t *mbox, void **msg, u32_t timeout)
 165:Middlewares/Third_Party/LwIP/system/OS/sys_arch.c **** {
 249              		.loc 1 165 1 is_stmt 1 view -0
 250              		.cfi_startproc
 251              		@ args = 0, pretend = 0, frame = 32
 252              		@ frame_needed = 0, uses_anonymous_args = 0
 253              		.loc 1 165 1 is_stmt 0 view .LVU46
 254 0000 F0B5     		push	{r4, r5, r6, r7, lr}
 255              	.LCFI8:
 256              		.cfi_def_cfa_offset 20
 257              		.cfi_offset 4, -20
 258              		.cfi_offset 5, -16
 259              		.cfi_offset 6, -12
 260              		.cfi_offset 7, -8
 261              		.cfi_offset 14, -4
 262 0002 89B0     		sub	sp, sp, #36
 263              	.LCFI9:
 264              		.cfi_def_cfa_offset 56
 265 0004 0546     		mov	r5, r0
 266 0006 0F46     		mov	r7, r1
 267 0008 1446     		mov	r4, r2
 166:Middlewares/Third_Party/LwIP/system/OS/sys_arch.c **** #if (osCMSIS < 0x20000U)
 167:Middlewares/Third_Party/LwIP/system/OS/sys_arch.c ****   osEvent event;
 268              		.loc 1 167 3 is_stmt 1 view .LVU47
 168:Middlewares/Third_Party/LwIP/system/OS/sys_arch.c ****   uint32_t starttime = osKernelSysTick();
 269              		.loc 1 168 3 view .LVU48
 270              		.loc 1 168 24 is_stmt 0 view .LVU49
 271 000a FFF7FEFF 		bl	osKernelSysTick
 272              	.LVL20:
 273              		.loc 1 168 24 view .LVU50
 274 000e 0646     		mov	r6, r0
 275              	.LVL21:
 169:Middlewares/Third_Party/LwIP/system/OS/sys_arch.c **** #else
 170:Middlewares/Third_Party/LwIP/system/OS/sys_arch.c ****   osStatus_t status;
 171:Middlewares/Third_Party/LwIP/system/OS/sys_arch.c ****   uint32_t starttime = osKernelGetTickCount();
 172:Middlewares/Third_Party/LwIP/system/OS/sys_arch.c **** #endif
 173:Middlewares/Third_Party/LwIP/system/OS/sys_arch.c ****   if(timeout != 0)
 276              		.loc 1 173 3 is_stmt 1 view .LVU51
 277              		.loc 1 173 5 is_stmt 0 view .LVU52
 278 0010 8CB1     		cbz	r4, .L18
 174:Middlewares/Third_Party/LwIP/system/OS/sys_arch.c ****   {
 175:Middlewares/Third_Party/LwIP/system/OS/sys_arch.c **** #if (osCMSIS < 0x20000U)
 176:Middlewares/Third_Party/LwIP/system/OS/sys_arch.c ****     event = osMessageGet (*mbox, timeout);
 279              		.loc 1 176 5 is_stmt 1 view .LVU53
 280              		.loc 1 176 13 is_stmt 0 view .LVU54
 281 0012 2246     		mov	r2, r4
 282 0014 2968     		ldr	r1, [r5]
 283 0016 05A8     		add	r0, sp, #20
 284              	.LVL22:
 285              		.loc 1 176 13 view .LVU55
 286 0018 FFF7FEFF 		bl	osMessageGet
 287              	.LVL23:
 177:Middlewares/Third_Party/LwIP/system/OS/sys_arch.c **** 
 178:Middlewares/Third_Party/LwIP/system/OS/sys_arch.c ****     if(event.status == osEventMessage)
ARM GAS  /var/folders/6z/bj4rvlwn0mvdnknwnn42jd6r0000gn/T//ccDjyT1r.s 			page 9


 288              		.loc 1 178 5 is_stmt 1 view .LVU56
 289              		.loc 1 178 13 is_stmt 0 view .LVU57
 290 001c 059B     		ldr	r3, [sp, #20]
 291              		.loc 1 178 7 view .LVU58
 292 001e 102B     		cmp	r3, #16
 293 0020 03D0     		beq	.L22
 179:Middlewares/Third_Party/LwIP/system/OS/sys_arch.c ****     {
 180:Middlewares/Third_Party/LwIP/system/OS/sys_arch.c ****       *msg = (void *)event.value.v;
 181:Middlewares/Third_Party/LwIP/system/OS/sys_arch.c ****       return (osKernelSysTick() - starttime);
 182:Middlewares/Third_Party/LwIP/system/OS/sys_arch.c ****     }
 183:Middlewares/Third_Party/LwIP/system/OS/sys_arch.c **** #else
 184:Middlewares/Third_Party/LwIP/system/OS/sys_arch.c ****     status = osMessageQueueGet(*mbox, msg, 0, timeout);
 185:Middlewares/Third_Party/LwIP/system/OS/sys_arch.c ****     if (status == osOK)
 186:Middlewares/Third_Party/LwIP/system/OS/sys_arch.c ****     {
 187:Middlewares/Third_Party/LwIP/system/OS/sys_arch.c ****       return (osKernelGetTickCount() - starttime);
 188:Middlewares/Third_Party/LwIP/system/OS/sys_arch.c ****     }
 189:Middlewares/Third_Party/LwIP/system/OS/sys_arch.c **** #endif
 190:Middlewares/Third_Party/LwIP/system/OS/sys_arch.c ****     else
 191:Middlewares/Third_Party/LwIP/system/OS/sys_arch.c ****     {
 192:Middlewares/Third_Party/LwIP/system/OS/sys_arch.c ****       return SYS_ARCH_TIMEOUT;
 294              		.loc 1 192 14 view .LVU59
 295 0022 4FF0FF30 		mov	r0, #-1
 296              	.L17:
 193:Middlewares/Third_Party/LwIP/system/OS/sys_arch.c ****     }
 194:Middlewares/Third_Party/LwIP/system/OS/sys_arch.c ****   }
 195:Middlewares/Third_Party/LwIP/system/OS/sys_arch.c ****   else
 196:Middlewares/Third_Party/LwIP/system/OS/sys_arch.c ****   {
 197:Middlewares/Third_Party/LwIP/system/OS/sys_arch.c **** #if (osCMSIS < 0x20000U)
 198:Middlewares/Third_Party/LwIP/system/OS/sys_arch.c ****     event = osMessageGet (*mbox, osWaitForever);
 199:Middlewares/Third_Party/LwIP/system/OS/sys_arch.c ****     *msg = (void *)event.value.v;
 200:Middlewares/Third_Party/LwIP/system/OS/sys_arch.c ****     return (osKernelSysTick() - starttime);
 201:Middlewares/Third_Party/LwIP/system/OS/sys_arch.c **** #else
 202:Middlewares/Third_Party/LwIP/system/OS/sys_arch.c ****     osMessageQueueGet(*mbox, msg, 0, osWaitForever );
 203:Middlewares/Third_Party/LwIP/system/OS/sys_arch.c ****     return (osKernelGetTickCount() - starttime);
 204:Middlewares/Third_Party/LwIP/system/OS/sys_arch.c **** #endif
 205:Middlewares/Third_Party/LwIP/system/OS/sys_arch.c ****   }
 206:Middlewares/Third_Party/LwIP/system/OS/sys_arch.c **** }
 297              		.loc 1 206 1 view .LVU60
 298 0026 09B0     		add	sp, sp, #36
 299              	.LCFI10:
 300              		.cfi_remember_state
 301              		.cfi_def_cfa_offset 20
 302              		@ sp needed
 303 0028 F0BD     		pop	{r4, r5, r6, r7, pc}
 304              	.LVL24:
 305              	.L22:
 306              	.LCFI11:
 307              		.cfi_restore_state
 180:Middlewares/Third_Party/LwIP/system/OS/sys_arch.c ****       return (osKernelSysTick() - starttime);
 308              		.loc 1 180 7 is_stmt 1 view .LVU61
 180:Middlewares/Third_Party/LwIP/system/OS/sys_arch.c ****       return (osKernelSysTick() - starttime);
 309              		.loc 1 180 33 is_stmt 0 view .LVU62
 310 002a 069B     		ldr	r3, [sp, #24]
 180:Middlewares/Third_Party/LwIP/system/OS/sys_arch.c ****       return (osKernelSysTick() - starttime);
 311              		.loc 1 180 12 view .LVU63
 312 002c 3B60     		str	r3, [r7]
 181:Middlewares/Third_Party/LwIP/system/OS/sys_arch.c ****     }
ARM GAS  /var/folders/6z/bj4rvlwn0mvdnknwnn42jd6r0000gn/T//ccDjyT1r.s 			page 10


 313              		.loc 1 181 7 is_stmt 1 view .LVU64
 181:Middlewares/Third_Party/LwIP/system/OS/sys_arch.c ****     }
 314              		.loc 1 181 15 is_stmt 0 view .LVU65
 315 002e FFF7FEFF 		bl	osKernelSysTick
 316              	.LVL25:
 181:Middlewares/Third_Party/LwIP/system/OS/sys_arch.c ****     }
 317              		.loc 1 181 33 discriminator 1 view .LVU66
 318 0032 801B     		subs	r0, r0, r6
 181:Middlewares/Third_Party/LwIP/system/OS/sys_arch.c ****     }
 319              		.loc 1 181 33 view .LVU67
 320 0034 F7E7     		b	.L17
 321              	.LVL26:
 322              	.L18:
 198:Middlewares/Third_Party/LwIP/system/OS/sys_arch.c ****     *msg = (void *)event.value.v;
 323              		.loc 1 198 5 is_stmt 1 view .LVU68
 198:Middlewares/Third_Party/LwIP/system/OS/sys_arch.c ****     *msg = (void *)event.value.v;
 324              		.loc 1 198 13 is_stmt 0 view .LVU69
 325 0036 4FF0FF32 		mov	r2, #-1
 326 003a 2968     		ldr	r1, [r5]
 327 003c 6846     		mov	r0, sp
 328              	.LVL27:
 198:Middlewares/Third_Party/LwIP/system/OS/sys_arch.c ****     *msg = (void *)event.value.v;
 329              		.loc 1 198 13 view .LVU70
 330 003e FFF7FEFF 		bl	osMessageGet
 331              	.LVL28:
 332 0042 9DE80700 		ldm	sp, {r0, r1, r2}
 333 0046 08AB     		add	r3, sp, #32
 334 0048 03E90700 		stmdb	r3, {r0, r1, r2}
 199:Middlewares/Third_Party/LwIP/system/OS/sys_arch.c ****     return (osKernelSysTick() - starttime);
 335              		.loc 1 199 5 is_stmt 1 view .LVU71
 199:Middlewares/Third_Party/LwIP/system/OS/sys_arch.c ****     return (osKernelSysTick() - starttime);
 336              		.loc 1 199 10 is_stmt 0 view .LVU72
 337 004c 3960     		str	r1, [r7]
 200:Middlewares/Third_Party/LwIP/system/OS/sys_arch.c **** #else
 338              		.loc 1 200 5 is_stmt 1 view .LVU73
 200:Middlewares/Third_Party/LwIP/system/OS/sys_arch.c **** #else
 339              		.loc 1 200 13 is_stmt 0 view .LVU74
 340 004e FFF7FEFF 		bl	osKernelSysTick
 341              	.LVL29:
 200:Middlewares/Third_Party/LwIP/system/OS/sys_arch.c **** #else
 342              		.loc 1 200 31 discriminator 1 view .LVU75
 343 0052 801B     		subs	r0, r0, r6
 200:Middlewares/Third_Party/LwIP/system/OS/sys_arch.c **** #else
 344              		.loc 1 200 31 view .LVU76
 345 0054 E7E7     		b	.L17
 346              		.cfi_endproc
 347              	.LFE180:
 349              		.section	.text.sys_arch_mbox_tryfetch,"ax",%progbits
 350              		.align	1
 351              		.global	sys_arch_mbox_tryfetch
 352              		.syntax unified
 353              		.thumb
 354              		.thumb_func
 356              	sys_arch_mbox_tryfetch:
 357              	.LVL30:
 358              	.LFB181:
 207:Middlewares/Third_Party/LwIP/system/OS/sys_arch.c **** 
ARM GAS  /var/folders/6z/bj4rvlwn0mvdnknwnn42jd6r0000gn/T//ccDjyT1r.s 			page 11


 208:Middlewares/Third_Party/LwIP/system/OS/sys_arch.c **** /*-----------------------------------------------------------------------------------*/
 209:Middlewares/Third_Party/LwIP/system/OS/sys_arch.c **** /*
 210:Middlewares/Third_Party/LwIP/system/OS/sys_arch.c ****   Similar to sys_arch_mbox_fetch, but if message is not ready immediately, we'll
 211:Middlewares/Third_Party/LwIP/system/OS/sys_arch.c ****   return with SYS_MBOX_EMPTY.  On success, 0 is returned.
 212:Middlewares/Third_Party/LwIP/system/OS/sys_arch.c **** */
 213:Middlewares/Third_Party/LwIP/system/OS/sys_arch.c **** u32_t sys_arch_mbox_tryfetch(sys_mbox_t *mbox, void **msg)
 214:Middlewares/Third_Party/LwIP/system/OS/sys_arch.c **** {
 359              		.loc 1 214 1 is_stmt 1 view -0
 360              		.cfi_startproc
 361              		@ args = 0, pretend = 0, frame = 16
 362              		@ frame_needed = 0, uses_anonymous_args = 0
 363              		.loc 1 214 1 is_stmt 0 view .LVU78
 364 0000 10B5     		push	{r4, lr}
 365              	.LCFI12:
 366              		.cfi_def_cfa_offset 8
 367              		.cfi_offset 4, -8
 368              		.cfi_offset 14, -4
 369 0002 84B0     		sub	sp, sp, #16
 370              	.LCFI13:
 371              		.cfi_def_cfa_offset 24
 372 0004 0C46     		mov	r4, r1
 215:Middlewares/Third_Party/LwIP/system/OS/sys_arch.c **** #if (osCMSIS < 0x20000U)
 216:Middlewares/Third_Party/LwIP/system/OS/sys_arch.c ****   osEvent event;
 373              		.loc 1 216 3 is_stmt 1 view .LVU79
 217:Middlewares/Third_Party/LwIP/system/OS/sys_arch.c **** 
 218:Middlewares/Third_Party/LwIP/system/OS/sys_arch.c ****   event = osMessageGet (*mbox, 0);
 374              		.loc 1 218 3 view .LVU80
 375              		.loc 1 218 11 is_stmt 0 view .LVU81
 376 0006 0022     		movs	r2, #0
 377 0008 0168     		ldr	r1, [r0]
 378              	.LVL31:
 379              		.loc 1 218 11 view .LVU82
 380 000a 01A8     		add	r0, sp, #4
 381              	.LVL32:
 382              		.loc 1 218 11 view .LVU83
 383 000c FFF7FEFF 		bl	osMessageGet
 384              	.LVL33:
 219:Middlewares/Third_Party/LwIP/system/OS/sys_arch.c **** 
 220:Middlewares/Third_Party/LwIP/system/OS/sys_arch.c ****   if(event.status == osEventMessage)
 385              		.loc 1 220 3 is_stmt 1 view .LVU84
 386              		.loc 1 220 11 is_stmt 0 view .LVU85
 387 0010 019B     		ldr	r3, [sp, #4]
 388              		.loc 1 220 5 view .LVU86
 389 0012 102B     		cmp	r3, #16
 390 0014 03D0     		beq	.L27
 221:Middlewares/Third_Party/LwIP/system/OS/sys_arch.c ****   {
 222:Middlewares/Third_Party/LwIP/system/OS/sys_arch.c ****     *msg = (void *)event.value.v;
 223:Middlewares/Third_Party/LwIP/system/OS/sys_arch.c **** #else
 224:Middlewares/Third_Party/LwIP/system/OS/sys_arch.c ****   if (osMessageQueueGet(*mbox, msg, 0, 0) == osOK)
 225:Middlewares/Third_Party/LwIP/system/OS/sys_arch.c ****   {
 226:Middlewares/Third_Party/LwIP/system/OS/sys_arch.c **** #endif
 227:Middlewares/Third_Party/LwIP/system/OS/sys_arch.c ****     return ERR_OK;
 228:Middlewares/Third_Party/LwIP/system/OS/sys_arch.c ****   }
 229:Middlewares/Third_Party/LwIP/system/OS/sys_arch.c ****   else
 230:Middlewares/Third_Party/LwIP/system/OS/sys_arch.c ****   {
 231:Middlewares/Third_Party/LwIP/system/OS/sys_arch.c ****     return SYS_MBOX_EMPTY;
 391              		.loc 1 231 12 view .LVU87
ARM GAS  /var/folders/6z/bj4rvlwn0mvdnknwnn42jd6r0000gn/T//ccDjyT1r.s 			page 12


 392 0016 4FF0FF30 		mov	r0, #-1
 393              	.L23:
 232:Middlewares/Third_Party/LwIP/system/OS/sys_arch.c ****   }
 233:Middlewares/Third_Party/LwIP/system/OS/sys_arch.c **** }
 394              		.loc 1 233 1 view .LVU88
 395 001a 04B0     		add	sp, sp, #16
 396              	.LCFI14:
 397              		.cfi_remember_state
 398              		.cfi_def_cfa_offset 8
 399              		@ sp needed
 400 001c 10BD     		pop	{r4, pc}
 401              	.LVL34:
 402              	.L27:
 403              	.LCFI15:
 404              		.cfi_restore_state
 222:Middlewares/Third_Party/LwIP/system/OS/sys_arch.c **** #else
 405              		.loc 1 222 5 is_stmt 1 view .LVU89
 222:Middlewares/Third_Party/LwIP/system/OS/sys_arch.c **** #else
 406              		.loc 1 222 31 is_stmt 0 view .LVU90
 407 001e 029B     		ldr	r3, [sp, #8]
 222:Middlewares/Third_Party/LwIP/system/OS/sys_arch.c **** #else
 408              		.loc 1 222 10 view .LVU91
 409 0020 2360     		str	r3, [r4]
 227:Middlewares/Third_Party/LwIP/system/OS/sys_arch.c ****   }
 410              		.loc 1 227 5 is_stmt 1 view .LVU92
 227:Middlewares/Third_Party/LwIP/system/OS/sys_arch.c ****   }
 411              		.loc 1 227 12 is_stmt 0 view .LVU93
 412 0022 0020     		movs	r0, #0
 413 0024 F9E7     		b	.L23
 414              		.cfi_endproc
 415              	.LFE181:
 417              		.section	.text.sys_mbox_valid,"ax",%progbits
 418              		.align	1
 419              		.global	sys_mbox_valid
 420              		.syntax unified
 421              		.thumb
 422              		.thumb_func
 424              	sys_mbox_valid:
 425              	.LVL35:
 426              	.LFB182:
 234:Middlewares/Third_Party/LwIP/system/OS/sys_arch.c **** /*----------------------------------------------------------------------------------*/
 235:Middlewares/Third_Party/LwIP/system/OS/sys_arch.c **** int sys_mbox_valid(sys_mbox_t *mbox)
 236:Middlewares/Third_Party/LwIP/system/OS/sys_arch.c **** {
 427              		.loc 1 236 1 is_stmt 1 view -0
 428              		.cfi_startproc
 429              		@ args = 0, pretend = 0, frame = 0
 430              		@ frame_needed = 0, uses_anonymous_args = 0
 431              		@ link register save eliminated.
 237:Middlewares/Third_Party/LwIP/system/OS/sys_arch.c ****   if (*mbox == SYS_MBOX_NULL)
 432              		.loc 1 237 3 view .LVU95
 433              		.loc 1 237 7 is_stmt 0 view .LVU96
 434 0000 0368     		ldr	r3, [r0]
 435              		.loc 1 237 6 view .LVU97
 436 0002 0BB1     		cbz	r3, .L31
 238:Middlewares/Third_Party/LwIP/system/OS/sys_arch.c ****     return 0;
 239:Middlewares/Third_Party/LwIP/system/OS/sys_arch.c ****   else
 240:Middlewares/Third_Party/LwIP/system/OS/sys_arch.c ****     return 1;
ARM GAS  /var/folders/6z/bj4rvlwn0mvdnknwnn42jd6r0000gn/T//ccDjyT1r.s 			page 13


 437              		.loc 1 240 12 view .LVU98
 438 0004 0120     		movs	r0, #1
 439              	.LVL36:
 241:Middlewares/Third_Party/LwIP/system/OS/sys_arch.c **** }
 440              		.loc 1 241 1 view .LVU99
 441 0006 7047     		bx	lr
 442              	.LVL37:
 443              	.L31:
 238:Middlewares/Third_Party/LwIP/system/OS/sys_arch.c ****     return 0;
 444              		.loc 1 238 12 view .LVU100
 445 0008 0020     		movs	r0, #0
 446              	.LVL38:
 238:Middlewares/Third_Party/LwIP/system/OS/sys_arch.c ****     return 0;
 447              		.loc 1 238 12 view .LVU101
 448 000a 7047     		bx	lr
 449              		.cfi_endproc
 450              	.LFE182:
 452              		.section	.text.sys_mbox_set_invalid,"ax",%progbits
 453              		.align	1
 454              		.global	sys_mbox_set_invalid
 455              		.syntax unified
 456              		.thumb
 457              		.thumb_func
 459              	sys_mbox_set_invalid:
 460              	.LVL39:
 461              	.LFB183:
 242:Middlewares/Third_Party/LwIP/system/OS/sys_arch.c **** /*-----------------------------------------------------------------------------------*/
 243:Middlewares/Third_Party/LwIP/system/OS/sys_arch.c **** void sys_mbox_set_invalid(sys_mbox_t *mbox)
 244:Middlewares/Third_Party/LwIP/system/OS/sys_arch.c **** {
 462              		.loc 1 244 1 is_stmt 1 view -0
 463              		.cfi_startproc
 464              		@ args = 0, pretend = 0, frame = 0
 465              		@ frame_needed = 0, uses_anonymous_args = 0
 466              		@ link register save eliminated.
 245:Middlewares/Third_Party/LwIP/system/OS/sys_arch.c ****   *mbox = SYS_MBOX_NULL;
 467              		.loc 1 245 3 view .LVU103
 468              		.loc 1 245 9 is_stmt 0 view .LVU104
 469 0000 0023     		movs	r3, #0
 470 0002 0360     		str	r3, [r0]
 246:Middlewares/Third_Party/LwIP/system/OS/sys_arch.c **** }
 471              		.loc 1 246 1 view .LVU105
 472 0004 7047     		bx	lr
 473              		.cfi_endproc
 474              	.LFE183:
 476              		.section	.text.sys_sem_new,"ax",%progbits
 477              		.align	1
 478              		.global	sys_sem_new
 479              		.syntax unified
 480              		.thumb
 481              		.thumb_func
 483              	sys_sem_new:
 484              	.LVL40:
 485              	.LFB184:
 247:Middlewares/Third_Party/LwIP/system/OS/sys_arch.c **** 
 248:Middlewares/Third_Party/LwIP/system/OS/sys_arch.c **** /*-----------------------------------------------------------------------------------*/
 249:Middlewares/Third_Party/LwIP/system/OS/sys_arch.c **** //  Creates a new semaphore. The "count" argument specifies
 250:Middlewares/Third_Party/LwIP/system/OS/sys_arch.c **** //  the initial state of the semaphore.
ARM GAS  /var/folders/6z/bj4rvlwn0mvdnknwnn42jd6r0000gn/T//ccDjyT1r.s 			page 14


 251:Middlewares/Third_Party/LwIP/system/OS/sys_arch.c **** err_t sys_sem_new(sys_sem_t *sem, u8_t count)
 252:Middlewares/Third_Party/LwIP/system/OS/sys_arch.c **** {
 486              		.loc 1 252 1 is_stmt 1 view -0
 487              		.cfi_startproc
 488              		@ args = 0, pretend = 0, frame = 8
 489              		@ frame_needed = 0, uses_anonymous_args = 0
 490              		.loc 1 252 1 is_stmt 0 view .LVU107
 491 0000 30B5     		push	{r4, r5, lr}
 492              	.LCFI16:
 493              		.cfi_def_cfa_offset 12
 494              		.cfi_offset 4, -12
 495              		.cfi_offset 5, -8
 496              		.cfi_offset 14, -4
 497 0002 83B0     		sub	sp, sp, #12
 498              	.LCFI17:
 499              		.cfi_def_cfa_offset 24
 500 0004 0446     		mov	r4, r0
 501 0006 0D46     		mov	r5, r1
 253:Middlewares/Third_Party/LwIP/system/OS/sys_arch.c **** #if (osCMSIS < 0x20000U)
 254:Middlewares/Third_Party/LwIP/system/OS/sys_arch.c ****   osSemaphoreDef(SEM);
 502              		.loc 1 254 3 is_stmt 1 view .LVU108
 503 0008 0023     		movs	r3, #0
 504 000a 0093     		str	r3, [sp]
 505 000c 0193     		str	r3, [sp, #4]
 255:Middlewares/Third_Party/LwIP/system/OS/sys_arch.c ****   *sem = osSemaphoreCreate (osSemaphore(SEM), 1);
 506              		.loc 1 255 3 view .LVU109
 507              		.loc 1 255 10 is_stmt 0 view .LVU110
 508 000e 0121     		movs	r1, #1
 509              	.LVL41:
 510              		.loc 1 255 10 view .LVU111
 511 0010 6846     		mov	r0, sp
 512              	.LVL42:
 513              		.loc 1 255 10 view .LVU112
 514 0012 FFF7FEFF 		bl	osSemaphoreCreate
 515              	.LVL43:
 516              		.loc 1 255 8 discriminator 1 view .LVU113
 517 0016 2060     		str	r0, [r4]
 256:Middlewares/Third_Party/LwIP/system/OS/sys_arch.c **** #else
 257:Middlewares/Third_Party/LwIP/system/OS/sys_arch.c ****   *sem = osSemaphoreNew(UINT16_MAX, count, NULL);
 258:Middlewares/Third_Party/LwIP/system/OS/sys_arch.c **** #endif
 259:Middlewares/Third_Party/LwIP/system/OS/sys_arch.c **** 
 260:Middlewares/Third_Party/LwIP/system/OS/sys_arch.c ****   if(*sem == NULL)
 518              		.loc 1 260 3 is_stmt 1 view .LVU114
 519              		.loc 1 260 5 is_stmt 0 view .LVU115
 520 0018 40B1     		cbz	r0, .L35
 261:Middlewares/Third_Party/LwIP/system/OS/sys_arch.c ****   {
 262:Middlewares/Third_Party/LwIP/system/OS/sys_arch.c **** #if SYS_STATS
 263:Middlewares/Third_Party/LwIP/system/OS/sys_arch.c ****     ++lwip_stats.sys.sem.err;
 264:Middlewares/Third_Party/LwIP/system/OS/sys_arch.c **** #endif /* SYS_STATS */
 265:Middlewares/Third_Party/LwIP/system/OS/sys_arch.c ****     return ERR_MEM;
 266:Middlewares/Third_Party/LwIP/system/OS/sys_arch.c ****   }
 267:Middlewares/Third_Party/LwIP/system/OS/sys_arch.c **** 
 268:Middlewares/Third_Party/LwIP/system/OS/sys_arch.c ****   if(count == 0)	// Means it can't be taken
 521              		.loc 1 268 3 is_stmt 1 view .LVU116
 522              		.loc 1 268 5 is_stmt 0 view .LVU117
 523 001a 15B1     		cbz	r5, .L38
 269:Middlewares/Third_Party/LwIP/system/OS/sys_arch.c ****   {
ARM GAS  /var/folders/6z/bj4rvlwn0mvdnknwnn42jd6r0000gn/T//ccDjyT1r.s 			page 15


 270:Middlewares/Third_Party/LwIP/system/OS/sys_arch.c **** #if (osCMSIS < 0x20000U)
 271:Middlewares/Third_Party/LwIP/system/OS/sys_arch.c ****     osSemaphoreWait(*sem, 0);
 272:Middlewares/Third_Party/LwIP/system/OS/sys_arch.c **** #else
 273:Middlewares/Third_Party/LwIP/system/OS/sys_arch.c ****     osSemaphoreAcquire(*sem, 0);
 274:Middlewares/Third_Party/LwIP/system/OS/sys_arch.c **** #endif
 275:Middlewares/Third_Party/LwIP/system/OS/sys_arch.c ****   }
 276:Middlewares/Third_Party/LwIP/system/OS/sys_arch.c **** 
 277:Middlewares/Third_Party/LwIP/system/OS/sys_arch.c **** #if SYS_STATS
 278:Middlewares/Third_Party/LwIP/system/OS/sys_arch.c ****   ++lwip_stats.sys.sem.used;
 279:Middlewares/Third_Party/LwIP/system/OS/sys_arch.c ****   if (lwip_stats.sys.sem.max < lwip_stats.sys.sem.used) {
 280:Middlewares/Third_Party/LwIP/system/OS/sys_arch.c ****     lwip_stats.sys.sem.max = lwip_stats.sys.sem.used;
 281:Middlewares/Third_Party/LwIP/system/OS/sys_arch.c ****   }
 282:Middlewares/Third_Party/LwIP/system/OS/sys_arch.c **** #endif /* SYS_STATS */
 283:Middlewares/Third_Party/LwIP/system/OS/sys_arch.c **** 
 284:Middlewares/Third_Party/LwIP/system/OS/sys_arch.c ****   return ERR_OK;
 524              		.loc 1 284 10 view .LVU118
 525 001c 0020     		movs	r0, #0
 526              	.L34:
 285:Middlewares/Third_Party/LwIP/system/OS/sys_arch.c **** }
 527              		.loc 1 285 1 view .LVU119
 528 001e 03B0     		add	sp, sp, #12
 529              	.LCFI18:
 530              		.cfi_remember_state
 531              		.cfi_def_cfa_offset 12
 532              		@ sp needed
 533 0020 30BD     		pop	{r4, r5, pc}
 534              	.LVL44:
 535              	.L38:
 536              	.LCFI19:
 537              		.cfi_restore_state
 271:Middlewares/Third_Party/LwIP/system/OS/sys_arch.c **** #else
 538              		.loc 1 271 5 is_stmt 1 view .LVU120
 539 0022 0021     		movs	r1, #0
 540 0024 FFF7FEFF 		bl	osSemaphoreWait
 541              	.LVL45:
 284:Middlewares/Third_Party/LwIP/system/OS/sys_arch.c **** }
 542              		.loc 1 284 10 is_stmt 0 view .LVU121
 543 0028 0020     		movs	r0, #0
 544 002a F8E7     		b	.L34
 545              	.L35:
 265:Middlewares/Third_Party/LwIP/system/OS/sys_arch.c ****   }
 546              		.loc 1 265 12 view .LVU122
 547 002c 4FF0FF30 		mov	r0, #-1
 548 0030 F5E7     		b	.L34
 549              		.cfi_endproc
 550              	.LFE184:
 552              		.section	.text.sys_arch_sem_wait,"ax",%progbits
 553              		.align	1
 554              		.global	sys_arch_sem_wait
 555              		.syntax unified
 556              		.thumb
 557              		.thumb_func
 559              	sys_arch_sem_wait:
 560              	.LVL46:
 561              	.LFB185:
 286:Middlewares/Third_Party/LwIP/system/OS/sys_arch.c **** 
 287:Middlewares/Third_Party/LwIP/system/OS/sys_arch.c **** /*-----------------------------------------------------------------------------------*/
ARM GAS  /var/folders/6z/bj4rvlwn0mvdnknwnn42jd6r0000gn/T//ccDjyT1r.s 			page 16


 288:Middlewares/Third_Party/LwIP/system/OS/sys_arch.c **** /*
 289:Middlewares/Third_Party/LwIP/system/OS/sys_arch.c ****   Blocks the thread while waiting for the semaphore to be
 290:Middlewares/Third_Party/LwIP/system/OS/sys_arch.c ****   signaled. If the "timeout" argument is non-zero, the thread should
 291:Middlewares/Third_Party/LwIP/system/OS/sys_arch.c ****   only be blocked for the specified time (measured in
 292:Middlewares/Third_Party/LwIP/system/OS/sys_arch.c ****   milliseconds).
 293:Middlewares/Third_Party/LwIP/system/OS/sys_arch.c **** 
 294:Middlewares/Third_Party/LwIP/system/OS/sys_arch.c ****   If the timeout argument is non-zero, the return value is the number of
 295:Middlewares/Third_Party/LwIP/system/OS/sys_arch.c ****   milliseconds spent waiting for the semaphore to be signaled. If the
 296:Middlewares/Third_Party/LwIP/system/OS/sys_arch.c ****   semaphore wasn't signaled within the specified time, the return value is
 297:Middlewares/Third_Party/LwIP/system/OS/sys_arch.c ****   SYS_ARCH_TIMEOUT. If the thread didn't have to wait for the semaphore
 298:Middlewares/Third_Party/LwIP/system/OS/sys_arch.c ****   (i.e., it was already signaled), the function may return zero.
 299:Middlewares/Third_Party/LwIP/system/OS/sys_arch.c **** 
 300:Middlewares/Third_Party/LwIP/system/OS/sys_arch.c ****   Notice that lwIP implements a function with a similar name,
 301:Middlewares/Third_Party/LwIP/system/OS/sys_arch.c ****   sys_sem_wait(), that uses the sys_arch_sem_wait() function.
 302:Middlewares/Third_Party/LwIP/system/OS/sys_arch.c **** */
 303:Middlewares/Third_Party/LwIP/system/OS/sys_arch.c **** u32_t sys_arch_sem_wait(sys_sem_t *sem, u32_t timeout)
 304:Middlewares/Third_Party/LwIP/system/OS/sys_arch.c **** {
 562              		.loc 1 304 1 is_stmt 1 view -0
 563              		.cfi_startproc
 564              		@ args = 0, pretend = 0, frame = 0
 565              		@ frame_needed = 0, uses_anonymous_args = 0
 566              		.loc 1 304 1 is_stmt 0 view .LVU124
 567 0000 70B5     		push	{r4, r5, r6, lr}
 568              	.LCFI20:
 569              		.cfi_def_cfa_offset 16
 570              		.cfi_offset 4, -16
 571              		.cfi_offset 5, -12
 572              		.cfi_offset 6, -8
 573              		.cfi_offset 14, -4
 574 0002 0446     		mov	r4, r0
 575 0004 0E46     		mov	r6, r1
 305:Middlewares/Third_Party/LwIP/system/OS/sys_arch.c **** #if (osCMSIS < 0x20000U)
 306:Middlewares/Third_Party/LwIP/system/OS/sys_arch.c ****   uint32_t starttime = osKernelSysTick();
 576              		.loc 1 306 3 is_stmt 1 view .LVU125
 577              		.loc 1 306 24 is_stmt 0 view .LVU126
 578 0006 FFF7FEFF 		bl	osKernelSysTick
 579              	.LVL47:
 580              		.loc 1 306 24 view .LVU127
 581 000a 0546     		mov	r5, r0
 582              	.LVL48:
 307:Middlewares/Third_Party/LwIP/system/OS/sys_arch.c **** #else
 308:Middlewares/Third_Party/LwIP/system/OS/sys_arch.c ****   uint32_t starttime = osKernelGetTickCount();
 309:Middlewares/Third_Party/LwIP/system/OS/sys_arch.c **** #endif
 310:Middlewares/Third_Party/LwIP/system/OS/sys_arch.c ****   if(timeout != 0)
 583              		.loc 1 310 3 is_stmt 1 view .LVU128
 584              		.loc 1 310 5 is_stmt 0 view .LVU129
 585 000c 56B9     		cbnz	r6, .L44
 586              	.LVL49:
 587              	.L40:
 311:Middlewares/Third_Party/LwIP/system/OS/sys_arch.c ****   {
 312:Middlewares/Third_Party/LwIP/system/OS/sys_arch.c **** #if (osCMSIS < 0x20000U)
 313:Middlewares/Third_Party/LwIP/system/OS/sys_arch.c ****     if(osSemaphoreWait (*sem, timeout) == osOK)
 314:Middlewares/Third_Party/LwIP/system/OS/sys_arch.c ****     {
 315:Middlewares/Third_Party/LwIP/system/OS/sys_arch.c ****       return (osKernelSysTick() - starttime);
 316:Middlewares/Third_Party/LwIP/system/OS/sys_arch.c **** #else
 317:Middlewares/Third_Party/LwIP/system/OS/sys_arch.c ****     if(osSemaphoreAcquire(*sem, timeout) == osOK)
 318:Middlewares/Third_Party/LwIP/system/OS/sys_arch.c ****     {
ARM GAS  /var/folders/6z/bj4rvlwn0mvdnknwnn42jd6r0000gn/T//ccDjyT1r.s 			page 17


 319:Middlewares/Third_Party/LwIP/system/OS/sys_arch.c ****         return (osKernelGetTickCount() - starttime);
 320:Middlewares/Third_Party/LwIP/system/OS/sys_arch.c **** #endif
 321:Middlewares/Third_Party/LwIP/system/OS/sys_arch.c ****     }
 322:Middlewares/Third_Party/LwIP/system/OS/sys_arch.c ****     else
 323:Middlewares/Third_Party/LwIP/system/OS/sys_arch.c ****     {
 324:Middlewares/Third_Party/LwIP/system/OS/sys_arch.c ****       return SYS_ARCH_TIMEOUT;
 325:Middlewares/Third_Party/LwIP/system/OS/sys_arch.c ****     }
 326:Middlewares/Third_Party/LwIP/system/OS/sys_arch.c ****   }
 327:Middlewares/Third_Party/LwIP/system/OS/sys_arch.c ****   else
 328:Middlewares/Third_Party/LwIP/system/OS/sys_arch.c ****   {
 329:Middlewares/Third_Party/LwIP/system/OS/sys_arch.c **** #if (osCMSIS < 0x20000U)
 330:Middlewares/Third_Party/LwIP/system/OS/sys_arch.c ****     while(osSemaphoreWait (*sem, osWaitForever) != osOK);
 588              		.loc 1 330 49 is_stmt 1 discriminator 1 view .LVU130
 589              		.loc 1 330 11 is_stmt 0 discriminator 1 view .LVU131
 590 000e 4FF0FF31 		mov	r1, #-1
 591 0012 2068     		ldr	r0, [r4]
 592 0014 FFF7FEFF 		bl	osSemaphoreWait
 593              	.LVL50:
 594              		.loc 1 330 49 discriminator 1 view .LVU132
 595 0018 0028     		cmp	r0, #0
 596 001a F8D1     		bne	.L40
 331:Middlewares/Third_Party/LwIP/system/OS/sys_arch.c ****     return (osKernelSysTick() - starttime);
 597              		.loc 1 331 5 is_stmt 1 view .LVU133
 598              		.loc 1 331 13 is_stmt 0 view .LVU134
 599 001c FFF7FEFF 		bl	osKernelSysTick
 600              	.LVL51:
 601              		.loc 1 331 31 discriminator 1 view .LVU135
 602 0020 401B     		subs	r0, r0, r5
 603              	.L39:
 332:Middlewares/Third_Party/LwIP/system/OS/sys_arch.c **** #else
 333:Middlewares/Third_Party/LwIP/system/OS/sys_arch.c ****     while(osSemaphoreAcquire(*sem, osWaitForever) != osOK);
 334:Middlewares/Third_Party/LwIP/system/OS/sys_arch.c ****     return (osKernelGetTickCount() - starttime);
 335:Middlewares/Third_Party/LwIP/system/OS/sys_arch.c **** #endif
 336:Middlewares/Third_Party/LwIP/system/OS/sys_arch.c ****   }
 337:Middlewares/Third_Party/LwIP/system/OS/sys_arch.c **** }
 604              		.loc 1 337 1 view .LVU136
 605 0022 70BD     		pop	{r4, r5, r6, pc}
 606              	.LVL52:
 607              	.L44:
 313:Middlewares/Third_Party/LwIP/system/OS/sys_arch.c ****     {
 608              		.loc 1 313 5 is_stmt 1 view .LVU137
 313:Middlewares/Third_Party/LwIP/system/OS/sys_arch.c ****     {
 609              		.loc 1 313 8 is_stmt 0 view .LVU138
 610 0024 3146     		mov	r1, r6
 611 0026 2068     		ldr	r0, [r4]
 612              	.LVL53:
 313:Middlewares/Third_Party/LwIP/system/OS/sys_arch.c ****     {
 613              		.loc 1 313 8 view .LVU139
 614 0028 FFF7FEFF 		bl	osSemaphoreWait
 615              	.LVL54:
 313:Middlewares/Third_Party/LwIP/system/OS/sys_arch.c ****     {
 616              		.loc 1 313 7 discriminator 1 view .LVU140
 617 002c 10B1     		cbz	r0, .L45
 324:Middlewares/Third_Party/LwIP/system/OS/sys_arch.c ****     }
 618              		.loc 1 324 14 view .LVU141
 619 002e 4FF0FF30 		mov	r0, #-1
 620 0032 F6E7     		b	.L39
ARM GAS  /var/folders/6z/bj4rvlwn0mvdnknwnn42jd6r0000gn/T//ccDjyT1r.s 			page 18


 621              	.L45:
 315:Middlewares/Third_Party/LwIP/system/OS/sys_arch.c **** #else
 622              		.loc 1 315 7 is_stmt 1 view .LVU142
 315:Middlewares/Third_Party/LwIP/system/OS/sys_arch.c **** #else
 623              		.loc 1 315 15 is_stmt 0 view .LVU143
 624 0034 FFF7FEFF 		bl	osKernelSysTick
 625              	.LVL55:
 315:Middlewares/Third_Party/LwIP/system/OS/sys_arch.c **** #else
 626              		.loc 1 315 33 discriminator 1 view .LVU144
 627 0038 401B     		subs	r0, r0, r5
 315:Middlewares/Third_Party/LwIP/system/OS/sys_arch.c **** #else
 628              		.loc 1 315 33 view .LVU145
 629 003a F2E7     		b	.L39
 630              		.cfi_endproc
 631              	.LFE185:
 633              		.section	.text.sys_sem_signal,"ax",%progbits
 634              		.align	1
 635              		.global	sys_sem_signal
 636              		.syntax unified
 637              		.thumb
 638              		.thumb_func
 640              	sys_sem_signal:
 641              	.LVL56:
 642              	.LFB186:
 338:Middlewares/Third_Party/LwIP/system/OS/sys_arch.c **** 
 339:Middlewares/Third_Party/LwIP/system/OS/sys_arch.c **** /*-----------------------------------------------------------------------------------*/
 340:Middlewares/Third_Party/LwIP/system/OS/sys_arch.c **** // Signals a semaphore
 341:Middlewares/Third_Party/LwIP/system/OS/sys_arch.c **** void sys_sem_signal(sys_sem_t *sem)
 342:Middlewares/Third_Party/LwIP/system/OS/sys_arch.c **** {
 643              		.loc 1 342 1 is_stmt 1 view -0
 644              		.cfi_startproc
 645              		@ args = 0, pretend = 0, frame = 0
 646              		@ frame_needed = 0, uses_anonymous_args = 0
 647              		.loc 1 342 1 is_stmt 0 view .LVU147
 648 0000 08B5     		push	{r3, lr}
 649              	.LCFI21:
 650              		.cfi_def_cfa_offset 8
 651              		.cfi_offset 3, -8
 652              		.cfi_offset 14, -4
 343:Middlewares/Third_Party/LwIP/system/OS/sys_arch.c ****   osSemaphoreRelease(*sem);
 653              		.loc 1 343 3 is_stmt 1 view .LVU148
 654 0002 0068     		ldr	r0, [r0]
 655              	.LVL57:
 656              		.loc 1 343 3 is_stmt 0 view .LVU149
 657 0004 FFF7FEFF 		bl	osSemaphoreRelease
 658              	.LVL58:
 344:Middlewares/Third_Party/LwIP/system/OS/sys_arch.c **** }
 659              		.loc 1 344 1 view .LVU150
 660 0008 08BD     		pop	{r3, pc}
 661              		.cfi_endproc
 662              	.LFE186:
 664              		.section	.text.sys_sem_free,"ax",%progbits
 665              		.align	1
 666              		.global	sys_sem_free
 667              		.syntax unified
 668              		.thumb
 669              		.thumb_func
ARM GAS  /var/folders/6z/bj4rvlwn0mvdnknwnn42jd6r0000gn/T//ccDjyT1r.s 			page 19


 671              	sys_sem_free:
 672              	.LVL59:
 673              	.LFB187:
 345:Middlewares/Third_Party/LwIP/system/OS/sys_arch.c **** 
 346:Middlewares/Third_Party/LwIP/system/OS/sys_arch.c **** /*-----------------------------------------------------------------------------------*/
 347:Middlewares/Third_Party/LwIP/system/OS/sys_arch.c **** // Deallocates a semaphore
 348:Middlewares/Third_Party/LwIP/system/OS/sys_arch.c **** void sys_sem_free(sys_sem_t *sem)
 349:Middlewares/Third_Party/LwIP/system/OS/sys_arch.c **** {
 674              		.loc 1 349 1 is_stmt 1 view -0
 675              		.cfi_startproc
 676              		@ args = 0, pretend = 0, frame = 0
 677              		@ frame_needed = 0, uses_anonymous_args = 0
 678              		.loc 1 349 1 is_stmt 0 view .LVU152
 679 0000 08B5     		push	{r3, lr}
 680              	.LCFI22:
 681              		.cfi_def_cfa_offset 8
 682              		.cfi_offset 3, -8
 683              		.cfi_offset 14, -4
 350:Middlewares/Third_Party/LwIP/system/OS/sys_arch.c **** #if SYS_STATS
 351:Middlewares/Third_Party/LwIP/system/OS/sys_arch.c ****   --lwip_stats.sys.sem.used;
 352:Middlewares/Third_Party/LwIP/system/OS/sys_arch.c **** #endif /* SYS_STATS */
 353:Middlewares/Third_Party/LwIP/system/OS/sys_arch.c **** 
 354:Middlewares/Third_Party/LwIP/system/OS/sys_arch.c ****   osSemaphoreDelete(*sem);
 684              		.loc 1 354 3 is_stmt 1 view .LVU153
 685 0002 0068     		ldr	r0, [r0]
 686              	.LVL60:
 687              		.loc 1 354 3 is_stmt 0 view .LVU154
 688 0004 FFF7FEFF 		bl	osSemaphoreDelete
 689              	.LVL61:
 355:Middlewares/Third_Party/LwIP/system/OS/sys_arch.c **** }
 690              		.loc 1 355 1 view .LVU155
 691 0008 08BD     		pop	{r3, pc}
 692              		.cfi_endproc
 693              	.LFE187:
 695              		.section	.text.sys_sem_valid,"ax",%progbits
 696              		.align	1
 697              		.global	sys_sem_valid
 698              		.syntax unified
 699              		.thumb
 700              		.thumb_func
 702              	sys_sem_valid:
 703              	.LVL62:
 704              	.LFB188:
 356:Middlewares/Third_Party/LwIP/system/OS/sys_arch.c **** /*-----------------------------------------------------------------------------------*/
 357:Middlewares/Third_Party/LwIP/system/OS/sys_arch.c **** int sys_sem_valid(sys_sem_t *sem)
 358:Middlewares/Third_Party/LwIP/system/OS/sys_arch.c **** {
 705              		.loc 1 358 1 is_stmt 1 view -0
 706              		.cfi_startproc
 707              		@ args = 0, pretend = 0, frame = 0
 708              		@ frame_needed = 0, uses_anonymous_args = 0
 709              		@ link register save eliminated.
 359:Middlewares/Third_Party/LwIP/system/OS/sys_arch.c ****   if (*sem == SYS_SEM_NULL)
 710              		.loc 1 359 3 view .LVU157
 711              		.loc 1 359 7 is_stmt 0 view .LVU158
 712 0000 0368     		ldr	r3, [r0]
 713              		.loc 1 359 6 view .LVU159
 714 0002 0BB1     		cbz	r3, .L53
ARM GAS  /var/folders/6z/bj4rvlwn0mvdnknwnn42jd6r0000gn/T//ccDjyT1r.s 			page 20


 360:Middlewares/Third_Party/LwIP/system/OS/sys_arch.c ****     return 0;
 361:Middlewares/Third_Party/LwIP/system/OS/sys_arch.c ****   else
 362:Middlewares/Third_Party/LwIP/system/OS/sys_arch.c ****     return 1;
 715              		.loc 1 362 12 view .LVU160
 716 0004 0120     		movs	r0, #1
 717              	.LVL63:
 363:Middlewares/Third_Party/LwIP/system/OS/sys_arch.c **** }
 718              		.loc 1 363 1 view .LVU161
 719 0006 7047     		bx	lr
 720              	.LVL64:
 721              	.L53:
 360:Middlewares/Third_Party/LwIP/system/OS/sys_arch.c ****     return 0;
 722              		.loc 1 360 12 view .LVU162
 723 0008 0020     		movs	r0, #0
 724              	.LVL65:
 360:Middlewares/Third_Party/LwIP/system/OS/sys_arch.c ****     return 0;
 725              		.loc 1 360 12 view .LVU163
 726 000a 7047     		bx	lr
 727              		.cfi_endproc
 728              	.LFE188:
 730              		.section	.text.sys_sem_set_invalid,"ax",%progbits
 731              		.align	1
 732              		.global	sys_sem_set_invalid
 733              		.syntax unified
 734              		.thumb
 735              		.thumb_func
 737              	sys_sem_set_invalid:
 738              	.LVL66:
 739              	.LFB189:
 364:Middlewares/Third_Party/LwIP/system/OS/sys_arch.c **** 
 365:Middlewares/Third_Party/LwIP/system/OS/sys_arch.c **** /*-----------------------------------------------------------------------------------*/
 366:Middlewares/Third_Party/LwIP/system/OS/sys_arch.c **** void sys_sem_set_invalid(sys_sem_t *sem)
 367:Middlewares/Third_Party/LwIP/system/OS/sys_arch.c **** {
 740              		.loc 1 367 1 is_stmt 1 view -0
 741              		.cfi_startproc
 742              		@ args = 0, pretend = 0, frame = 0
 743              		@ frame_needed = 0, uses_anonymous_args = 0
 744              		@ link register save eliminated.
 368:Middlewares/Third_Party/LwIP/system/OS/sys_arch.c ****   *sem = SYS_SEM_NULL;
 745              		.loc 1 368 3 view .LVU165
 746              		.loc 1 368 8 is_stmt 0 view .LVU166
 747 0000 0023     		movs	r3, #0
 748 0002 0360     		str	r3, [r0]
 369:Middlewares/Third_Party/LwIP/system/OS/sys_arch.c **** }
 749              		.loc 1 369 1 view .LVU167
 750 0004 7047     		bx	lr
 751              		.cfi_endproc
 752              	.LFE189:
 754              		.section	.text.sys_init,"ax",%progbits
 755              		.align	1
 756              		.global	sys_init
 757              		.syntax unified
 758              		.thumb
 759              		.thumb_func
 761              	sys_init:
 762              	.LFB190:
 370:Middlewares/Third_Party/LwIP/system/OS/sys_arch.c **** 
ARM GAS  /var/folders/6z/bj4rvlwn0mvdnknwnn42jd6r0000gn/T//ccDjyT1r.s 			page 21


 371:Middlewares/Third_Party/LwIP/system/OS/sys_arch.c **** /*-----------------------------------------------------------------------------------*/
 372:Middlewares/Third_Party/LwIP/system/OS/sys_arch.c **** #if (osCMSIS < 0x20000U)
 373:Middlewares/Third_Party/LwIP/system/OS/sys_arch.c **** osMutexId lwip_sys_mutex;
 374:Middlewares/Third_Party/LwIP/system/OS/sys_arch.c **** osMutexDef(lwip_sys_mutex);
 375:Middlewares/Third_Party/LwIP/system/OS/sys_arch.c **** #else
 376:Middlewares/Third_Party/LwIP/system/OS/sys_arch.c **** osMutexId_t lwip_sys_mutex;
 377:Middlewares/Third_Party/LwIP/system/OS/sys_arch.c **** #endif
 378:Middlewares/Third_Party/LwIP/system/OS/sys_arch.c **** // Initialize sys arch
 379:Middlewares/Third_Party/LwIP/system/OS/sys_arch.c **** void sys_init(void)
 380:Middlewares/Third_Party/LwIP/system/OS/sys_arch.c **** {
 763              		.loc 1 380 1 is_stmt 1 view -0
 764              		.cfi_startproc
 765              		@ args = 0, pretend = 0, frame = 0
 766              		@ frame_needed = 0, uses_anonymous_args = 0
 767 0000 08B5     		push	{r3, lr}
 768              	.LCFI23:
 769              		.cfi_def_cfa_offset 8
 770              		.cfi_offset 3, -8
 771              		.cfi_offset 14, -4
 381:Middlewares/Third_Party/LwIP/system/OS/sys_arch.c **** #if (osCMSIS < 0x20000U)
 382:Middlewares/Third_Party/LwIP/system/OS/sys_arch.c ****   lwip_sys_mutex = osMutexCreate(osMutex(lwip_sys_mutex));
 772              		.loc 1 382 3 view .LVU169
 773              		.loc 1 382 20 is_stmt 0 view .LVU170
 774 0002 0348     		ldr	r0, .L57
 775 0004 FFF7FEFF 		bl	osMutexCreate
 776              	.LVL67:
 777              		.loc 1 382 18 discriminator 1 view .LVU171
 778 0008 024B     		ldr	r3, .L57+4
 779 000a 1860     		str	r0, [r3]
 383:Middlewares/Third_Party/LwIP/system/OS/sys_arch.c **** #else
 384:Middlewares/Third_Party/LwIP/system/OS/sys_arch.c ****   lwip_sys_mutex = osMutexNew(NULL);
 385:Middlewares/Third_Party/LwIP/system/OS/sys_arch.c **** #endif
 386:Middlewares/Third_Party/LwIP/system/OS/sys_arch.c **** }
 780              		.loc 1 386 1 view .LVU172
 781 000c 08BD     		pop	{r3, pc}
 782              	.L58:
 783 000e 00BF     		.align	2
 784              	.L57:
 785 0010 00000000 		.word	os_mutex_def_lwip_sys_mutex
 786 0014 00000000 		.word	lwip_sys_mutex
 787              		.cfi_endproc
 788              	.LFE190:
 790              		.section	.text.sys_mutex_new,"ax",%progbits
 791              		.align	1
 792              		.global	sys_mutex_new
 793              		.syntax unified
 794              		.thumb
 795              		.thumb_func
 797              	sys_mutex_new:
 798              	.LVL68:
 799              	.LFB191:
 387:Middlewares/Third_Party/LwIP/system/OS/sys_arch.c **** /*-----------------------------------------------------------------------------------*/
 388:Middlewares/Third_Party/LwIP/system/OS/sys_arch.c ****                                       /* Mutexes*/
 389:Middlewares/Third_Party/LwIP/system/OS/sys_arch.c **** /*-----------------------------------------------------------------------------------*/
 390:Middlewares/Third_Party/LwIP/system/OS/sys_arch.c **** /*-----------------------------------------------------------------------------------*/
 391:Middlewares/Third_Party/LwIP/system/OS/sys_arch.c **** #if LWIP_COMPAT_MUTEX == 0
 392:Middlewares/Third_Party/LwIP/system/OS/sys_arch.c **** /* Create a new mutex*/
ARM GAS  /var/folders/6z/bj4rvlwn0mvdnknwnn42jd6r0000gn/T//ccDjyT1r.s 			page 22


 393:Middlewares/Third_Party/LwIP/system/OS/sys_arch.c **** err_t sys_mutex_new(sys_mutex_t *mutex) {
 800              		.loc 1 393 41 is_stmt 1 view -0
 801              		.cfi_startproc
 802              		@ args = 0, pretend = 0, frame = 8
 803              		@ frame_needed = 0, uses_anonymous_args = 0
 804              		.loc 1 393 41 is_stmt 0 view .LVU174
 805 0000 10B5     		push	{r4, lr}
 806              	.LCFI24:
 807              		.cfi_def_cfa_offset 8
 808              		.cfi_offset 4, -8
 809              		.cfi_offset 14, -4
 810 0002 82B0     		sub	sp, sp, #8
 811              	.LCFI25:
 812              		.cfi_def_cfa_offset 16
 813 0004 0446     		mov	r4, r0
 394:Middlewares/Third_Party/LwIP/system/OS/sys_arch.c **** 
 395:Middlewares/Third_Party/LwIP/system/OS/sys_arch.c **** #if (osCMSIS < 0x20000U)
 396:Middlewares/Third_Party/LwIP/system/OS/sys_arch.c ****   osMutexDef(MUTEX);
 814              		.loc 1 396 3 is_stmt 1 view .LVU175
 815 0006 0023     		movs	r3, #0
 816 0008 0093     		str	r3, [sp]
 817 000a 0193     		str	r3, [sp, #4]
 397:Middlewares/Third_Party/LwIP/system/OS/sys_arch.c ****   *mutex = osMutexCreate(osMutex(MUTEX));
 818              		.loc 1 397 3 view .LVU176
 819              		.loc 1 397 12 is_stmt 0 view .LVU177
 820 000c 6846     		mov	r0, sp
 821              	.LVL69:
 822              		.loc 1 397 12 view .LVU178
 823 000e FFF7FEFF 		bl	osMutexCreate
 824              	.LVL70:
 825              		.loc 1 397 10 discriminator 1 view .LVU179
 826 0012 2060     		str	r0, [r4]
 398:Middlewares/Third_Party/LwIP/system/OS/sys_arch.c **** #else
 399:Middlewares/Third_Party/LwIP/system/OS/sys_arch.c ****   *mutex = osMutexNew(NULL);
 400:Middlewares/Third_Party/LwIP/system/OS/sys_arch.c **** #endif
 401:Middlewares/Third_Party/LwIP/system/OS/sys_arch.c **** 
 402:Middlewares/Third_Party/LwIP/system/OS/sys_arch.c ****   if(*mutex == NULL)
 827              		.loc 1 402 3 is_stmt 1 view .LVU180
 828              		.loc 1 402 5 is_stmt 0 view .LVU181
 829 0014 10B1     		cbz	r0, .L61
 403:Middlewares/Third_Party/LwIP/system/OS/sys_arch.c ****   {
 404:Middlewares/Third_Party/LwIP/system/OS/sys_arch.c **** #if SYS_STATS
 405:Middlewares/Third_Party/LwIP/system/OS/sys_arch.c ****     ++lwip_stats.sys.mutex.err;
 406:Middlewares/Third_Party/LwIP/system/OS/sys_arch.c **** #endif /* SYS_STATS */
 407:Middlewares/Third_Party/LwIP/system/OS/sys_arch.c ****     return ERR_MEM;
 408:Middlewares/Third_Party/LwIP/system/OS/sys_arch.c ****   }
 409:Middlewares/Third_Party/LwIP/system/OS/sys_arch.c **** 
 410:Middlewares/Third_Party/LwIP/system/OS/sys_arch.c **** #if SYS_STATS
 411:Middlewares/Third_Party/LwIP/system/OS/sys_arch.c ****   ++lwip_stats.sys.mutex.used;
 412:Middlewares/Third_Party/LwIP/system/OS/sys_arch.c ****   if (lwip_stats.sys.mutex.max < lwip_stats.sys.mutex.used) {
 413:Middlewares/Third_Party/LwIP/system/OS/sys_arch.c ****     lwip_stats.sys.mutex.max = lwip_stats.sys.mutex.used;
 414:Middlewares/Third_Party/LwIP/system/OS/sys_arch.c ****   }
 415:Middlewares/Third_Party/LwIP/system/OS/sys_arch.c **** #endif /* SYS_STATS */
 416:Middlewares/Third_Party/LwIP/system/OS/sys_arch.c ****   return ERR_OK;
 830              		.loc 1 416 10 view .LVU182
 831 0016 0020     		movs	r0, #0
 832              	.L60:
ARM GAS  /var/folders/6z/bj4rvlwn0mvdnknwnn42jd6r0000gn/T//ccDjyT1r.s 			page 23


 417:Middlewares/Third_Party/LwIP/system/OS/sys_arch.c **** }
 833              		.loc 1 417 1 view .LVU183
 834 0018 02B0     		add	sp, sp, #8
 835              	.LCFI26:
 836              		.cfi_remember_state
 837              		.cfi_def_cfa_offset 8
 838              		@ sp needed
 839 001a 10BD     		pop	{r4, pc}
 840              	.LVL71:
 841              	.L61:
 842              	.LCFI27:
 843              		.cfi_restore_state
 407:Middlewares/Third_Party/LwIP/system/OS/sys_arch.c ****   }
 844              		.loc 1 407 12 view .LVU184
 845 001c 4FF0FF30 		mov	r0, #-1
 846 0020 FAE7     		b	.L60
 847              		.cfi_endproc
 848              	.LFE191:
 850              		.section	.text.sys_mutex_free,"ax",%progbits
 851              		.align	1
 852              		.global	sys_mutex_free
 853              		.syntax unified
 854              		.thumb
 855              		.thumb_func
 857              	sys_mutex_free:
 858              	.LVL72:
 859              	.LFB192:
 418:Middlewares/Third_Party/LwIP/system/OS/sys_arch.c **** /*-----------------------------------------------------------------------------------*/
 419:Middlewares/Third_Party/LwIP/system/OS/sys_arch.c **** /* Deallocate a mutex*/
 420:Middlewares/Third_Party/LwIP/system/OS/sys_arch.c **** void sys_mutex_free(sys_mutex_t *mutex)
 421:Middlewares/Third_Party/LwIP/system/OS/sys_arch.c **** {
 860              		.loc 1 421 1 is_stmt 1 view -0
 861              		.cfi_startproc
 862              		@ args = 0, pretend = 0, frame = 0
 863              		@ frame_needed = 0, uses_anonymous_args = 0
 864              		.loc 1 421 1 is_stmt 0 view .LVU186
 865 0000 08B5     		push	{r3, lr}
 866              	.LCFI28:
 867              		.cfi_def_cfa_offset 8
 868              		.cfi_offset 3, -8
 869              		.cfi_offset 14, -4
 422:Middlewares/Third_Party/LwIP/system/OS/sys_arch.c **** #if SYS_STATS
 423:Middlewares/Third_Party/LwIP/system/OS/sys_arch.c ****       --lwip_stats.sys.mutex.used;
 424:Middlewares/Third_Party/LwIP/system/OS/sys_arch.c **** #endif /* SYS_STATS */
 425:Middlewares/Third_Party/LwIP/system/OS/sys_arch.c **** 
 426:Middlewares/Third_Party/LwIP/system/OS/sys_arch.c ****   osMutexDelete(*mutex);
 870              		.loc 1 426 3 is_stmt 1 view .LVU187
 871 0002 0068     		ldr	r0, [r0]
 872              	.LVL73:
 873              		.loc 1 426 3 is_stmt 0 view .LVU188
 874 0004 FFF7FEFF 		bl	osMutexDelete
 875              	.LVL74:
 427:Middlewares/Third_Party/LwIP/system/OS/sys_arch.c **** }
 876              		.loc 1 427 1 view .LVU189
 877 0008 08BD     		pop	{r3, pc}
 878              		.cfi_endproc
 879              	.LFE192:
ARM GAS  /var/folders/6z/bj4rvlwn0mvdnknwnn42jd6r0000gn/T//ccDjyT1r.s 			page 24


 881              		.section	.text.sys_mutex_lock,"ax",%progbits
 882              		.align	1
 883              		.global	sys_mutex_lock
 884              		.syntax unified
 885              		.thumb
 886              		.thumb_func
 888              	sys_mutex_lock:
 889              	.LVL75:
 890              	.LFB193:
 428:Middlewares/Third_Party/LwIP/system/OS/sys_arch.c **** /*-----------------------------------------------------------------------------------*/
 429:Middlewares/Third_Party/LwIP/system/OS/sys_arch.c **** /* Lock a mutex*/
 430:Middlewares/Third_Party/LwIP/system/OS/sys_arch.c **** void sys_mutex_lock(sys_mutex_t *mutex)
 431:Middlewares/Third_Party/LwIP/system/OS/sys_arch.c **** {
 891              		.loc 1 431 1 is_stmt 1 view -0
 892              		.cfi_startproc
 893              		@ args = 0, pretend = 0, frame = 0
 894              		@ frame_needed = 0, uses_anonymous_args = 0
 895              		.loc 1 431 1 is_stmt 0 view .LVU191
 896 0000 08B5     		push	{r3, lr}
 897              	.LCFI29:
 898              		.cfi_def_cfa_offset 8
 899              		.cfi_offset 3, -8
 900              		.cfi_offset 14, -4
 432:Middlewares/Third_Party/LwIP/system/OS/sys_arch.c **** #if (osCMSIS < 0x20000U)
 433:Middlewares/Third_Party/LwIP/system/OS/sys_arch.c ****   osMutexWait(*mutex, osWaitForever);
 901              		.loc 1 433 3 is_stmt 1 view .LVU192
 902 0002 4FF0FF31 		mov	r1, #-1
 903 0006 0068     		ldr	r0, [r0]
 904              	.LVL76:
 905              		.loc 1 433 3 is_stmt 0 view .LVU193
 906 0008 FFF7FEFF 		bl	osMutexWait
 907              	.LVL77:
 434:Middlewares/Third_Party/LwIP/system/OS/sys_arch.c **** #else
 435:Middlewares/Third_Party/LwIP/system/OS/sys_arch.c ****   osMutexAcquire(*mutex, osWaitForever);
 436:Middlewares/Third_Party/LwIP/system/OS/sys_arch.c **** #endif
 437:Middlewares/Third_Party/LwIP/system/OS/sys_arch.c **** }
 908              		.loc 1 437 1 view .LVU194
 909 000c 08BD     		pop	{r3, pc}
 910              		.cfi_endproc
 911              	.LFE193:
 913              		.section	.text.sys_mutex_unlock,"ax",%progbits
 914              		.align	1
 915              		.global	sys_mutex_unlock
 916              		.syntax unified
 917              		.thumb
 918              		.thumb_func
 920              	sys_mutex_unlock:
 921              	.LVL78:
 922              	.LFB194:
 438:Middlewares/Third_Party/LwIP/system/OS/sys_arch.c **** 
 439:Middlewares/Third_Party/LwIP/system/OS/sys_arch.c **** /*-----------------------------------------------------------------------------------*/
 440:Middlewares/Third_Party/LwIP/system/OS/sys_arch.c **** /* Unlock a mutex*/
 441:Middlewares/Third_Party/LwIP/system/OS/sys_arch.c **** void sys_mutex_unlock(sys_mutex_t *mutex)
 442:Middlewares/Third_Party/LwIP/system/OS/sys_arch.c **** {
 923              		.loc 1 442 1 is_stmt 1 view -0
 924              		.cfi_startproc
 925              		@ args = 0, pretend = 0, frame = 0
ARM GAS  /var/folders/6z/bj4rvlwn0mvdnknwnn42jd6r0000gn/T//ccDjyT1r.s 			page 25


 926              		@ frame_needed = 0, uses_anonymous_args = 0
 927              		.loc 1 442 1 is_stmt 0 view .LVU196
 928 0000 08B5     		push	{r3, lr}
 929              	.LCFI30:
 930              		.cfi_def_cfa_offset 8
 931              		.cfi_offset 3, -8
 932              		.cfi_offset 14, -4
 443:Middlewares/Third_Party/LwIP/system/OS/sys_arch.c ****   osMutexRelease(*mutex);
 933              		.loc 1 443 3 is_stmt 1 view .LVU197
 934 0002 0068     		ldr	r0, [r0]
 935              	.LVL79:
 936              		.loc 1 443 3 is_stmt 0 view .LVU198
 937 0004 FFF7FEFF 		bl	osMutexRelease
 938              	.LVL80:
 444:Middlewares/Third_Party/LwIP/system/OS/sys_arch.c **** }
 939              		.loc 1 444 1 view .LVU199
 940 0008 08BD     		pop	{r3, pc}
 941              		.cfi_endproc
 942              	.LFE194:
 944              		.section	.text.sys_thread_new,"ax",%progbits
 945              		.align	1
 946              		.global	sys_thread_new
 947              		.syntax unified
 948              		.thumb
 949              		.thumb_func
 951              	sys_thread_new:
 952              	.LVL81:
 953              	.LFB195:
 445:Middlewares/Third_Party/LwIP/system/OS/sys_arch.c **** #endif /*LWIP_COMPAT_MUTEX*/
 446:Middlewares/Third_Party/LwIP/system/OS/sys_arch.c **** /*-----------------------------------------------------------------------------------*/
 447:Middlewares/Third_Party/LwIP/system/OS/sys_arch.c **** // TODO
 448:Middlewares/Third_Party/LwIP/system/OS/sys_arch.c **** /*-----------------------------------------------------------------------------------*/
 449:Middlewares/Third_Party/LwIP/system/OS/sys_arch.c **** /*
 450:Middlewares/Third_Party/LwIP/system/OS/sys_arch.c ****   Starts a new thread with priority "prio" that will begin its execution in the
 451:Middlewares/Third_Party/LwIP/system/OS/sys_arch.c ****   function "thread()". The "arg" argument will be passed as an argument to the
 452:Middlewares/Third_Party/LwIP/system/OS/sys_arch.c ****   thread() function. The id of the new thread is returned. Both the id and
 453:Middlewares/Third_Party/LwIP/system/OS/sys_arch.c ****   the priority are system dependent.
 454:Middlewares/Third_Party/LwIP/system/OS/sys_arch.c **** */
 455:Middlewares/Third_Party/LwIP/system/OS/sys_arch.c **** sys_thread_t sys_thread_new(const char *name, lwip_thread_fn thread , void *arg, int stacksize, int
 456:Middlewares/Third_Party/LwIP/system/OS/sys_arch.c **** {
 954              		.loc 1 456 1 is_stmt 1 view -0
 955              		.cfi_startproc
 956              		@ args = 4, pretend = 0, frame = 32
 957              		@ frame_needed = 0, uses_anonymous_args = 0
 958              		.loc 1 456 1 is_stmt 0 view .LVU201
 959 0000 30B5     		push	{r4, r5, lr}
 960              	.LCFI31:
 961              		.cfi_def_cfa_offset 12
 962              		.cfi_offset 4, -12
 963              		.cfi_offset 5, -8
 964              		.cfi_offset 14, -4
 965 0002 89B0     		sub	sp, sp, #36
 966              	.LCFI32:
 967              		.cfi_def_cfa_offset 48
 968 0004 0546     		mov	r5, r0
 457:Middlewares/Third_Party/LwIP/system/OS/sys_arch.c **** #if (osCMSIS < 0x20000U)
 458:Middlewares/Third_Party/LwIP/system/OS/sys_arch.c ****   const osThreadDef_t os_thread_def = { (char *)name, (os_pthread)thread, (osPriority)prio, 0, stac
ARM GAS  /var/folders/6z/bj4rvlwn0mvdnknwnn42jd6r0000gn/T//ccDjyT1r.s 			page 26


 969              		.loc 1 458 3 is_stmt 1 view .LVU202
 970              		.loc 1 458 23 is_stmt 0 view .LVU203
 971 0006 01A8     		add	r0, sp, #4
 972              	.LVL82:
 973              		.loc 1 458 23 view .LVU204
 974 0008 0024     		movs	r4, #0
 975 000a 0194     		str	r4, [sp, #4]
 976 000c 4460     		str	r4, [r0, #4]
 977 000e 8460     		str	r4, [r0, #8]
 978 0010 C460     		str	r4, [r0, #12]
 979 0012 0461     		str	r4, [r0, #16]
 980 0014 4461     		str	r4, [r0, #20]
 981 0016 8461     		str	r4, [r0, #24]
 982 0018 0195     		str	r5, [sp, #4]
 983 001a 0291     		str	r1, [sp, #8]
 984              		.loc 1 458 75 view .LVU205
 985 001c BDF93010 		ldrsh	r1, [sp, #48]
 986              	.LVL83:
 987              		.loc 1 458 23 view .LVU206
 988 0020 ADF80C10 		strh	r1, [sp, #12]	@ movhi
 989 0024 0593     		str	r3, [sp, #20]
 459:Middlewares/Third_Party/LwIP/system/OS/sys_arch.c ****   return osThreadCreate(&os_thread_def, arg);
 990              		.loc 1 459 3 is_stmt 1 view .LVU207
 991              		.loc 1 459 10 is_stmt 0 view .LVU208
 992 0026 1146     		mov	r1, r2
 993 0028 FFF7FEFF 		bl	osThreadCreate
 994              	.LVL84:
 460:Middlewares/Third_Party/LwIP/system/OS/sys_arch.c **** #else
 461:Middlewares/Third_Party/LwIP/system/OS/sys_arch.c ****   const osThreadAttr_t attributes = {
 462:Middlewares/Third_Party/LwIP/system/OS/sys_arch.c ****                         .name = name,
 463:Middlewares/Third_Party/LwIP/system/OS/sys_arch.c ****                         .stack_size = stacksize,
 464:Middlewares/Third_Party/LwIP/system/OS/sys_arch.c ****                         .priority = (osPriority_t)prio,
 465:Middlewares/Third_Party/LwIP/system/OS/sys_arch.c ****                       };
 466:Middlewares/Third_Party/LwIP/system/OS/sys_arch.c ****   return osThreadNew(thread, arg, &attributes);
 467:Middlewares/Third_Party/LwIP/system/OS/sys_arch.c **** #endif
 468:Middlewares/Third_Party/LwIP/system/OS/sys_arch.c **** }
 995              		.loc 1 468 1 view .LVU209
 996 002c 09B0     		add	sp, sp, #36
 997              	.LCFI33:
 998              		.cfi_def_cfa_offset 12
 999              		@ sp needed
 1000 002e 30BD     		pop	{r4, r5, pc}
 1001              		.loc 1 468 1 view .LVU210
 1002              		.cfi_endproc
 1003              	.LFE195:
 1005              		.section	.text.sys_arch_protect,"ax",%progbits
 1006              		.align	1
 1007              		.global	sys_arch_protect
 1008              		.syntax unified
 1009              		.thumb
 1010              		.thumb_func
 1012              	sys_arch_protect:
 1013              	.LFB196:
 469:Middlewares/Third_Party/LwIP/system/OS/sys_arch.c **** 
 470:Middlewares/Third_Party/LwIP/system/OS/sys_arch.c **** /*
 471:Middlewares/Third_Party/LwIP/system/OS/sys_arch.c ****   This optional function does a "fast" critical region protection and returns
 472:Middlewares/Third_Party/LwIP/system/OS/sys_arch.c ****   the previous protection level. This function is only called during very short
ARM GAS  /var/folders/6z/bj4rvlwn0mvdnknwnn42jd6r0000gn/T//ccDjyT1r.s 			page 27


 473:Middlewares/Third_Party/LwIP/system/OS/sys_arch.c ****   critical regions. An embedded system which supports ISR-based drivers might
 474:Middlewares/Third_Party/LwIP/system/OS/sys_arch.c ****   want to implement this function by disabling interrupts. Task-based systems
 475:Middlewares/Third_Party/LwIP/system/OS/sys_arch.c ****   might want to implement this by using a mutex or disabling tasking. This
 476:Middlewares/Third_Party/LwIP/system/OS/sys_arch.c ****   function should support recursive calls from the same task or interrupt. In
 477:Middlewares/Third_Party/LwIP/system/OS/sys_arch.c ****   other words, sys_arch_protect() could be called while already protected. In
 478:Middlewares/Third_Party/LwIP/system/OS/sys_arch.c ****   that case the return value indicates that it is already protected.
 479:Middlewares/Third_Party/LwIP/system/OS/sys_arch.c **** 
 480:Middlewares/Third_Party/LwIP/system/OS/sys_arch.c ****   sys_arch_protect() is only required if your port is supporting an operating
 481:Middlewares/Third_Party/LwIP/system/OS/sys_arch.c ****   system.
 482:Middlewares/Third_Party/LwIP/system/OS/sys_arch.c **** 
 483:Middlewares/Third_Party/LwIP/system/OS/sys_arch.c ****   Note: This function is based on FreeRTOS API, because no equivalent CMSIS-RTOS
 484:Middlewares/Third_Party/LwIP/system/OS/sys_arch.c ****         API is available
 485:Middlewares/Third_Party/LwIP/system/OS/sys_arch.c **** */
 486:Middlewares/Third_Party/LwIP/system/OS/sys_arch.c **** sys_prot_t sys_arch_protect(void)
 487:Middlewares/Third_Party/LwIP/system/OS/sys_arch.c **** {
 1014              		.loc 1 487 1 is_stmt 1 view -0
 1015              		.cfi_startproc
 1016              		@ args = 0, pretend = 0, frame = 0
 1017              		@ frame_needed = 0, uses_anonymous_args = 0
 1018 0000 08B5     		push	{r3, lr}
 1019              	.LCFI34:
 1020              		.cfi_def_cfa_offset 8
 1021              		.cfi_offset 3, -8
 1022              		.cfi_offset 14, -4
 488:Middlewares/Third_Party/LwIP/system/OS/sys_arch.c **** #if (osCMSIS < 0x20000U)
 489:Middlewares/Third_Party/LwIP/system/OS/sys_arch.c ****   osMutexWait(lwip_sys_mutex, osWaitForever);
 1023              		.loc 1 489 3 view .LVU212
 1024 0002 4FF0FF31 		mov	r1, #-1
 1025 0006 034B     		ldr	r3, .L73
 1026 0008 1868     		ldr	r0, [r3]
 1027 000a FFF7FEFF 		bl	osMutexWait
 1028              	.LVL85:
 490:Middlewares/Third_Party/LwIP/system/OS/sys_arch.c **** #else
 491:Middlewares/Third_Party/LwIP/system/OS/sys_arch.c ****   osMutexAcquire(lwip_sys_mutex, osWaitForever);
 492:Middlewares/Third_Party/LwIP/system/OS/sys_arch.c **** #endif
 493:Middlewares/Third_Party/LwIP/system/OS/sys_arch.c ****   return (sys_prot_t)1;
 1029              		.loc 1 493 3 view .LVU213
 494:Middlewares/Third_Party/LwIP/system/OS/sys_arch.c **** }
 1030              		.loc 1 494 1 is_stmt 0 view .LVU214
 1031 000e 0120     		movs	r0, #1
 1032 0010 08BD     		pop	{r3, pc}
 1033              	.L74:
 1034 0012 00BF     		.align	2
 1035              	.L73:
 1036 0014 00000000 		.word	lwip_sys_mutex
 1037              		.cfi_endproc
 1038              	.LFE196:
 1040              		.section	.text.sys_arch_unprotect,"ax",%progbits
 1041              		.align	1
 1042              		.global	sys_arch_unprotect
 1043              		.syntax unified
 1044              		.thumb
 1045              		.thumb_func
 1047              	sys_arch_unprotect:
 1048              	.LVL86:
 1049              	.LFB197:
 495:Middlewares/Third_Party/LwIP/system/OS/sys_arch.c **** 
ARM GAS  /var/folders/6z/bj4rvlwn0mvdnknwnn42jd6r0000gn/T//ccDjyT1r.s 			page 28


 496:Middlewares/Third_Party/LwIP/system/OS/sys_arch.c **** 
 497:Middlewares/Third_Party/LwIP/system/OS/sys_arch.c **** /*
 498:Middlewares/Third_Party/LwIP/system/OS/sys_arch.c ****   This optional function does a "fast" set of critical region protection to the
 499:Middlewares/Third_Party/LwIP/system/OS/sys_arch.c ****   value specified by pval. See the documentation for sys_arch_protect() for
 500:Middlewares/Third_Party/LwIP/system/OS/sys_arch.c ****   more information. This function is only required if your port is supporting
 501:Middlewares/Third_Party/LwIP/system/OS/sys_arch.c ****   an operating system.
 502:Middlewares/Third_Party/LwIP/system/OS/sys_arch.c **** 
 503:Middlewares/Third_Party/LwIP/system/OS/sys_arch.c ****   Note: This function is based on FreeRTOS API, because no equivalent CMSIS-RTOS
 504:Middlewares/Third_Party/LwIP/system/OS/sys_arch.c ****         API is available
 505:Middlewares/Third_Party/LwIP/system/OS/sys_arch.c **** */
 506:Middlewares/Third_Party/LwIP/system/OS/sys_arch.c **** void sys_arch_unprotect(sys_prot_t pval)
 507:Middlewares/Third_Party/LwIP/system/OS/sys_arch.c **** {
 1050              		.loc 1 507 1 is_stmt 1 view -0
 1051              		.cfi_startproc
 1052              		@ args = 0, pretend = 0, frame = 0
 1053              		@ frame_needed = 0, uses_anonymous_args = 0
 1054              		.loc 1 507 1 is_stmt 0 view .LVU216
 1055 0000 08B5     		push	{r3, lr}
 1056              	.LCFI35:
 1057              		.cfi_def_cfa_offset 8
 1058              		.cfi_offset 3, -8
 1059              		.cfi_offset 14, -4
 508:Middlewares/Third_Party/LwIP/system/OS/sys_arch.c ****   ( void ) pval;
 1060              		.loc 1 508 3 is_stmt 1 view .LVU217
 509:Middlewares/Third_Party/LwIP/system/OS/sys_arch.c ****   osMutexRelease(lwip_sys_mutex);
 1061              		.loc 1 509 3 view .LVU218
 1062 0002 024B     		ldr	r3, .L77
 1063 0004 1868     		ldr	r0, [r3]
 1064              	.LVL87:
 1065              		.loc 1 509 3 is_stmt 0 view .LVU219
 1066 0006 FFF7FEFF 		bl	osMutexRelease
 1067              	.LVL88:
 510:Middlewares/Third_Party/LwIP/system/OS/sys_arch.c **** }
 1068              		.loc 1 510 1 view .LVU220
 1069 000a 08BD     		pop	{r3, pc}
 1070              	.L78:
 1071              		.align	2
 1072              	.L77:
 1073 000c 00000000 		.word	lwip_sys_mutex
 1074              		.cfi_endproc
 1075              	.LFE197:
 1077              		.global	os_mutex_def_lwip_sys_mutex
 1078              		.section	.rodata.os_mutex_def_lwip_sys_mutex,"a"
 1079              		.align	2
 1082              	os_mutex_def_lwip_sys_mutex:
 1083 0000 00000000 		.space	8
 1083      00000000 
 1084              		.global	lwip_sys_mutex
 1085              		.section	.bss.lwip_sys_mutex,"aw",%nobits
 1086              		.align	2
 1089              	lwip_sys_mutex:
 1090 0000 00000000 		.space	4
 1091              		.global	errno
 1092              		.section	.bss.errno,"aw",%nobits
 1093              		.align	2
 1096              	errno:
 1097 0000 00000000 		.space	4
ARM GAS  /var/folders/6z/bj4rvlwn0mvdnknwnn42jd6r0000gn/T//ccDjyT1r.s 			page 29


 1098              		.text
 1099              	.Letext0:
 1100              		.file 2 "/Applications/ArmGNUToolchain/14.3.rel1/arm-none-eabi/arm-none-eabi/include/machine/_defa
 1101              		.file 3 "Middlewares/Third_Party/LwIP/system/arch/cc.h"
 1102              		.file 4 "/Applications/ArmGNUToolchain/14.3.rel1/arm-none-eabi/arm-none-eabi/include/sys/_stdint.h
 1103              		.file 5 "Middlewares/Third_Party/LwIP/src/include/lwip/arch.h"
 1104              		.file 6 "Middlewares/Third_Party/LwIP/src/include/lwip/err.h"
 1105              		.file 7 "Middlewares/Third_Party/FreeRTOS/Source/portable/GCC/ARM_CM4F/portmacro.h"
 1106              		.file 8 "Middlewares/Third_Party/FreeRTOS/Source/include/FreeRTOS.h"
 1107              		.file 9 "Middlewares/Third_Party/FreeRTOS/Source/include/task.h"
 1108              		.file 10 "Middlewares/Third_Party/FreeRTOS/Source/include/queue.h"
 1109              		.file 11 "Middlewares/Third_Party/FreeRTOS/Source/include/semphr.h"
 1110              		.file 12 "Middlewares/Third_Party/FreeRTOS/Source/CMSIS_RTOS/cmsis_os.h"
 1111              		.file 13 "Middlewares/Third_Party/LwIP/system/arch/sys_arch.h"
 1112              		.file 14 "Middlewares/Third_Party/LwIP/src/include/lwip/sys.h"
 1113              		.file 15 "Middlewares/Third_Party/LwIP/src/include/lwip/memp.h"
ARM GAS  /var/folders/6z/bj4rvlwn0mvdnknwnn42jd6r0000gn/T//ccDjyT1r.s 			page 30


DEFINED SYMBOLS
                            *ABS*:00000000 sys_arch.c
/var/folders/6z/bj4rvlwn0mvdnknwnn42jd6r0000gn/T//ccDjyT1r.s:20     .text.sys_mbox_new:00000000 $t
/var/folders/6z/bj4rvlwn0mvdnknwnn42jd6r0000gn/T//ccDjyT1r.s:26     .text.sys_mbox_new:00000000 sys_mbox_new
/var/folders/6z/bj4rvlwn0mvdnknwnn42jd6r0000gn/T//ccDjyT1r.s:85     .text.sys_mbox_free:00000000 $t
/var/folders/6z/bj4rvlwn0mvdnknwnn42jd6r0000gn/T//ccDjyT1r.s:91     .text.sys_mbox_free:00000000 sys_mbox_free
/var/folders/6z/bj4rvlwn0mvdnknwnn42jd6r0000gn/T//ccDjyT1r.s:124    .text.sys_mbox_post:00000000 $t
/var/folders/6z/bj4rvlwn0mvdnknwnn42jd6r0000gn/T//ccDjyT1r.s:130    .text.sys_mbox_post:00000000 sys_mbox_post
/var/folders/6z/bj4rvlwn0mvdnknwnn42jd6r0000gn/T//ccDjyT1r.s:167    .text.sys_mbox_trypost:00000000 $t
/var/folders/6z/bj4rvlwn0mvdnknwnn42jd6r0000gn/T//ccDjyT1r.s:173    .text.sys_mbox_trypost:00000000 sys_mbox_trypost
/var/folders/6z/bj4rvlwn0mvdnknwnn42jd6r0000gn/T//ccDjyT1r.s:211    .text.sys_mbox_trypost_fromisr:00000000 $t
/var/folders/6z/bj4rvlwn0mvdnknwnn42jd6r0000gn/T//ccDjyT1r.s:217    .text.sys_mbox_trypost_fromisr:00000000 sys_mbox_trypost_fromisr
/var/folders/6z/bj4rvlwn0mvdnknwnn42jd6r0000gn/T//ccDjyT1r.s:240    .text.sys_arch_mbox_fetch:00000000 $t
/var/folders/6z/bj4rvlwn0mvdnknwnn42jd6r0000gn/T//ccDjyT1r.s:246    .text.sys_arch_mbox_fetch:00000000 sys_arch_mbox_fetch
/var/folders/6z/bj4rvlwn0mvdnknwnn42jd6r0000gn/T//ccDjyT1r.s:350    .text.sys_arch_mbox_tryfetch:00000000 $t
/var/folders/6z/bj4rvlwn0mvdnknwnn42jd6r0000gn/T//ccDjyT1r.s:356    .text.sys_arch_mbox_tryfetch:00000000 sys_arch_mbox_tryfetch
/var/folders/6z/bj4rvlwn0mvdnknwnn42jd6r0000gn/T//ccDjyT1r.s:418    .text.sys_mbox_valid:00000000 $t
/var/folders/6z/bj4rvlwn0mvdnknwnn42jd6r0000gn/T//ccDjyT1r.s:424    .text.sys_mbox_valid:00000000 sys_mbox_valid
/var/folders/6z/bj4rvlwn0mvdnknwnn42jd6r0000gn/T//ccDjyT1r.s:453    .text.sys_mbox_set_invalid:00000000 $t
/var/folders/6z/bj4rvlwn0mvdnknwnn42jd6r0000gn/T//ccDjyT1r.s:459    .text.sys_mbox_set_invalid:00000000 sys_mbox_set_invalid
/var/folders/6z/bj4rvlwn0mvdnknwnn42jd6r0000gn/T//ccDjyT1r.s:477    .text.sys_sem_new:00000000 $t
/var/folders/6z/bj4rvlwn0mvdnknwnn42jd6r0000gn/T//ccDjyT1r.s:483    .text.sys_sem_new:00000000 sys_sem_new
/var/folders/6z/bj4rvlwn0mvdnknwnn42jd6r0000gn/T//ccDjyT1r.s:553    .text.sys_arch_sem_wait:00000000 $t
/var/folders/6z/bj4rvlwn0mvdnknwnn42jd6r0000gn/T//ccDjyT1r.s:559    .text.sys_arch_sem_wait:00000000 sys_arch_sem_wait
/var/folders/6z/bj4rvlwn0mvdnknwnn42jd6r0000gn/T//ccDjyT1r.s:634    .text.sys_sem_signal:00000000 $t
/var/folders/6z/bj4rvlwn0mvdnknwnn42jd6r0000gn/T//ccDjyT1r.s:640    .text.sys_sem_signal:00000000 sys_sem_signal
/var/folders/6z/bj4rvlwn0mvdnknwnn42jd6r0000gn/T//ccDjyT1r.s:665    .text.sys_sem_free:00000000 $t
/var/folders/6z/bj4rvlwn0mvdnknwnn42jd6r0000gn/T//ccDjyT1r.s:671    .text.sys_sem_free:00000000 sys_sem_free
/var/folders/6z/bj4rvlwn0mvdnknwnn42jd6r0000gn/T//ccDjyT1r.s:696    .text.sys_sem_valid:00000000 $t
/var/folders/6z/bj4rvlwn0mvdnknwnn42jd6r0000gn/T//ccDjyT1r.s:702    .text.sys_sem_valid:00000000 sys_sem_valid
/var/folders/6z/bj4rvlwn0mvdnknwnn42jd6r0000gn/T//ccDjyT1r.s:731    .text.sys_sem_set_invalid:00000000 $t
/var/folders/6z/bj4rvlwn0mvdnknwnn42jd6r0000gn/T//ccDjyT1r.s:737    .text.sys_sem_set_invalid:00000000 sys_sem_set_invalid
/var/folders/6z/bj4rvlwn0mvdnknwnn42jd6r0000gn/T//ccDjyT1r.s:755    .text.sys_init:00000000 $t
/var/folders/6z/bj4rvlwn0mvdnknwnn42jd6r0000gn/T//ccDjyT1r.s:761    .text.sys_init:00000000 sys_init
/var/folders/6z/bj4rvlwn0mvdnknwnn42jd6r0000gn/T//ccDjyT1r.s:785    .text.sys_init:00000010 $d
/var/folders/6z/bj4rvlwn0mvdnknwnn42jd6r0000gn/T//ccDjyT1r.s:1082   .rodata.os_mutex_def_lwip_sys_mutex:00000000 os_mutex_def_lwip_sys_mutex
/var/folders/6z/bj4rvlwn0mvdnknwnn42jd6r0000gn/T//ccDjyT1r.s:1089   .bss.lwip_sys_mutex:00000000 lwip_sys_mutex
/var/folders/6z/bj4rvlwn0mvdnknwnn42jd6r0000gn/T//ccDjyT1r.s:791    .text.sys_mutex_new:00000000 $t
/var/folders/6z/bj4rvlwn0mvdnknwnn42jd6r0000gn/T//ccDjyT1r.s:797    .text.sys_mutex_new:00000000 sys_mutex_new
/var/folders/6z/bj4rvlwn0mvdnknwnn42jd6r0000gn/T//ccDjyT1r.s:851    .text.sys_mutex_free:00000000 $t
/var/folders/6z/bj4rvlwn0mvdnknwnn42jd6r0000gn/T//ccDjyT1r.s:857    .text.sys_mutex_free:00000000 sys_mutex_free
/var/folders/6z/bj4rvlwn0mvdnknwnn42jd6r0000gn/T//ccDjyT1r.s:882    .text.sys_mutex_lock:00000000 $t
/var/folders/6z/bj4rvlwn0mvdnknwnn42jd6r0000gn/T//ccDjyT1r.s:888    .text.sys_mutex_lock:00000000 sys_mutex_lock
/var/folders/6z/bj4rvlwn0mvdnknwnn42jd6r0000gn/T//ccDjyT1r.s:914    .text.sys_mutex_unlock:00000000 $t
/var/folders/6z/bj4rvlwn0mvdnknwnn42jd6r0000gn/T//ccDjyT1r.s:920    .text.sys_mutex_unlock:00000000 sys_mutex_unlock
/var/folders/6z/bj4rvlwn0mvdnknwnn42jd6r0000gn/T//ccDjyT1r.s:945    .text.sys_thread_new:00000000 $t
/var/folders/6z/bj4rvlwn0mvdnknwnn42jd6r0000gn/T//ccDjyT1r.s:951    .text.sys_thread_new:00000000 sys_thread_new
/var/folders/6z/bj4rvlwn0mvdnknwnn42jd6r0000gn/T//ccDjyT1r.s:1006   .text.sys_arch_protect:00000000 $t
/var/folders/6z/bj4rvlwn0mvdnknwnn42jd6r0000gn/T//ccDjyT1r.s:1012   .text.sys_arch_protect:00000000 sys_arch_protect
/var/folders/6z/bj4rvlwn0mvdnknwnn42jd6r0000gn/T//ccDjyT1r.s:1036   .text.sys_arch_protect:00000014 $d
/var/folders/6z/bj4rvlwn0mvdnknwnn42jd6r0000gn/T//ccDjyT1r.s:1041   .text.sys_arch_unprotect:00000000 $t
/var/folders/6z/bj4rvlwn0mvdnknwnn42jd6r0000gn/T//ccDjyT1r.s:1047   .text.sys_arch_unprotect:00000000 sys_arch_unprotect
/var/folders/6z/bj4rvlwn0mvdnknwnn42jd6r0000gn/T//ccDjyT1r.s:1073   .text.sys_arch_unprotect:0000000c $d
/var/folders/6z/bj4rvlwn0mvdnknwnn42jd6r0000gn/T//ccDjyT1r.s:1079   .rodata.os_mutex_def_lwip_sys_mutex:00000000 $d
/var/folders/6z/bj4rvlwn0mvdnknwnn42jd6r0000gn/T//ccDjyT1r.s:1086   .bss.lwip_sys_mutex:00000000 $d
/var/folders/6z/bj4rvlwn0mvdnknwnn42jd6r0000gn/T//ccDjyT1r.s:1096   .bss.errno:00000000 errno
/var/folders/6z/bj4rvlwn0mvdnknwnn42jd6r0000gn/T//ccDjyT1r.s:1093   .bss.errno:00000000 $d
ARM GAS  /var/folders/6z/bj4rvlwn0mvdnknwnn42jd6r0000gn/T//ccDjyT1r.s 			page 31



UNDEFINED SYMBOLS
osMessageCreate
osMessageWaiting
osMessageDelete
osMessagePut
osKernelSysTick
osMessageGet
osSemaphoreCreate
osSemaphoreWait
osSemaphoreRelease
osSemaphoreDelete
osMutexCreate
osMutexDelete
osMutexWait
osMutexRelease
osThreadCreate
