ARM GAS  /var/folders/6z/bj4rvlwn0mvdnknwnn42jd6r0000gn/T//ccVHHGIh.s 			page 1


   1              		.cpu cortex-m7
   2              		.arch armv7e-m
   3              		.fpu fpv5-d16
   4              		.eabi_attribute 28, 1
   5              		.eabi_attribute 20, 1
   6              		.eabi_attribute 21, 1
   7              		.eabi_attribute 23, 3
   8              		.eabi_attribute 24, 1
   9              		.eabi_attribute 25, 1
  10              		.eabi_attribute 26, 1
  11              		.eabi_attribute 30, 1
  12              		.eabi_attribute 34, 1
  13              		.eabi_attribute 18, 4
  14              		.file	"usbd_cdc_if.c"
  15              		.text
  16              	.Ltext0:
  17              		.cfi_sections	.debug_frame
  18              		.file 1 "USB_DEVICE/App/usbd_cdc_if.c"
  19              		.section	.text.CDC_DeInit_HS,"ax",%progbits
  20              		.align	1
  21              		.syntax unified
  22              		.thumb
  23              		.thumb_func
  25              	CDC_DeInit_HS:
  26              	.LFB149:
   1:USB_DEVICE/App/usbd_cdc_if.c **** /* USER CODE BEGIN Header */
   2:USB_DEVICE/App/usbd_cdc_if.c **** /**
   3:USB_DEVICE/App/usbd_cdc_if.c ****  ******************************************************************************
   4:USB_DEVICE/App/usbd_cdc_if.c ****  * @file           : usbd_cdc_if.c
   5:USB_DEVICE/App/usbd_cdc_if.c ****  * @version        : v1.0_Cube
   6:USB_DEVICE/App/usbd_cdc_if.c ****  * @brief          : Usb device for Virtual Com Port.
   7:USB_DEVICE/App/usbd_cdc_if.c ****  ******************************************************************************
   8:USB_DEVICE/App/usbd_cdc_if.c ****  * @attention
   9:USB_DEVICE/App/usbd_cdc_if.c ****  *
  10:USB_DEVICE/App/usbd_cdc_if.c ****  * Copyright (c) 2025 STMicroelectronics.
  11:USB_DEVICE/App/usbd_cdc_if.c ****  * All rights reserved.
  12:USB_DEVICE/App/usbd_cdc_if.c ****  *
  13:USB_DEVICE/App/usbd_cdc_if.c ****  * This software is licensed under terms that can be found in the LICENSE file
  14:USB_DEVICE/App/usbd_cdc_if.c ****  * in the root directory of this software component.
  15:USB_DEVICE/App/usbd_cdc_if.c ****  * If no LICENSE file comes with this software, it is provided AS-IS.
  16:USB_DEVICE/App/usbd_cdc_if.c ****  *
  17:USB_DEVICE/App/usbd_cdc_if.c ****  ******************************************************************************
  18:USB_DEVICE/App/usbd_cdc_if.c ****  */
  19:USB_DEVICE/App/usbd_cdc_if.c **** /* USER CODE END Header */
  20:USB_DEVICE/App/usbd_cdc_if.c **** 
  21:USB_DEVICE/App/usbd_cdc_if.c **** /* Includes ------------------------------------------------------------------*/
  22:USB_DEVICE/App/usbd_cdc_if.c **** #include "usbd_cdc_if.h"
  23:USB_DEVICE/App/usbd_cdc_if.c **** 
  24:USB_DEVICE/App/usbd_cdc_if.c **** /* USER CODE BEGIN INCLUDE */
  25:USB_DEVICE/App/usbd_cdc_if.c **** 
  26:USB_DEVICE/App/usbd_cdc_if.c **** /* USER CODE END INCLUDE */
  27:USB_DEVICE/App/usbd_cdc_if.c **** 
  28:USB_DEVICE/App/usbd_cdc_if.c **** /* Private typedef -----------------------------------------------------------*/
  29:USB_DEVICE/App/usbd_cdc_if.c **** /* Private define ------------------------------------------------------------*/
  30:USB_DEVICE/App/usbd_cdc_if.c **** /* Private macro -------------------------------------------------------------*/
  31:USB_DEVICE/App/usbd_cdc_if.c **** 
  32:USB_DEVICE/App/usbd_cdc_if.c **** /* USER CODE BEGIN PV */
ARM GAS  /var/folders/6z/bj4rvlwn0mvdnknwnn42jd6r0000gn/T//ccVHHGIh.s 			page 2


  33:USB_DEVICE/App/usbd_cdc_if.c **** /* Private variables ---------------------------------------------------------*/
  34:USB_DEVICE/App/usbd_cdc_if.c **** 
  35:USB_DEVICE/App/usbd_cdc_if.c **** /* USER CODE END PV */
  36:USB_DEVICE/App/usbd_cdc_if.c **** 
  37:USB_DEVICE/App/usbd_cdc_if.c **** /** @addtogroup STM32_USB_OTG_DEVICE_LIBRARY
  38:USB_DEVICE/App/usbd_cdc_if.c ****   * @brief Usb device library.
  39:USB_DEVICE/App/usbd_cdc_if.c ****   * @{
  40:USB_DEVICE/App/usbd_cdc_if.c ****   */
  41:USB_DEVICE/App/usbd_cdc_if.c **** 
  42:USB_DEVICE/App/usbd_cdc_if.c **** /** @addtogroup USBD_CDC_IF
  43:USB_DEVICE/App/usbd_cdc_if.c ****   * @{
  44:USB_DEVICE/App/usbd_cdc_if.c ****   */
  45:USB_DEVICE/App/usbd_cdc_if.c **** 
  46:USB_DEVICE/App/usbd_cdc_if.c **** /** @defgroup USBD_CDC_IF_Private_TypesDefinitions USBD_CDC_IF_Private_TypesDefinitions
  47:USB_DEVICE/App/usbd_cdc_if.c ****   * @brief Private types.
  48:USB_DEVICE/App/usbd_cdc_if.c ****   * @{
  49:USB_DEVICE/App/usbd_cdc_if.c ****   */
  50:USB_DEVICE/App/usbd_cdc_if.c **** 
  51:USB_DEVICE/App/usbd_cdc_if.c **** /* USER CODE BEGIN PRIVATE_TYPES */
  52:USB_DEVICE/App/usbd_cdc_if.c **** 
  53:USB_DEVICE/App/usbd_cdc_if.c **** /* USER CODE END PRIVATE_TYPES */
  54:USB_DEVICE/App/usbd_cdc_if.c **** 
  55:USB_DEVICE/App/usbd_cdc_if.c **** /**
  56:USB_DEVICE/App/usbd_cdc_if.c ****   * @}
  57:USB_DEVICE/App/usbd_cdc_if.c ****   */
  58:USB_DEVICE/App/usbd_cdc_if.c **** 
  59:USB_DEVICE/App/usbd_cdc_if.c **** /** @defgroup USBD_CDC_IF_Private_Defines USBD_CDC_IF_Private_Defines
  60:USB_DEVICE/App/usbd_cdc_if.c ****   * @brief Private defines.
  61:USB_DEVICE/App/usbd_cdc_if.c ****   * @{
  62:USB_DEVICE/App/usbd_cdc_if.c ****   */
  63:USB_DEVICE/App/usbd_cdc_if.c **** 
  64:USB_DEVICE/App/usbd_cdc_if.c **** /* USER CODE BEGIN PRIVATE_DEFINES */
  65:USB_DEVICE/App/usbd_cdc_if.c **** /* USER CODE END PRIVATE_DEFINES */
  66:USB_DEVICE/App/usbd_cdc_if.c **** 
  67:USB_DEVICE/App/usbd_cdc_if.c **** /**
  68:USB_DEVICE/App/usbd_cdc_if.c ****   * @}
  69:USB_DEVICE/App/usbd_cdc_if.c ****   */
  70:USB_DEVICE/App/usbd_cdc_if.c **** 
  71:USB_DEVICE/App/usbd_cdc_if.c **** /** @defgroup USBD_CDC_IF_Private_Macros USBD_CDC_IF_Private_Macros
  72:USB_DEVICE/App/usbd_cdc_if.c ****   * @brief Private macros.
  73:USB_DEVICE/App/usbd_cdc_if.c ****   * @{
  74:USB_DEVICE/App/usbd_cdc_if.c ****   */
  75:USB_DEVICE/App/usbd_cdc_if.c **** 
  76:USB_DEVICE/App/usbd_cdc_if.c **** /* USER CODE BEGIN PRIVATE_MACRO */
  77:USB_DEVICE/App/usbd_cdc_if.c **** 
  78:USB_DEVICE/App/usbd_cdc_if.c **** /* USER CODE END PRIVATE_MACRO */
  79:USB_DEVICE/App/usbd_cdc_if.c **** 
  80:USB_DEVICE/App/usbd_cdc_if.c **** /**
  81:USB_DEVICE/App/usbd_cdc_if.c ****   * @}
  82:USB_DEVICE/App/usbd_cdc_if.c ****   */
  83:USB_DEVICE/App/usbd_cdc_if.c **** 
  84:USB_DEVICE/App/usbd_cdc_if.c **** /** @defgroup USBD_CDC_IF_Private_Variables USBD_CDC_IF_Private_Variables
  85:USB_DEVICE/App/usbd_cdc_if.c ****   * @brief Private variables.
  86:USB_DEVICE/App/usbd_cdc_if.c ****   * @{
  87:USB_DEVICE/App/usbd_cdc_if.c ****   */
  88:USB_DEVICE/App/usbd_cdc_if.c **** 
  89:USB_DEVICE/App/usbd_cdc_if.c **** /* Create buffer for reception and transmission           */
ARM GAS  /var/folders/6z/bj4rvlwn0mvdnknwnn42jd6r0000gn/T//ccVHHGIh.s 			page 3


  90:USB_DEVICE/App/usbd_cdc_if.c **** /* It's up to user to redefine and/or remove those define */
  91:USB_DEVICE/App/usbd_cdc_if.c **** /** Received data over USB are stored in this buffer      */
  92:USB_DEVICE/App/usbd_cdc_if.c **** uint8_t UserRxBufferHS[APP_RX_DATA_SIZE];
  93:USB_DEVICE/App/usbd_cdc_if.c **** 
  94:USB_DEVICE/App/usbd_cdc_if.c **** /** Data to send over USB CDC are stored in this buffer   */
  95:USB_DEVICE/App/usbd_cdc_if.c **** uint8_t UserTxBufferHS[APP_TX_DATA_SIZE];
  96:USB_DEVICE/App/usbd_cdc_if.c **** 
  97:USB_DEVICE/App/usbd_cdc_if.c **** /* USER CODE BEGIN PRIVATE_VARIABLES */
  98:USB_DEVICE/App/usbd_cdc_if.c **** 
  99:USB_DEVICE/App/usbd_cdc_if.c **** /* USER CODE END PRIVATE_VARIABLES */
 100:USB_DEVICE/App/usbd_cdc_if.c **** 
 101:USB_DEVICE/App/usbd_cdc_if.c **** /**
 102:USB_DEVICE/App/usbd_cdc_if.c ****   * @}
 103:USB_DEVICE/App/usbd_cdc_if.c ****   */
 104:USB_DEVICE/App/usbd_cdc_if.c **** 
 105:USB_DEVICE/App/usbd_cdc_if.c **** /** @defgroup USBD_CDC_IF_Exported_Variables USBD_CDC_IF_Exported_Variables
 106:USB_DEVICE/App/usbd_cdc_if.c ****   * @brief Public variables.
 107:USB_DEVICE/App/usbd_cdc_if.c ****   * @{
 108:USB_DEVICE/App/usbd_cdc_if.c ****   */
 109:USB_DEVICE/App/usbd_cdc_if.c **** 
 110:USB_DEVICE/App/usbd_cdc_if.c **** extern USBD_HandleTypeDef hUsbDeviceHS;
 111:USB_DEVICE/App/usbd_cdc_if.c **** 
 112:USB_DEVICE/App/usbd_cdc_if.c **** /* USER CODE BEGIN EXPORTED_VARIABLES */
 113:USB_DEVICE/App/usbd_cdc_if.c **** 
 114:USB_DEVICE/App/usbd_cdc_if.c **** /* USER CODE END EXPORTED_VARIABLES */
 115:USB_DEVICE/App/usbd_cdc_if.c **** 
 116:USB_DEVICE/App/usbd_cdc_if.c **** /**
 117:USB_DEVICE/App/usbd_cdc_if.c ****   * @}
 118:USB_DEVICE/App/usbd_cdc_if.c ****   */
 119:USB_DEVICE/App/usbd_cdc_if.c **** 
 120:USB_DEVICE/App/usbd_cdc_if.c **** /** @defgroup USBD_CDC_IF_Private_FunctionPrototypes USBD_CDC_IF_Private_FunctionPrototypes
 121:USB_DEVICE/App/usbd_cdc_if.c ****   * @brief Private functions declaration.
 122:USB_DEVICE/App/usbd_cdc_if.c ****   * @{
 123:USB_DEVICE/App/usbd_cdc_if.c ****   */
 124:USB_DEVICE/App/usbd_cdc_if.c **** 
 125:USB_DEVICE/App/usbd_cdc_if.c **** static int8_t CDC_Init_HS(void);
 126:USB_DEVICE/App/usbd_cdc_if.c **** static int8_t CDC_DeInit_HS(void);
 127:USB_DEVICE/App/usbd_cdc_if.c **** static int8_t CDC_Control_HS(uint8_t cmd, uint8_t* pbuf, uint16_t length);
 128:USB_DEVICE/App/usbd_cdc_if.c **** static int8_t CDC_Receive_HS(uint8_t* pbuf, uint32_t *Len);
 129:USB_DEVICE/App/usbd_cdc_if.c **** static int8_t CDC_TransmitCplt_HS(uint8_t *pbuf, uint32_t *Len, uint8_t epnum);
 130:USB_DEVICE/App/usbd_cdc_if.c **** 
 131:USB_DEVICE/App/usbd_cdc_if.c **** /* USER CODE BEGIN PRIVATE_FUNCTIONS_DECLARATION */
 132:USB_DEVICE/App/usbd_cdc_if.c **** 
 133:USB_DEVICE/App/usbd_cdc_if.c **** /* USER CODE END PRIVATE_FUNCTIONS_DECLARATION */
 134:USB_DEVICE/App/usbd_cdc_if.c **** 
 135:USB_DEVICE/App/usbd_cdc_if.c **** /**
 136:USB_DEVICE/App/usbd_cdc_if.c ****   * @}
 137:USB_DEVICE/App/usbd_cdc_if.c ****   */
 138:USB_DEVICE/App/usbd_cdc_if.c **** 
 139:USB_DEVICE/App/usbd_cdc_if.c **** USBD_CDC_ItfTypeDef USBD_Interface_fops_HS =
 140:USB_DEVICE/App/usbd_cdc_if.c **** {
 141:USB_DEVICE/App/usbd_cdc_if.c ****   CDC_Init_HS,
 142:USB_DEVICE/App/usbd_cdc_if.c ****   CDC_DeInit_HS,
 143:USB_DEVICE/App/usbd_cdc_if.c ****   CDC_Control_HS,
 144:USB_DEVICE/App/usbd_cdc_if.c ****   CDC_Receive_HS,
 145:USB_DEVICE/App/usbd_cdc_if.c ****   CDC_TransmitCplt_HS
 146:USB_DEVICE/App/usbd_cdc_if.c **** };
ARM GAS  /var/folders/6z/bj4rvlwn0mvdnknwnn42jd6r0000gn/T//ccVHHGIh.s 			page 4


 147:USB_DEVICE/App/usbd_cdc_if.c **** 
 148:USB_DEVICE/App/usbd_cdc_if.c **** /* Private functions ---------------------------------------------------------*/
 149:USB_DEVICE/App/usbd_cdc_if.c **** 
 150:USB_DEVICE/App/usbd_cdc_if.c **** /**
 151:USB_DEVICE/App/usbd_cdc_if.c ****   * @brief  Initializes the CDC media low layer over the USB HS IP
 152:USB_DEVICE/App/usbd_cdc_if.c ****   * @retval USBD_OK if all operations are OK else USBD_FAIL
 153:USB_DEVICE/App/usbd_cdc_if.c ****   */
 154:USB_DEVICE/App/usbd_cdc_if.c **** static int8_t CDC_Init_HS(void)
 155:USB_DEVICE/App/usbd_cdc_if.c **** {
 156:USB_DEVICE/App/usbd_cdc_if.c ****   /* USER CODE BEGIN 8 */
 157:USB_DEVICE/App/usbd_cdc_if.c ****   /* Set Application Buffers */
 158:USB_DEVICE/App/usbd_cdc_if.c ****   USBD_CDC_SetTxBuffer(&hUsbDeviceHS, UserTxBufferHS, 0);
 159:USB_DEVICE/App/usbd_cdc_if.c ****   USBD_CDC_SetRxBuffer(&hUsbDeviceHS, UserRxBufferHS);
 160:USB_DEVICE/App/usbd_cdc_if.c ****   return (USBD_OK);
 161:USB_DEVICE/App/usbd_cdc_if.c ****   /* USER CODE END 8 */
 162:USB_DEVICE/App/usbd_cdc_if.c **** }
 163:USB_DEVICE/App/usbd_cdc_if.c **** 
 164:USB_DEVICE/App/usbd_cdc_if.c **** /**
 165:USB_DEVICE/App/usbd_cdc_if.c ****   * @brief  DeInitializes the CDC media low layer
 166:USB_DEVICE/App/usbd_cdc_if.c ****   * @param  None
 167:USB_DEVICE/App/usbd_cdc_if.c ****   * @retval USBD_OK if all operations are OK else USBD_FAIL
 168:USB_DEVICE/App/usbd_cdc_if.c ****   */
 169:USB_DEVICE/App/usbd_cdc_if.c **** static int8_t CDC_DeInit_HS(void)
 170:USB_DEVICE/App/usbd_cdc_if.c **** {
  27              		.loc 1 170 1 view -0
  28              		.cfi_startproc
  29              		@ args = 0, pretend = 0, frame = 0
  30              		@ frame_needed = 0, uses_anonymous_args = 0
  31              		@ link register save eliminated.
 171:USB_DEVICE/App/usbd_cdc_if.c ****   /* USER CODE BEGIN 9 */
 172:USB_DEVICE/App/usbd_cdc_if.c ****   return (USBD_OK);
  32              		.loc 1 172 3 view .LVU1
 173:USB_DEVICE/App/usbd_cdc_if.c ****   /* USER CODE END 9 */
 174:USB_DEVICE/App/usbd_cdc_if.c **** }
  33              		.loc 1 174 1 is_stmt 0 view .LVU2
  34 0000 0020     		movs	r0, #0
  35 0002 7047     		bx	lr
  36              		.cfi_endproc
  37              	.LFE149:
  39              		.section	.text.CDC_Control_HS,"ax",%progbits
  40              		.align	1
  41              		.syntax unified
  42              		.thumb
  43              		.thumb_func
  45              	CDC_Control_HS:
  46              	.LVL0:
  47              	.LFB150:
 175:USB_DEVICE/App/usbd_cdc_if.c **** 
 176:USB_DEVICE/App/usbd_cdc_if.c **** /**
 177:USB_DEVICE/App/usbd_cdc_if.c ****   * @brief  Manage the CDC class requests
 178:USB_DEVICE/App/usbd_cdc_if.c ****   * @param  cmd: Command code
 179:USB_DEVICE/App/usbd_cdc_if.c ****   * @param  pbuf: Buffer containing command data (request parameters)
 180:USB_DEVICE/App/usbd_cdc_if.c ****   * @param  length: Number of data to be sent (in bytes)
 181:USB_DEVICE/App/usbd_cdc_if.c ****   * @retval Result of the operation: USBD_OK if all operations are OK else USBD_FAIL
 182:USB_DEVICE/App/usbd_cdc_if.c ****   */
 183:USB_DEVICE/App/usbd_cdc_if.c **** static int8_t CDC_Control_HS(uint8_t cmd, uint8_t* pbuf, uint16_t length)
 184:USB_DEVICE/App/usbd_cdc_if.c **** {
ARM GAS  /var/folders/6z/bj4rvlwn0mvdnknwnn42jd6r0000gn/T//ccVHHGIh.s 			page 5


  48              		.loc 1 184 1 is_stmt 1 view -0
  49              		.cfi_startproc
  50              		@ args = 0, pretend = 0, frame = 0
  51              		@ frame_needed = 0, uses_anonymous_args = 0
  52              		@ link register save eliminated.
 185:USB_DEVICE/App/usbd_cdc_if.c ****   /* USER CODE BEGIN 10 */
 186:USB_DEVICE/App/usbd_cdc_if.c ****   switch (cmd)
  53              		.loc 1 186 3 view .LVU4
 187:USB_DEVICE/App/usbd_cdc_if.c ****   {
 188:USB_DEVICE/App/usbd_cdc_if.c ****   case CDC_SEND_ENCAPSULATED_COMMAND:
 189:USB_DEVICE/App/usbd_cdc_if.c **** 
 190:USB_DEVICE/App/usbd_cdc_if.c ****     break;
 191:USB_DEVICE/App/usbd_cdc_if.c **** 
 192:USB_DEVICE/App/usbd_cdc_if.c ****   case CDC_GET_ENCAPSULATED_RESPONSE:
 193:USB_DEVICE/App/usbd_cdc_if.c **** 
 194:USB_DEVICE/App/usbd_cdc_if.c ****     break;
 195:USB_DEVICE/App/usbd_cdc_if.c **** 
 196:USB_DEVICE/App/usbd_cdc_if.c ****   case CDC_SET_COMM_FEATURE:
 197:USB_DEVICE/App/usbd_cdc_if.c **** 
 198:USB_DEVICE/App/usbd_cdc_if.c ****     break;
 199:USB_DEVICE/App/usbd_cdc_if.c **** 
 200:USB_DEVICE/App/usbd_cdc_if.c ****   case CDC_GET_COMM_FEATURE:
 201:USB_DEVICE/App/usbd_cdc_if.c **** 
 202:USB_DEVICE/App/usbd_cdc_if.c ****     break;
 203:USB_DEVICE/App/usbd_cdc_if.c **** 
 204:USB_DEVICE/App/usbd_cdc_if.c ****   case CDC_CLEAR_COMM_FEATURE:
 205:USB_DEVICE/App/usbd_cdc_if.c **** 
 206:USB_DEVICE/App/usbd_cdc_if.c ****     break;
 207:USB_DEVICE/App/usbd_cdc_if.c **** 
 208:USB_DEVICE/App/usbd_cdc_if.c ****   /*******************************************************************************/
 209:USB_DEVICE/App/usbd_cdc_if.c ****   /* Line Coding Structure                                                       */
 210:USB_DEVICE/App/usbd_cdc_if.c ****   /*-----------------------------------------------------------------------------*/
 211:USB_DEVICE/App/usbd_cdc_if.c ****   /* Offset | Field       | Size | Value  | Description                          */
 212:USB_DEVICE/App/usbd_cdc_if.c ****   /* 0      | dwDTERate   |   4  | Number |Data terminal rate, in bits per second*/
 213:USB_DEVICE/App/usbd_cdc_if.c ****   /* 4      | bCharFormat |   1  | Number | Stop bits                            */
 214:USB_DEVICE/App/usbd_cdc_if.c ****   /*                                        0 - 1 Stop bit                       */
 215:USB_DEVICE/App/usbd_cdc_if.c ****   /*                                        1 - 1.5 Stop bits                    */
 216:USB_DEVICE/App/usbd_cdc_if.c ****   /*                                        2 - 2 Stop bits                      */
 217:USB_DEVICE/App/usbd_cdc_if.c ****   /* 5      | bParityType |  1   | Number | Parity                               */
 218:USB_DEVICE/App/usbd_cdc_if.c ****   /*                                        0 - None                             */
 219:USB_DEVICE/App/usbd_cdc_if.c ****   /*                                        1 - Odd                              */
 220:USB_DEVICE/App/usbd_cdc_if.c ****   /*                                        2 - Even                             */
 221:USB_DEVICE/App/usbd_cdc_if.c ****   /*                                        3 - Mark                             */
 222:USB_DEVICE/App/usbd_cdc_if.c ****   /*                                        4 - Space                            */
 223:USB_DEVICE/App/usbd_cdc_if.c ****   /* 6      | bDataBits  |   1   | Number Data bits (5, 6, 7, 8 or 16).          */
 224:USB_DEVICE/App/usbd_cdc_if.c ****   /*******************************************************************************/
 225:USB_DEVICE/App/usbd_cdc_if.c ****   case CDC_SET_LINE_CODING:
 226:USB_DEVICE/App/usbd_cdc_if.c **** 
 227:USB_DEVICE/App/usbd_cdc_if.c ****     break;
 228:USB_DEVICE/App/usbd_cdc_if.c **** 
 229:USB_DEVICE/App/usbd_cdc_if.c ****   case CDC_GET_LINE_CODING:
 230:USB_DEVICE/App/usbd_cdc_if.c **** 
 231:USB_DEVICE/App/usbd_cdc_if.c ****     break;
 232:USB_DEVICE/App/usbd_cdc_if.c **** 
 233:USB_DEVICE/App/usbd_cdc_if.c ****   case CDC_SET_CONTROL_LINE_STATE:
 234:USB_DEVICE/App/usbd_cdc_if.c **** 
 235:USB_DEVICE/App/usbd_cdc_if.c ****     break;
ARM GAS  /var/folders/6z/bj4rvlwn0mvdnknwnn42jd6r0000gn/T//ccVHHGIh.s 			page 6


 236:USB_DEVICE/App/usbd_cdc_if.c **** 
 237:USB_DEVICE/App/usbd_cdc_if.c ****   case CDC_SEND_BREAK:
 238:USB_DEVICE/App/usbd_cdc_if.c **** 
 239:USB_DEVICE/App/usbd_cdc_if.c ****     break;
 240:USB_DEVICE/App/usbd_cdc_if.c **** 
 241:USB_DEVICE/App/usbd_cdc_if.c ****   default:
 242:USB_DEVICE/App/usbd_cdc_if.c ****     break;
  54              		.loc 1 242 5 view .LVU5
 243:USB_DEVICE/App/usbd_cdc_if.c ****   }
 244:USB_DEVICE/App/usbd_cdc_if.c **** 
 245:USB_DEVICE/App/usbd_cdc_if.c ****   return (USBD_OK);
  55              		.loc 1 245 3 view .LVU6
 246:USB_DEVICE/App/usbd_cdc_if.c ****   /* USER CODE END 10 */
 247:USB_DEVICE/App/usbd_cdc_if.c **** }
  56              		.loc 1 247 1 is_stmt 0 view .LVU7
  57 0000 0020     		movs	r0, #0
  58              	.LVL1:
  59              		.loc 1 247 1 view .LVU8
  60 0002 7047     		bx	lr
  61              		.cfi_endproc
  62              	.LFE150:
  64              		.section	.text.CDC_TransmitCplt_HS,"ax",%progbits
  65              		.align	1
  66              		.syntax unified
  67              		.thumb
  68              		.thumb_func
  70              	CDC_TransmitCplt_HS:
  71              	.LVL2:
  72              	.LFB153:
 248:USB_DEVICE/App/usbd_cdc_if.c **** 
 249:USB_DEVICE/App/usbd_cdc_if.c **** /**
 250:USB_DEVICE/App/usbd_cdc_if.c ****   * @brief Data received over USB OUT endpoint are sent over CDC interface
 251:USB_DEVICE/App/usbd_cdc_if.c ****   *         through this function.
 252:USB_DEVICE/App/usbd_cdc_if.c ****   *
 253:USB_DEVICE/App/usbd_cdc_if.c ****   *         @note
 254:USB_DEVICE/App/usbd_cdc_if.c ****   *         This function will issue a NAK packet on any OUT packet received on
 255:USB_DEVICE/App/usbd_cdc_if.c ****   *         USB endpoint until exiting this function. If you exit this function
 256:USB_DEVICE/App/usbd_cdc_if.c ****   *         before transfer is complete on CDC interface (ie. using DMA controller)
 257:USB_DEVICE/App/usbd_cdc_if.c ****   *         it will result in receiving more data while previous ones are still
 258:USB_DEVICE/App/usbd_cdc_if.c ****   *         not sent.
 259:USB_DEVICE/App/usbd_cdc_if.c ****   *
 260:USB_DEVICE/App/usbd_cdc_if.c ****   * @param  Buf: Buffer of data to be received
 261:USB_DEVICE/App/usbd_cdc_if.c ****   * @param  Len: Number of data received (in bytes)
 262:USB_DEVICE/App/usbd_cdc_if.c ****   * @retval Result of the operation: USBD_OK if all operations are OK else USBD_FAILL
 263:USB_DEVICE/App/usbd_cdc_if.c ****   */
 264:USB_DEVICE/App/usbd_cdc_if.c **** static int8_t CDC_Receive_HS(uint8_t* Buf, uint32_t *Len)
 265:USB_DEVICE/App/usbd_cdc_if.c **** {
 266:USB_DEVICE/App/usbd_cdc_if.c ****   /* USER CODE BEGIN 11 */
 267:USB_DEVICE/App/usbd_cdc_if.c ****   USBD_CDC_SetRxBuffer(&hUsbDeviceHS, &Buf[0]);
 268:USB_DEVICE/App/usbd_cdc_if.c ****   USBD_CDC_ReceivePacket(&hUsbDeviceHS);
 269:USB_DEVICE/App/usbd_cdc_if.c **** 
 270:USB_DEVICE/App/usbd_cdc_if.c ****   CDC_Transmit_HS(&Buf[0], 1);
 271:USB_DEVICE/App/usbd_cdc_if.c **** 
 272:USB_DEVICE/App/usbd_cdc_if.c ****   return (USBD_OK);
 273:USB_DEVICE/App/usbd_cdc_if.c ****   /* USER CODE END 11 */
 274:USB_DEVICE/App/usbd_cdc_if.c **** }
 275:USB_DEVICE/App/usbd_cdc_if.c **** 
ARM GAS  /var/folders/6z/bj4rvlwn0mvdnknwnn42jd6r0000gn/T//ccVHHGIh.s 			page 7


 276:USB_DEVICE/App/usbd_cdc_if.c **** /**
 277:USB_DEVICE/App/usbd_cdc_if.c ****   * @brief  Data to send over USB IN endpoint are sent over CDC interface
 278:USB_DEVICE/App/usbd_cdc_if.c ****   *         through this function.
 279:USB_DEVICE/App/usbd_cdc_if.c ****   * @param  Buf: Buffer of data to be sent
 280:USB_DEVICE/App/usbd_cdc_if.c ****   * @param  Len: Number of data to be sent (in bytes)
 281:USB_DEVICE/App/usbd_cdc_if.c ****   * @retval Result of the operation: USBD_OK if all operations are OK else USBD_FAIL or USBD_BUSY
 282:USB_DEVICE/App/usbd_cdc_if.c ****   */
 283:USB_DEVICE/App/usbd_cdc_if.c **** uint8_t CDC_Transmit_HS(uint8_t* Buf, uint16_t Len)
 284:USB_DEVICE/App/usbd_cdc_if.c **** {
 285:USB_DEVICE/App/usbd_cdc_if.c ****   uint8_t result = USBD_OK;
 286:USB_DEVICE/App/usbd_cdc_if.c ****   /* USER CODE BEGIN 12 */
 287:USB_DEVICE/App/usbd_cdc_if.c ****   USBD_CDC_HandleTypeDef *hcdc = (USBD_CDC_HandleTypeDef *)hUsbDeviceHS.pClassData;
 288:USB_DEVICE/App/usbd_cdc_if.c ****   if (hcdc->TxState != 0)
 289:USB_DEVICE/App/usbd_cdc_if.c ****   {
 290:USB_DEVICE/App/usbd_cdc_if.c ****     return USBD_BUSY;
 291:USB_DEVICE/App/usbd_cdc_if.c ****   }
 292:USB_DEVICE/App/usbd_cdc_if.c ****   USBD_CDC_SetTxBuffer(&hUsbDeviceHS, Buf, Len);
 293:USB_DEVICE/App/usbd_cdc_if.c ****   result = USBD_CDC_TransmitPacket(&hUsbDeviceHS);
 294:USB_DEVICE/App/usbd_cdc_if.c ****   /* USER CODE END 12 */
 295:USB_DEVICE/App/usbd_cdc_if.c ****   return result;
 296:USB_DEVICE/App/usbd_cdc_if.c **** }
 297:USB_DEVICE/App/usbd_cdc_if.c **** 
 298:USB_DEVICE/App/usbd_cdc_if.c **** /**
 299:USB_DEVICE/App/usbd_cdc_if.c ****   * @brief  CDC_TransmitCplt_HS
 300:USB_DEVICE/App/usbd_cdc_if.c ****   *         Data transmitted callback
 301:USB_DEVICE/App/usbd_cdc_if.c ****   *
 302:USB_DEVICE/App/usbd_cdc_if.c ****   *         @note
 303:USB_DEVICE/App/usbd_cdc_if.c ****   *         This function is IN transfer complete callback used to inform user that
 304:USB_DEVICE/App/usbd_cdc_if.c ****   *         the submitted Data is successfully sent over USB.
 305:USB_DEVICE/App/usbd_cdc_if.c ****   *
 306:USB_DEVICE/App/usbd_cdc_if.c ****   * @param  Buf: Buffer of data to be received
 307:USB_DEVICE/App/usbd_cdc_if.c ****   * @param  Len: Number of data received (in bytes)
 308:USB_DEVICE/App/usbd_cdc_if.c ****   * @retval Result of the operation: USBD_OK if all operations are OK else USBD_FAIL
 309:USB_DEVICE/App/usbd_cdc_if.c ****   */
 310:USB_DEVICE/App/usbd_cdc_if.c **** static int8_t CDC_TransmitCplt_HS(uint8_t *Buf, uint32_t *Len, uint8_t epnum)
 311:USB_DEVICE/App/usbd_cdc_if.c **** {
  73              		.loc 1 311 1 is_stmt 1 view -0
  74              		.cfi_startproc
  75              		@ args = 0, pretend = 0, frame = 0
  76              		@ frame_needed = 0, uses_anonymous_args = 0
  77              		@ link register save eliminated.
 312:USB_DEVICE/App/usbd_cdc_if.c ****   uint8_t result = USBD_OK;
  78              		.loc 1 312 3 view .LVU10
 313:USB_DEVICE/App/usbd_cdc_if.c ****   /* USER CODE BEGIN 14 */
 314:USB_DEVICE/App/usbd_cdc_if.c ****   UNUSED(Buf);
  79              		.loc 1 314 3 view .LVU11
 315:USB_DEVICE/App/usbd_cdc_if.c ****   UNUSED(Len);
  80              		.loc 1 315 3 view .LVU12
 316:USB_DEVICE/App/usbd_cdc_if.c ****   UNUSED(epnum);
  81              		.loc 1 316 3 view .LVU13
 317:USB_DEVICE/App/usbd_cdc_if.c ****   /* USER CODE END 14 */
 318:USB_DEVICE/App/usbd_cdc_if.c ****   return result;
  82              		.loc 1 318 3 view .LVU14
 319:USB_DEVICE/App/usbd_cdc_if.c **** }
  83              		.loc 1 319 1 is_stmt 0 view .LVU15
  84 0000 0020     		movs	r0, #0
  85              	.LVL3:
ARM GAS  /var/folders/6z/bj4rvlwn0mvdnknwnn42jd6r0000gn/T//ccVHHGIh.s 			page 8


  86              		.loc 1 319 1 view .LVU16
  87 0002 7047     		bx	lr
  88              		.cfi_endproc
  89              	.LFE153:
  91              		.section	.text.CDC_Init_HS,"ax",%progbits
  92              		.align	1
  93              		.syntax unified
  94              		.thumb
  95              		.thumb_func
  97              	CDC_Init_HS:
  98              	.LFB148:
 155:USB_DEVICE/App/usbd_cdc_if.c ****   /* USER CODE BEGIN 8 */
  99              		.loc 1 155 1 is_stmt 1 view -0
 100              		.cfi_startproc
 101              		@ args = 0, pretend = 0, frame = 0
 102              		@ frame_needed = 0, uses_anonymous_args = 0
 103 0000 10B5     		push	{r4, lr}
 104              	.LCFI0:
 105              		.cfi_def_cfa_offset 8
 106              		.cfi_offset 4, -8
 107              		.cfi_offset 14, -4
 158:USB_DEVICE/App/usbd_cdc_if.c ****   USBD_CDC_SetRxBuffer(&hUsbDeviceHS, UserRxBufferHS);
 108              		.loc 1 158 3 view .LVU18
 109 0002 064C     		ldr	r4, .L6
 110 0004 0022     		movs	r2, #0
 111 0006 0649     		ldr	r1, .L6+4
 112 0008 2046     		mov	r0, r4
 113 000a FFF7FEFF 		bl	USBD_CDC_SetTxBuffer
 114              	.LVL4:
 159:USB_DEVICE/App/usbd_cdc_if.c ****   return (USBD_OK);
 115              		.loc 1 159 3 view .LVU19
 116 000e 0549     		ldr	r1, .L6+8
 117 0010 2046     		mov	r0, r4
 118 0012 FFF7FEFF 		bl	USBD_CDC_SetRxBuffer
 119              	.LVL5:
 160:USB_DEVICE/App/usbd_cdc_if.c ****   /* USER CODE END 8 */
 120              		.loc 1 160 3 view .LVU20
 162:USB_DEVICE/App/usbd_cdc_if.c **** 
 121              		.loc 1 162 1 is_stmt 0 view .LVU21
 122 0016 0020     		movs	r0, #0
 123 0018 10BD     		pop	{r4, pc}
 124              	.L7:
 125 001a 00BF     		.align	2
 126              	.L6:
 127 001c 00000000 		.word	hUsbDeviceHS
 128 0020 00000000 		.word	UserTxBufferHS
 129 0024 00000000 		.word	UserRxBufferHS
 130              		.cfi_endproc
 131              	.LFE148:
 133              		.section	.text.CDC_Transmit_HS,"ax",%progbits
 134              		.align	1
 135              		.global	CDC_Transmit_HS
 136              		.syntax unified
 137              		.thumb
 138              		.thumb_func
 140              	CDC_Transmit_HS:
 141              	.LVL6:
ARM GAS  /var/folders/6z/bj4rvlwn0mvdnknwnn42jd6r0000gn/T//ccVHHGIh.s 			page 9


 142              	.LFB152:
 284:USB_DEVICE/App/usbd_cdc_if.c ****   uint8_t result = USBD_OK;
 143              		.loc 1 284 1 is_stmt 1 view -0
 144              		.cfi_startproc
 145              		@ args = 0, pretend = 0, frame = 0
 146              		@ frame_needed = 0, uses_anonymous_args = 0
 285:USB_DEVICE/App/usbd_cdc_if.c ****   /* USER CODE BEGIN 12 */
 147              		.loc 1 285 3 view .LVU23
 287:USB_DEVICE/App/usbd_cdc_if.c ****   if (hcdc->TxState != 0)
 148              		.loc 1 287 3 view .LVU24
 287:USB_DEVICE/App/usbd_cdc_if.c ****   if (hcdc->TxState != 0)
 149              		.loc 1 287 27 is_stmt 0 view .LVU25
 150 0000 094B     		ldr	r3, .L16
 151 0002 D3F8BC32 		ldr	r3, [r3, #700]
 152              	.LVL7:
 288:USB_DEVICE/App/usbd_cdc_if.c ****   {
 153              		.loc 1 288 3 is_stmt 1 view .LVU26
 288:USB_DEVICE/App/usbd_cdc_if.c ****   {
 154              		.loc 1 288 11 is_stmt 0 view .LVU27
 155 0006 D3F81432 		ldr	r3, [r3, #532]
 156              	.LVL8:
 288:USB_DEVICE/App/usbd_cdc_if.c ****   {
 157              		.loc 1 288 6 view .LVU28
 158 000a 0BB1     		cbz	r3, .L15
 290:USB_DEVICE/App/usbd_cdc_if.c ****   }
 159              		.loc 1 290 12 view .LVU29
 160 000c 0120     		movs	r0, #1
 161              	.LVL9:
 296:USB_DEVICE/App/usbd_cdc_if.c **** 
 162              		.loc 1 296 1 view .LVU30
 163 000e 7047     		bx	lr
 164              	.LVL10:
 165              	.L15:
 284:USB_DEVICE/App/usbd_cdc_if.c ****   uint8_t result = USBD_OK;
 166              		.loc 1 284 1 view .LVU31
 167 0010 10B5     		push	{r4, lr}
 168              	.LCFI1:
 169              		.cfi_def_cfa_offset 8
 170              		.cfi_offset 4, -8
 171              		.cfi_offset 14, -4
 292:USB_DEVICE/App/usbd_cdc_if.c ****   result = USBD_CDC_TransmitPacket(&hUsbDeviceHS);
 172              		.loc 1 292 3 is_stmt 1 view .LVU32
 173 0012 054C     		ldr	r4, .L16
 174              	.LVL11:
 292:USB_DEVICE/App/usbd_cdc_if.c ****   result = USBD_CDC_TransmitPacket(&hUsbDeviceHS);
 175              		.loc 1 292 3 is_stmt 0 view .LVU33
 176 0014 0A46     		mov	r2, r1
 177 0016 0146     		mov	r1, r0
 178              	.LVL12:
 292:USB_DEVICE/App/usbd_cdc_if.c ****   result = USBD_CDC_TransmitPacket(&hUsbDeviceHS);
 179              		.loc 1 292 3 view .LVU34
 180 0018 2046     		mov	r0, r4
 181              	.LVL13:
 292:USB_DEVICE/App/usbd_cdc_if.c ****   result = USBD_CDC_TransmitPacket(&hUsbDeviceHS);
 182              		.loc 1 292 3 view .LVU35
 183 001a FFF7FEFF 		bl	USBD_CDC_SetTxBuffer
 184              	.LVL14:
ARM GAS  /var/folders/6z/bj4rvlwn0mvdnknwnn42jd6r0000gn/T//ccVHHGIh.s 			page 10


 293:USB_DEVICE/App/usbd_cdc_if.c ****   /* USER CODE END 12 */
 185              		.loc 1 293 3 is_stmt 1 view .LVU36
 293:USB_DEVICE/App/usbd_cdc_if.c ****   /* USER CODE END 12 */
 186              		.loc 1 293 12 is_stmt 0 view .LVU37
 187 001e 2046     		mov	r0, r4
 188 0020 FFF7FEFF 		bl	USBD_CDC_TransmitPacket
 189              	.LVL15:
 295:USB_DEVICE/App/usbd_cdc_if.c **** }
 190              		.loc 1 295 3 is_stmt 1 view .LVU38
 296:USB_DEVICE/App/usbd_cdc_if.c **** 
 191              		.loc 1 296 1 is_stmt 0 view .LVU39
 192 0024 10BD     		pop	{r4, pc}
 193              	.L17:
 194 0026 00BF     		.align	2
 195              	.L16:
 196 0028 00000000 		.word	hUsbDeviceHS
 197              		.cfi_endproc
 198              	.LFE152:
 200              		.section	.text.CDC_Receive_HS,"ax",%progbits
 201              		.align	1
 202              		.syntax unified
 203              		.thumb
 204              		.thumb_func
 206              	CDC_Receive_HS:
 207              	.LVL16:
 208              	.LFB151:
 265:USB_DEVICE/App/usbd_cdc_if.c ****   /* USER CODE BEGIN 11 */
 209              		.loc 1 265 1 is_stmt 1 view -0
 210              		.cfi_startproc
 211              		@ args = 0, pretend = 0, frame = 0
 212              		@ frame_needed = 0, uses_anonymous_args = 0
 265:USB_DEVICE/App/usbd_cdc_if.c ****   /* USER CODE BEGIN 11 */
 213              		.loc 1 265 1 is_stmt 0 view .LVU41
 214 0000 38B5     		push	{r3, r4, r5, lr}
 215              	.LCFI2:
 216              		.cfi_def_cfa_offset 16
 217              		.cfi_offset 3, -16
 218              		.cfi_offset 4, -12
 219              		.cfi_offset 5, -8
 220              		.cfi_offset 14, -4
 221 0002 0446     		mov	r4, r0
 267:USB_DEVICE/App/usbd_cdc_if.c ****   USBD_CDC_ReceivePacket(&hUsbDeviceHS);
 222              		.loc 1 267 3 is_stmt 1 view .LVU42
 223 0004 064D     		ldr	r5, .L20
 224 0006 0146     		mov	r1, r0
 225              	.LVL17:
 267:USB_DEVICE/App/usbd_cdc_if.c ****   USBD_CDC_ReceivePacket(&hUsbDeviceHS);
 226              		.loc 1 267 3 is_stmt 0 view .LVU43
 227 0008 2846     		mov	r0, r5
 228              	.LVL18:
 267:USB_DEVICE/App/usbd_cdc_if.c ****   USBD_CDC_ReceivePacket(&hUsbDeviceHS);
 229              		.loc 1 267 3 view .LVU44
 230 000a FFF7FEFF 		bl	USBD_CDC_SetRxBuffer
 231              	.LVL19:
 268:USB_DEVICE/App/usbd_cdc_if.c **** 
 232              		.loc 1 268 3 is_stmt 1 view .LVU45
 233 000e 2846     		mov	r0, r5
ARM GAS  /var/folders/6z/bj4rvlwn0mvdnknwnn42jd6r0000gn/T//ccVHHGIh.s 			page 11


 234 0010 FFF7FEFF 		bl	USBD_CDC_ReceivePacket
 235              	.LVL20:
 270:USB_DEVICE/App/usbd_cdc_if.c **** 
 236              		.loc 1 270 3 view .LVU46
 237 0014 0121     		movs	r1, #1
 238 0016 2046     		mov	r0, r4
 239 0018 FFF7FEFF 		bl	CDC_Transmit_HS
 240              	.LVL21:
 272:USB_DEVICE/App/usbd_cdc_if.c ****   /* USER CODE END 11 */
 241              		.loc 1 272 3 view .LVU47
 274:USB_DEVICE/App/usbd_cdc_if.c **** 
 242              		.loc 1 274 1 is_stmt 0 view .LVU48
 243 001c 0020     		movs	r0, #0
 244 001e 38BD     		pop	{r3, r4, r5, pc}
 245              	.LVL22:
 246              	.L21:
 274:USB_DEVICE/App/usbd_cdc_if.c **** 
 247              		.loc 1 274 1 view .LVU49
 248              		.align	2
 249              	.L20:
 250 0020 00000000 		.word	hUsbDeviceHS
 251              		.cfi_endproc
 252              	.LFE151:
 254              		.global	USBD_Interface_fops_HS
 255              		.section	.data.USBD_Interface_fops_HS,"aw"
 256              		.align	2
 259              	USBD_Interface_fops_HS:
 260 0000 00000000 		.word	CDC_Init_HS
 261 0004 00000000 		.word	CDC_DeInit_HS
 262 0008 00000000 		.word	CDC_Control_HS
 263 000c 00000000 		.word	CDC_Receive_HS
 264 0010 00000000 		.word	CDC_TransmitCplt_HS
 265              		.global	UserTxBufferHS
 266              		.section	.bss.UserTxBufferHS,"aw",%nobits
 267              		.align	2
 270              	UserTxBufferHS:
 271 0000 00000000 		.space	2048
 271      00000000 
 271      00000000 
 271      00000000 
 271      00000000 
 272              		.global	UserRxBufferHS
 273              		.section	.bss.UserRxBufferHS,"aw",%nobits
 274              		.align	2
 277              	UserRxBufferHS:
 278 0000 00000000 		.space	2048
 278      00000000 
 278      00000000 
 278      00000000 
 278      00000000 
 279              		.text
 280              	.Letext0:
 281              		.file 2 "/Applications/ArmGNUToolchain/14.3.rel1/arm-none-eabi/arm-none-eabi/include/machine/_defa
 282              		.file 3 "/Applications/ArmGNUToolchain/14.3.rel1/arm-none-eabi/arm-none-eabi/include/sys/_stdint.h
 283              		.file 4 "Middlewares/ST/STM32_USB_Device_Library/Core/Inc/usbd_def.h"
 284              		.file 5 "Middlewares/ST/STM32_USB_Device_Library/Class/CDC/Inc/usbd_cdc.h"
 285              		.file 6 "USB_DEVICE/App/usbd_cdc_if.h"
ARM GAS  /var/folders/6z/bj4rvlwn0mvdnknwnn42jd6r0000gn/T//ccVHHGIh.s 			page 12


ARM GAS  /var/folders/6z/bj4rvlwn0mvdnknwnn42jd6r0000gn/T//ccVHHGIh.s 			page 13


DEFINED SYMBOLS
                            *ABS*:00000000 usbd_cdc_if.c
/var/folders/6z/bj4rvlwn0mvdnknwnn42jd6r0000gn/T//ccVHHGIh.s:20     .text.CDC_DeInit_HS:00000000 $t
/var/folders/6z/bj4rvlwn0mvdnknwnn42jd6r0000gn/T//ccVHHGIh.s:25     .text.CDC_DeInit_HS:00000000 CDC_DeInit_HS
/var/folders/6z/bj4rvlwn0mvdnknwnn42jd6r0000gn/T//ccVHHGIh.s:40     .text.CDC_Control_HS:00000000 $t
/var/folders/6z/bj4rvlwn0mvdnknwnn42jd6r0000gn/T//ccVHHGIh.s:45     .text.CDC_Control_HS:00000000 CDC_Control_HS
/var/folders/6z/bj4rvlwn0mvdnknwnn42jd6r0000gn/T//ccVHHGIh.s:65     .text.CDC_TransmitCplt_HS:00000000 $t
/var/folders/6z/bj4rvlwn0mvdnknwnn42jd6r0000gn/T//ccVHHGIh.s:70     .text.CDC_TransmitCplt_HS:00000000 CDC_TransmitCplt_HS
/var/folders/6z/bj4rvlwn0mvdnknwnn42jd6r0000gn/T//ccVHHGIh.s:92     .text.CDC_Init_HS:00000000 $t
/var/folders/6z/bj4rvlwn0mvdnknwnn42jd6r0000gn/T//ccVHHGIh.s:97     .text.CDC_Init_HS:00000000 CDC_Init_HS
/var/folders/6z/bj4rvlwn0mvdnknwnn42jd6r0000gn/T//ccVHHGIh.s:127    .text.CDC_Init_HS:0000001c $d
/var/folders/6z/bj4rvlwn0mvdnknwnn42jd6r0000gn/T//ccVHHGIh.s:270    .bss.UserTxBufferHS:00000000 UserTxBufferHS
/var/folders/6z/bj4rvlwn0mvdnknwnn42jd6r0000gn/T//ccVHHGIh.s:277    .bss.UserRxBufferHS:00000000 UserRxBufferHS
/var/folders/6z/bj4rvlwn0mvdnknwnn42jd6r0000gn/T//ccVHHGIh.s:134    .text.CDC_Transmit_HS:00000000 $t
/var/folders/6z/bj4rvlwn0mvdnknwnn42jd6r0000gn/T//ccVHHGIh.s:140    .text.CDC_Transmit_HS:00000000 CDC_Transmit_HS
/var/folders/6z/bj4rvlwn0mvdnknwnn42jd6r0000gn/T//ccVHHGIh.s:196    .text.CDC_Transmit_HS:00000028 $d
/var/folders/6z/bj4rvlwn0mvdnknwnn42jd6r0000gn/T//ccVHHGIh.s:201    .text.CDC_Receive_HS:00000000 $t
/var/folders/6z/bj4rvlwn0mvdnknwnn42jd6r0000gn/T//ccVHHGIh.s:206    .text.CDC_Receive_HS:00000000 CDC_Receive_HS
/var/folders/6z/bj4rvlwn0mvdnknwnn42jd6r0000gn/T//ccVHHGIh.s:250    .text.CDC_Receive_HS:00000020 $d
/var/folders/6z/bj4rvlwn0mvdnknwnn42jd6r0000gn/T//ccVHHGIh.s:259    .data.USBD_Interface_fops_HS:00000000 USBD_Interface_fops_HS
/var/folders/6z/bj4rvlwn0mvdnknwnn42jd6r0000gn/T//ccVHHGIh.s:256    .data.USBD_Interface_fops_HS:00000000 $d
/var/folders/6z/bj4rvlwn0mvdnknwnn42jd6r0000gn/T//ccVHHGIh.s:267    .bss.UserTxBufferHS:00000000 $d
/var/folders/6z/bj4rvlwn0mvdnknwnn42jd6r0000gn/T//ccVHHGIh.s:274    .bss.UserRxBufferHS:00000000 $d

UNDEFINED SYMBOLS
USBD_CDC_SetTxBuffer
USBD_CDC_SetRxBuffer
hUsbDeviceHS
USBD_CDC_TransmitPacket
USBD_CDC_ReceivePacket
